#
# There is insufficient memory for the Java Runtime Environment to continue.
# Native memory allocation (malloc) failed to allocate 677136 bytes for Chunk::new
# Possible reasons:
#   The system is out of physical RAM or swap space
#   The process is running with CompressedOops enabled, and the Java Heap may be blocking the growth of the native heap
# Possible solutions:
#   Reduce memory load on the system
#   Increase physical memory or swap space
#   Check if swap backing store is full
#   Decrease Java heap size (-Xmx/-Xms)
#   Decrease number of Java threads
#   Decrease Java thread stack sizes (-Xss)
#   Set larger code cache with -XX:ReservedCodeCacheSize=
#   JVM is running with Unscaled Compressed Oops mode in which the Java heap is
#     placed in the first 4GB address space. The Java Heap base address is the
#     maximum limit for the native heap growth. Please use -XX:HeapBaseMinAddress
#     to set the Java Heap base and to place the Java Heap above 4GB virtual address.
# This output file may be truncated or incomplete.
#
#  Out of Memory Error (./src/hotspot/share/memory/arena.cpp:197), pid=11648, tid=1040
#
# JRE version: OpenJDK Runtime Environment Microsoft-7208460 (11.0.18+10) (build 11.0.18+10-LTS)
# Java VM: OpenJDK 64-Bit Server VM Microsoft-7208460 (11.0.18+10-LTS, mixed mode, tiered, compressed oops, g1 gc, windows-amd64)
# No core dump will be written. Minidumps are not enabled by default on client versions of Windows
#

---------------  S U M M A R Y ------------

Command Line: org.jetbrains.kotlin.cli.jvm.K2JVMCompiler @C:\Users\ankit\Desktop\Desktop\S\p1\node_modules\react-native-gradle-plugin\build\20240329_13703448344351903036.compiler.options

Host: AMD Ryzen 5 3550H with Radeon Vega Mobile Gfx  , 8 cores, 5G,  Windows 11 , 64 bit Build 22621 (10.0.22621.3235)
Time: Fri Mar 29 05:21:44 2024 India Standard Time elapsed time: 1.999718 seconds (0d 0h 0m 1s)

---------------  T H R E A D  ---------------

Current thread (0x000002419bdb0800):  JavaThread "C2 CompilerThread0" daemon [_thread_in_native, id=1040, stack(0x000000a884300000,0x000000a884400000)]


Current CompileTask:
C2:   1999 1948   !   4       jdk.internal.loader.BuiltinClassLoader::loadClassOrNull (143 bytes)

Stack: [0x000000a884300000,0x000000a884400000]
Native frames: (J=compiled Java code, j=interpreted, Vv=VM code, C=native code)
V  [jvm.dll+0x62bf8a]
V  [jvm.dll+0x7b8fb9]
V  [jvm.dll+0x7ba6a8]
V  [jvm.dll+0x7bad83]
V  [jvm.dll+0x250248]
V  [jvm.dll+0xc260c]
V  [jvm.dll+0xc2bcc]
V  [jvm.dll+0x2c4e64]
V  [jvm.dll+0x533dcc]
V  [jvm.dll+0x208c26]
V  [jvm.dll+0x20ad9f]
V  [jvm.dll+0x2083eb]
V  [jvm.dll+0x18a4b1]
V  [jvm.dll+0x217eec]
V  [jvm.dll+0x21612b]
V  [jvm.dll+0x77bac0]
V  [jvm.dll+0x7749f4]
V  [jvm.dll+0x62adf5]
C  [ucrtbase.dll+0x29363]
C  [KERNEL32.DLL+0x1257d]
C  [ntdll.dll+0x5aa58]


---------------  P R O C E S S  ---------------

Threads class SMR info:
_java_thread_list=0x000002419bf89010, length=10, elements={
0x00000241fd6c0000, 0x000002419b499800, 0x000002419b4a3000, 0x000002419be06800,
0x000002419be0a000, 0x000002419be0b000, 0x000002419bdb0800, 0x000002419bdb7000,
0x000002419be16000, 0x000002419bf9d800
}

Java Threads: ( => current thread )
  0x00000241fd6c0000 JavaThread "main" [_thread_in_vm, id=6672, stack(0x000000a883700000,0x000000a883800000)]
  0x000002419b499800 JavaThread "Reference Handler" daemon [_thread_blocked, id=8332, stack(0x000000a883e00000,0x000000a883f00000)]
  0x000002419b4a3000 JavaThread "Finalizer" daemon [_thread_blocked, id=5864, stack(0x000000a883f00000,0x000000a884000000)]
  0x000002419be06800 JavaThread "Signal Dispatcher" daemon [_thread_blocked, id=11896, stack(0x000000a884000000,0x000000a884100000)]
  0x000002419be0a000 JavaThread "Attach Listener" daemon [_thread_blocked, id=14184, stack(0x000000a884100000,0x000000a884200000)]
  0x000002419be0b000 JavaThread "Service Thread" daemon [_thread_blocked, id=832, stack(0x000000a884200000,0x000000a884300000)]
=>0x000002419bdb0800 JavaThread "C2 CompilerThread0" daemon [_thread_in_native, id=1040, stack(0x000000a884300000,0x000000a884400000)]
  0x000002419bdb7000 JavaThread "C1 CompilerThread0" daemon [_thread_blocked, id=3856, stack(0x000000a884400000,0x000000a884500000)]
  0x000002419be16000 JavaThread "Sweeper thread" daemon [_thread_blocked, id=13512, stack(0x000000a884500000,0x000000a884600000)]
  0x000002419bf9d800 JavaThread "Common-Cleaner" daemon [_thread_blocked, id=12380, stack(0x000000a884700000,0x000000a884800000)]

Other Threads:
  0x000002419b476000 VMThread "VM Thread" [stack: 0x000000a883d00000,0x000000a883e00000] [id=2324]
  0x000002419bf95000 WatcherThread [stack: 0x000000a884600000,0x000000a884700000] [id=11344]
  0x00000241fd6d7800 GCTaskThread "GC Thread#0" [stack: 0x000000a883800000,0x000000a883900000] [id=1140]
  0x000002419c561800 GCTaskThread "GC Thread#1" [stack: 0x000000a884800000,0x000000a884900000] [id=10080]
  0x00000241fd702800 ConcurrentGCThread "G1 Main Marker" [stack: 0x000000a883900000,0x000000a883a00000] [id=12604]
  0x00000241fd704000 ConcurrentGCThread "G1 Conc#0" [stack: 0x000000a883a00000,0x000000a883b00000] [id=2052]
  0x000002419c8f7800 ConcurrentGCThread "G1 Conc#1" [stack: 0x000000a884900000,0x000000a884a00000] [id=8148]
  0x000002419b2dc800 ConcurrentGCThread "G1 Refine#0" [stack: 0x000000a883b00000,0x000000a883c00000] [id=5608]
  0x000002419b2dd000 ConcurrentGCThread "G1 Young RemSet Sampling" [stack: 0x000000a883c00000,0x000000a883d00000] [id=1588]

Threads with active compile tasks:
C2 CompilerThread0     2032 1948   !   4       jdk.internal.loader.BuiltinClassLoader::loadClassOrNull (143 bytes)

VM state:not at safepoint (normal execution)

VM Mutex/Monitor currently owned by a thread: None

Heap address: 0x00000000a0e00000, size: 1522 MB, Compressed Oops mode: 32-bit
Narrow klass base: 0x0000000000000000, Narrow klass shift: 3
Compressed class space size: 1073741824 Address: 0x0000000100000000

Heap:
 garbage-first heap   total 98304K, used 29863K [0x00000000a0e00000, 0x0000000100000000)
  region size 1024K, 25 young (25600K), 7 survivors (7168K)
 Metaspace       used 26772K, capacity 27217K, committed 27392K, reserved 1073152K
  class space    used 2846K, capacity 3001K, committed 3072K, reserved 1048576K
Heap Regions: E=young(eden), S=young(survivor), O=old, HS=humongous(starts), HC=humongous(continues), CS=collection set, F=free, A=archive, TAMS=top-at-mark-start (previous, next)
|   0|0x00000000a0e00000, 0x00000000a0f00000, 0x00000000a0f00000|100%|HS|  |TAMS 0x00000000a0f00000, 0x00000000a0e00000| Complete 
|   1|0x00000000a0f00000, 0x00000000a1000000, 0x00000000a1000000|100%|HC|  |TAMS 0x00000000a1000000, 0x00000000a0f00000| Complete 
|   2|0x00000000a1000000, 0x00000000a1100000, 0x00000000a1100000|100%|HC|  |TAMS 0x00000000a1100000, 0x00000000a1000000| Complete 
|   3|0x00000000a1100000, 0x00000000a1200000, 0x00000000a1200000|100%|HS|  |TAMS 0x00000000a1100000, 0x00000000a1100000| Complete 
|   4|0x00000000a1200000, 0x00000000a1300000, 0x00000000a1300000|100%|HC|  |TAMS 0x00000000a1200000, 0x00000000a1200000| Complete 
|   5|0x00000000a1300000, 0x00000000a1400000, 0x00000000a1400000|100%|HC|  |TAMS 0x00000000a1300000, 0x00000000a1300000| Complete 
|   6|0x00000000a1400000, 0x00000000a1400000, 0x00000000a1500000|  0%| F|  |TAMS 0x00000000a1400000, 0x00000000a1400000| Untracked 
|   7|0x00000000a1500000, 0x00000000a1500000, 0x00000000a1600000|  0%| F|  |TAMS 0x00000000a1500000, 0x00000000a1500000| Untracked 
|   8|0x00000000a1600000, 0x00000000a1600000, 0x00000000a1700000|  0%| F|  |TAMS 0x00000000a1600000, 0x00000000a1600000| Untracked 
|   9|0x00000000a1700000, 0x00000000a1700000, 0x00000000a1800000|  0%| F|  |TAMS 0x00000000a1700000, 0x00000000a1700000| Untracked 
|  10|0x00000000a1800000, 0x00000000a1800000, 0x00000000a1900000|  0%| F|  |TAMS 0x00000000a1800000, 0x00000000a1800000| Untracked 
|  11|0x00000000a1900000, 0x00000000a1900000, 0x00000000a1a00000|  0%| F|  |TAMS 0x00000000a1900000, 0x00000000a1900000| Untracked 
|  12|0x00000000a1a00000, 0x00000000a1a00000, 0x00000000a1b00000|  0%| F|  |TAMS 0x00000000a1a00000, 0x00000000a1a00000| Untracked 
|  13|0x00000000a1b00000, 0x00000000a1b00000, 0x00000000a1c00000|  0%| F|  |TAMS 0x00000000a1b00000, 0x00000000a1b00000| Untracked 
|  14|0x00000000a1c00000, 0x00000000a1c00000, 0x00000000a1d00000|  0%| F|  |TAMS 0x00000000a1c00000, 0x00000000a1c00000| Untracked 
|  15|0x00000000a1d00000, 0x00000000a1d00000, 0x00000000a1e00000|  0%| F|  |TAMS 0x00000000a1d00000, 0x00000000a1d00000| Untracked 
|  16|0x00000000a1e00000, 0x00000000a1e00000, 0x00000000a1f00000|  0%| F|  |TAMS 0x00000000a1e00000, 0x00000000a1e00000| Untracked 
|  17|0x00000000a1f00000, 0x00000000a1f00000, 0x00000000a2000000|  0%| F|  |TAMS 0x00000000a1f00000, 0x00000000a1f00000| Untracked 
|  18|0x00000000a2000000, 0x00000000a2000000, 0x00000000a2100000|  0%| F|  |TAMS 0x00000000a2000000, 0x00000000a2000000| Untracked 
|  19|0x00000000a2100000, 0x00000000a2100000, 0x00000000a2200000|  0%| F|  |TAMS 0x00000000a2100000, 0x00000000a2100000| Untracked 
|  20|0x00000000a2200000, 0x00000000a2200000, 0x00000000a2300000|  0%| F|  |TAMS 0x00000000a2200000, 0x00000000a2200000| Untracked 
|  21|0x00000000a2300000, 0x00000000a2300000, 0x00000000a2400000|  0%| F|  |TAMS 0x00000000a2300000, 0x00000000a2300000| Untracked 
|  22|0x00000000a2400000, 0x00000000a2400000, 0x00000000a2500000|  0%| F|  |TAMS 0x00000000a2400000, 0x00000000a2400000| Untracked 
|  23|0x00000000a2500000, 0x00000000a2500000, 0x00000000a2600000|  0%| F|  |TAMS 0x00000000a2500000, 0x00000000a2500000| Untracked 
|  24|0x00000000a2600000, 0x00000000a2600000, 0x00000000a2700000|  0%| F|  |TAMS 0x00000000a2600000, 0x00000000a2600000| Untracked 
|  25|0x00000000a2700000, 0x00000000a2700000, 0x00000000a2800000|  0%| F|  |TAMS 0x00000000a2700000, 0x00000000a2700000| Untracked 
|  26|0x00000000a2800000, 0x00000000a2800000, 0x00000000a2900000|  0%| F|  |TAMS 0x00000000a2800000, 0x00000000a2800000| Untracked 
|  27|0x00000000a2900000, 0x00000000a2900000, 0x00000000a2a00000|  0%| F|  |TAMS 0x00000000a2900000, 0x00000000a2900000| Untracked 
|  28|0x00000000a2a00000, 0x00000000a2a00000, 0x00000000a2b00000|  0%| F|  |TAMS 0x00000000a2a00000, 0x00000000a2a00000| Untracked 
|  29|0x00000000a2b00000, 0x00000000a2b00000, 0x00000000a2c00000|  0%| F|  |TAMS 0x00000000a2b00000, 0x00000000a2b00000| Untracked 
|  30|0x00000000a2c00000, 0x00000000a2c00000, 0x00000000a2d00000|  0%| F|  |TAMS 0x00000000a2c00000, 0x00000000a2c00000| Untracked 
|  31|0x00000000a2d00000, 0x00000000a2d00000, 0x00000000a2e00000|  0%| F|  |TAMS 0x00000000a2d00000, 0x00000000a2d00000| Untracked 
|  32|0x00000000a2e00000, 0x00000000a2e00000, 0x00000000a2f00000|  0%| F|  |TAMS 0x00000000a2e00000, 0x00000000a2e00000| Untracked 
|  33|0x00000000a2f00000, 0x00000000a2f00000, 0x00000000a3000000|  0%| F|  |TAMS 0x00000000a2f00000, 0x00000000a2f00000| Untracked 
|  34|0x00000000a3000000, 0x00000000a3000000, 0x00000000a3100000|  0%| F|  |TAMS 0x00000000a3000000, 0x00000000a3000000| Untracked 
|  35|0x00000000a3100000, 0x00000000a3100000, 0x00000000a3200000|  0%| F|  |TAMS 0x00000000a3100000, 0x00000000a3100000| Untracked 
|  36|0x00000000a3200000, 0x00000000a3200000, 0x00000000a3300000|  0%| F|  |TAMS 0x00000000a3200000, 0x00000000a3200000| Untracked 
|  37|0x00000000a3300000, 0x00000000a3300000, 0x00000000a3400000|  0%| F|  |TAMS 0x00000000a3300000, 0x00000000a3300000| Untracked 
|  38|0x00000000a3400000, 0x00000000a3400000, 0x00000000a3500000|  0%| F|  |TAMS 0x00000000a3400000, 0x00000000a3400000| Untracked 
|  39|0x00000000a3500000, 0x00000000a3500000, 0x00000000a3600000|  0%| F|  |TAMS 0x00000000a3500000, 0x00000000a3500000| Untracked 
|  40|0x00000000a3600000, 0x00000000a3600000, 0x00000000a3700000|  0%| F|  |TAMS 0x00000000a3600000, 0x00000000a3600000| Untracked 
|  41|0x00000000a3700000, 0x00000000a3700000, 0x00000000a3800000|  0%| F|  |TAMS 0x00000000a3700000, 0x00000000a3700000| Untracked 
|  42|0x00000000a3800000, 0x00000000a3800000, 0x00000000a3900000|  0%| F|  |TAMS 0x00000000a3800000, 0x00000000a3800000| Untracked 
|  43|0x00000000a3900000, 0x00000000a3900000, 0x00000000a3a00000|  0%| F|  |TAMS 0x00000000a3900000, 0x00000000a3900000| Untracked 
|  44|0x00000000a3a00000, 0x00000000a3a00000, 0x00000000a3b00000|  0%| F|  |TAMS 0x00000000a3a00000, 0x00000000a3a00000| Untracked 
|  45|0x00000000a3b00000, 0x00000000a3b00000, 0x00000000a3c00000|  0%| F|  |TAMS 0x00000000a3b00000, 0x00000000a3b00000| Untracked 
|  46|0x00000000a3c00000, 0x00000000a3c00000, 0x00000000a3d00000|  0%| F|  |TAMS 0x00000000a3c00000, 0x00000000a3c00000| Untracked 
|  47|0x00000000a3d00000, 0x00000000a3d00000, 0x00000000a3e00000|  0%| F|  |TAMS 0x00000000a3d00000, 0x00000000a3d00000| Untracked 
|  48|0x00000000a3e00000, 0x00000000a3e00000, 0x00000000a3f00000|  0%| F|  |TAMS 0x00000000a3e00000, 0x00000000a3e00000| Untracked 
|  49|0x00000000a3f00000, 0x00000000a3f00000, 0x00000000a4000000|  0%| F|  |TAMS 0x00000000a3f00000, 0x00000000a3f00000| Untracked 
|  50|0x00000000a4000000, 0x00000000a4029e90, 0x00000000a4100000| 16%| S|CS|TAMS 0x00000000a4000000, 0x00000000a4000000| Complete 
|  51|0x00000000a4100000, 0x00000000a4200000, 0x00000000a4200000|100%| S|CS|TAMS 0x00000000a4100000, 0x00000000a4100000| Complete 
|  52|0x00000000a4200000, 0x00000000a4300000, 0x00000000a4300000|100%| S|CS|TAMS 0x00000000a4200000, 0x00000000a4200000| Complete 
|  53|0x00000000a4300000, 0x00000000a4400000, 0x00000000a4400000|100%| S|CS|TAMS 0x00000000a4300000, 0x00000000a4300000| Complete 
|  54|0x00000000a4400000, 0x00000000a4500000, 0x00000000a4500000|100%| S|CS|TAMS 0x00000000a4400000, 0x00000000a4400000| Complete 
|  55|0x00000000a4500000, 0x00000000a4600000, 0x00000000a4600000|100%| S|CS|TAMS 0x00000000a4500000, 0x00000000a4500000| Complete 
|  56|0x00000000a4600000, 0x00000000a4700000, 0x00000000a4700000|100%| S|CS|TAMS 0x00000000a4600000, 0x00000000a4600000| Complete 
|  57|0x00000000a4700000, 0x00000000a4700000, 0x00000000a4800000|  0%| F|  |TAMS 0x00000000a4700000, 0x00000000a4700000| Untracked 
|  58|0x00000000a4800000, 0x00000000a4800000, 0x00000000a4900000|  0%| F|  |TAMS 0x00000000a4800000, 0x00000000a4800000| Untracked 
|  59|0x00000000a4900000, 0x00000000a4900000, 0x00000000a4a00000|  0%| F|  |TAMS 0x00000000a4900000, 0x00000000a4900000| Untracked 
|  60|0x00000000a4a00000, 0x00000000a4a00000, 0x00000000a4b00000|  0%| F|  |TAMS 0x00000000a4a00000, 0x00000000a4a00000| Untracked 
|  61|0x00000000a4b00000, 0x00000000a4b00000, 0x00000000a4c00000|  0%| F|  |TAMS 0x00000000a4b00000, 0x00000000a4b00000| Untracked 
|  62|0x00000000a4c00000, 0x00000000a4c00000, 0x00000000a4d00000|  0%| F|  |TAMS 0x00000000a4c00000, 0x00000000a4c00000| Untracked 
|  63|0x00000000a4d00000, 0x00000000a4d00000, 0x00000000a4e00000|  0%| F|  |TAMS 0x00000000a4d00000, 0x00000000a4d00000| Untracked 
|  64|0x00000000a4e00000, 0x00000000a4e00000, 0x00000000a4f00000|  0%| F|  |TAMS 0x00000000a4e00000, 0x00000000a4e00000| Untracked 
|  65|0x00000000a4f00000, 0x00000000a4f00000, 0x00000000a5000000|  0%| F|  |TAMS 0x00000000a4f00000, 0x00000000a4f00000| Untracked 
|  66|0x00000000a5000000, 0x00000000a5000000, 0x00000000a5100000|  0%| F|  |TAMS 0x00000000a5000000, 0x00000000a5000000| Untracked 
|  67|0x00000000a5100000, 0x00000000a5100000, 0x00000000a5200000|  0%| F|  |TAMS 0x00000000a5100000, 0x00000000a5100000| Untracked 
|  68|0x00000000a5200000, 0x00000000a5200000, 0x00000000a5300000|  0%| F|  |TAMS 0x00000000a5200000, 0x00000000a5200000| Untracked 
|  69|0x00000000a5300000, 0x00000000a5300000, 0x00000000a5400000|  0%| F|  |TAMS 0x00000000a5300000, 0x00000000a5300000| Untracked 
|  70|0x00000000a5400000, 0x00000000a5400000, 0x00000000a5500000|  0%| F|  |TAMS 0x00000000a5400000, 0x00000000a5400000| Untracked 
|  71|0x00000000a5500000, 0x00000000a5500000, 0x00000000a5600000|  0%| F|  |TAMS 0x00000000a5500000, 0x00000000a5500000| Untracked 
|  72|0x00000000a5600000, 0x00000000a5600000, 0x00000000a5700000|  0%| F|  |TAMS 0x00000000a5600000, 0x00000000a5600000| Untracked 
|  73|0x00000000a5700000, 0x00000000a5700000, 0x00000000a5800000|  0%| F|  |TAMS 0x00000000a5700000, 0x00000000a5700000| Untracked 
|  74|0x00000000a5800000, 0x00000000a5800000, 0x00000000a5900000|  0%| F|  |TAMS 0x00000000a5800000, 0x00000000a5800000| Untracked 
|  75|0x00000000a5900000, 0x00000000a5900000, 0x00000000a5a00000|  0%| F|  |TAMS 0x00000000a5900000, 0x00000000a5900000| Untracked 
|  76|0x00000000a5a00000, 0x00000000a5a00000, 0x00000000a5b00000|  0%| F|  |TAMS 0x00000000a5a00000, 0x00000000a5a00000| Untracked 
|  77|0x00000000a5b00000, 0x00000000a5b82758, 0x00000000a5c00000| 50%| E|  |TAMS 0x00000000a5b00000, 0x00000000a5b00000| Complete 
|  78|0x00000000a5c00000, 0x00000000a5d00000, 0x00000000a5d00000|100%| E|CS|TAMS 0x00000000a5c00000, 0x00000000a5c00000| Complete 
|  79|0x00000000a5d00000, 0x00000000a5e00000, 0x00000000a5e00000|100%| E|CS|TAMS 0x00000000a5d00000, 0x00000000a5d00000| Complete 
|  80|0x00000000a5e00000, 0x00000000a5f00000, 0x00000000a5f00000|100%| E|CS|TAMS 0x00000000a5e00000, 0x00000000a5e00000| Complete 
|  81|0x00000000a5f00000, 0x00000000a6000000, 0x00000000a6000000|100%| E|CS|TAMS 0x00000000a5f00000, 0x00000000a5f00000| Complete 
|  82|0x00000000a6000000, 0x00000000a6100000, 0x00000000a6100000|100%| E|CS|TAMS 0x00000000a6000000, 0x00000000a6000000| Complete 
|  83|0x00000000a6100000, 0x00000000a6200000, 0x00000000a6200000|100%| E|CS|TAMS 0x00000000a6100000, 0x00000000a6100000| Complete 
|  84|0x00000000a6200000, 0x00000000a6300000, 0x00000000a6300000|100%| E|CS|TAMS 0x00000000a6200000, 0x00000000a6200000| Complete 
|  85|0x00000000a6300000, 0x00000000a6400000, 0x00000000a6400000|100%| E|CS|TAMS 0x00000000a6300000, 0x00000000a6300000| Complete 
|  86|0x00000000a6400000, 0x00000000a6500000, 0x00000000a6500000|100%| E|CS|TAMS 0x00000000a6400000, 0x00000000a6400000| Complete 
|  87|0x00000000a6500000, 0x00000000a6600000, 0x00000000a6600000|100%| E|CS|TAMS 0x00000000a6500000, 0x00000000a6500000| Complete 
|  88|0x00000000a6600000, 0x00000000a6700000, 0x00000000a6700000|100%| E|CS|TAMS 0x00000000a6600000, 0x00000000a6600000| Complete 
|  89|0x00000000a6700000, 0x00000000a6800000, 0x00000000a6800000|100%| E|CS|TAMS 0x00000000a6700000, 0x00000000a6700000| Complete 
|  90|0x00000000a6800000, 0x00000000a6900000, 0x00000000a6900000|100%| E|CS|TAMS 0x00000000a6800000, 0x00000000a6800000| Complete 
|  91|0x00000000a6900000, 0x00000000a6a00000, 0x00000000a6a00000|100%| E|CS|TAMS 0x00000000a6900000, 0x00000000a6900000| Complete 
|  92|0x00000000a6a00000, 0x00000000a6b00000, 0x00000000a6b00000|100%| E|CS|TAMS 0x00000000a6a00000, 0x00000000a6a00000| Complete 
|  93|0x00000000a6b00000, 0x00000000a6c00000, 0x00000000a6c00000|100%| E|CS|TAMS 0x00000000a6b00000, 0x00000000a6b00000| Complete 
|  94|0x00000000a6c00000, 0x00000000a6d00000, 0x00000000a6d00000|100%| E|CS|TAMS 0x00000000a6c00000, 0x00000000a6c00000| Complete 
|  95|0x00000000a6d00000, 0x00000000a6e00000, 0x00000000a6e00000|100%| E|CS|TAMS 0x00000000a6d00000, 0x00000000a6d00000| Complete 

Card table byte_map: [0x00000241fddc0000,0x00000241fe0c0000] _byte_map_base: 0x00000241fd8b9000

Marking Bits (Prev, Next): (CMBitMap*) 0x00000241fd6fbc50, (CMBitMap*) 0x00000241fd6fbc18
 Prev Bits: [0x00000241976a0000, 0x0000024198e68000)
 Next Bits: [0x00000241fe3c0000, 0x00000241ffb88000)

Polling page: 0x00000241fb620000

Metaspace:

Usage:
  Non-class:     23.71 MB capacity,    23.39 MB ( 99%) used,   286.94 KB (  1%) free+waste,    41.63 KB ( <1%) overhead. 
      Class:      2.93 MB capacity,     2.79 MB ( 95%) used,   129.13 KB (  4%) free+waste,    19.50 KB ( <1%) overhead. 
       Both:     26.64 MB capacity,    26.18 MB ( 98%) used,   416.07 KB (  2%) free+waste,    61.13 KB ( <1%) overhead. 

Virtual space:
  Non-class space:       24.00 MB reserved,      23.75 MB ( 99%) committed 
      Class space:        1.00 GB reserved,       3.00 MB ( <1%) committed 
             Both:        1.02 GB reserved,      26.75 MB (  3%) committed 

Chunk freelists:
   Non-Class:  38.00 KB
       Class:  6.00 KB
        Both:  44.00 KB

MaxMetaspaceSize: 17179869184.00 GB
CompressedClassSpaceSize: 1.00 GB
Initial GC threshold: 20.80 MB
Current GC threshold: 35.00 MB
CDS: off

CodeHeap 'non-profiled nmethods': size=120000Kb used=669Kb max_used=669Kb free=119330Kb
 bounds [0x0000024190170000, 0x00000241903e0000, 0x00000241976a0000]
CodeHeap 'profiled nmethods': size=120000Kb used=3634Kb max_used=3634Kb free=116366Kb
 bounds [0x0000024188c40000, 0x0000024188fd0000, 0x0000024190170000]
CodeHeap 'non-nmethods': size=5760Kb used=1222Kb max_used=1230Kb free=4537Kb
 bounds [0x00000241886a0000, 0x0000024188910000, 0x0000024188c40000]
 total_blobs=2468 nmethods=1969 adapters=412
 compilation: enabled
              stopped_count=0, restarted_count=0
 full_count=0

Compilation events (20 events):
Event: 1.932 Thread 0x000002419bdb7000 nmethod 1944 0x0000024188fb6510 code [0x0000024188fb6980, 0x0000024188fb8e08]
Event: 1.937 Thread 0x000002419bdb7000 1945       3       sun.invoke.util.Wrapper::isSubwordOrInt (20 bytes)
Event: 1.937 Thread 0x000002419bdb7000 nmethod 1945 0x0000024188fb9790 code [0x0000024188fb9960, 0x0000024188fb9d78]
Event: 1.937 Thread 0x000002419bdb7000 1946       3       sun.invoke.util.Wrapper::isIntegral (23 bytes)
Event: 1.937 Thread 0x000002419bdb7000 nmethod 1946 0x0000024188fb9e90 code [0x0000024188fba040, 0x0000024188fba298]
Event: 1.937 Thread 0x000002419bdb7000 1947       3       sun.invoke.util.Wrapper::isNumeric (16 bytes)
Event: 1.937 Thread 0x000002419bdb7000 nmethod 1947 0x0000024188fba390 code [0x0000024188fba540, 0x0000024188fba698]
Event: 1.939 Thread 0x000002419bdb0800 1948   !   4       jdk.internal.loader.BuiltinClassLoader::loadClassOrNull (143 bytes)
Event: 1.949 Thread 0x000002419bdb7000 1950   !   3       org.jetbrains.kotlin.com.intellij.util.containers.ConcurrentIntObjectHashMap::setTabAt (32 bytes)
Event: 1.949 Thread 0x000002419bdb7000 nmethod 1950 0x0000024188fba710 code [0x0000024188fba940, 0x0000024188fbb378]
Event: 1.949 Thread 0x000002419bdb7000 1951       3       java.lang.invoke.LambdaForm$MH/0x00000001001af840::invokeExact_MT (27 bytes)
Event: 1.949 Thread 0x000002419bdb7000 nmethod 1951 0x0000024188fbb610 code [0x0000024188fbb820, 0x0000024188fbbf38]
Event: 1.950 Thread 0x000002419bdb7000 1953       3       java.lang.invoke.LambdaForm$DMH/0x000000010017cc40::invokeSpecial (20 bytes)
Event: 1.950 Thread 0x000002419bdb7000 nmethod 1953 0x0000024188fbc190 code [0x0000024188fbc360, 0x0000024188fbc738]
Event: 1.950 Thread 0x000002419bdb7000 1954       3       sun.misc.Unsafe::putObjectVolatile (11 bytes)
Event: 1.950 Thread 0x000002419bdb7000 nmethod 1954 0x0000024188fbc890 code [0x0000024188fbca40, 0x0000024188fbcb98]
Event: 1.950 Thread 0x000002419bdb7000 1952       3       java.lang.invoke.LambdaForm$MH/0x00000001001af040::invoke (38 bytes)
Event: 1.950 Thread 0x000002419bdb7000 nmethod 1952 0x0000024188fbcc10 code [0x0000024188fbcde0, 0x0000024188fbd1b8]
Event: 1.950 Thread 0x000002419bdb7000 1955       3       jdk.internal.org.objectweb.asm.AnnotationVisitor::<init> (35 bytes)
Event: 1.950 Thread 0x000002419bdb7000 nmethod 1955 0x0000024188fbd310 code [0x0000024188fbd4e0, 0x0000024188fbd7c8]

GC Heap History (4 events):
Event: 0.788 GC heap before
{Heap before GC invocations=0 (full 0):
 garbage-first heap   total 98304K, used 27648K [0x00000000a0e00000, 0x0000000100000000)
  region size 1024K, 24 young (24576K), 0 survivors (0K)
 Metaspace       used 12362K, capacity 12472K, committed 12800K, reserved 1060864K
  class space    used 1147K, capacity 1175K, committed 1280K, reserved 1048576K
}
Event: 0.794 GC heap after
{Heap after GC invocations=1 (full 0):
 garbage-first heap   total 98304K, used 5872K [0x00000000a0e00000, 0x0000000100000000)
  region size 1024K, 3 young (3072K), 3 survivors (3072K)
 Metaspace       used 12362K, capacity 12472K, committed 12800K, reserved 1060864K
  class space    used 1147K, capacity 1175K, committed 1280K, reserved 1048576K
}
Event: 1.530 GC heap before
{Heap before GC invocations=1 (full 0):
 garbage-first heap   total 98304K, used 41712K [0x00000000a0e00000, 0x0000000100000000)
  region size 1024K, 39 young (39936K), 3 survivors (3072K)
 Metaspace       used 20974K, capacity 21204K, committed 21248K, reserved 1069056K
  class space    used 2208K, capacity 2283K, committed 2304K, reserved 1048576K
}
Event: 1.544 GC heap after
{Heap after GC invocations=2 (full 0):
 garbage-first heap   total 98304K, used 9383K [0x00000000a0e00000, 0x0000000100000000)
  region size 1024K, 7 young (7168K), 7 survivors (7168K)
 Metaspace       used 20974K, capacity 21204K, committed 21248K, reserved 1069056K
  class space    used 2208K, capacity 2283K, committed 2304K, reserved 1048576K
}

Deoptimization events (20 events):
Event: 1.788 Thread 0x00000241fd6c0000 DEOPT PACKING pc=0x0000024188f76688 sp=0x000000a8837fe8a0
Event: 1.788 Thread 0x00000241fd6c0000 DEOPT UNPACKING pc=0x00000241886ea95e sp=0x000000a8837fdd30 mode 0
Event: 1.788 Thread 0x00000241fd6c0000 DEOPT PACKING pc=0x0000024188f76688 sp=0x000000a8837fe8a0
Event: 1.788 Thread 0x00000241fd6c0000 DEOPT UNPACKING pc=0x00000241886ea95e sp=0x000000a8837fdd30 mode 0
Event: 1.788 Thread 0x00000241fd6c0000 DEOPT PACKING pc=0x0000024188f76688 sp=0x000000a8837fe8a0
Event: 1.788 Thread 0x00000241fd6c0000 DEOPT UNPACKING pc=0x00000241886ea95e sp=0x000000a8837fdd30 mode 0
Event: 1.788 Thread 0x00000241fd6c0000 DEOPT PACKING pc=0x0000024188f76688 sp=0x000000a8837fe8a0
Event: 1.788 Thread 0x00000241fd6c0000 DEOPT UNPACKING pc=0x00000241886ea95e sp=0x000000a8837fdd30 mode 0
Event: 1.788 Thread 0x00000241fd6c0000 DEOPT PACKING pc=0x0000024188f76688 sp=0x000000a8837fe8a0
Event: 1.788 Thread 0x00000241fd6c0000 DEOPT UNPACKING pc=0x00000241886ea95e sp=0x000000a8837fdd30 mode 0
Event: 1.789 Thread 0x00000241fd6c0000 DEOPT PACKING pc=0x0000024188f76688 sp=0x000000a8837fe8a0
Event: 1.789 Thread 0x00000241fd6c0000 DEOPT UNPACKING pc=0x00000241886ea95e sp=0x000000a8837fdd30 mode 0
Event: 1.829 Thread 0x00000241fd6c0000 Uncommon trap: trap_request=0xffffff4d fr.pc=0x0000024190172578 relative=0x0000000000000058
Event: 1.829 Thread 0x00000241fd6c0000 Uncommon trap: reason=unstable_if action=reinterpret pc=0x0000024190172578 method=java.lang.String.isLatin1()Z @ 10 c2
Event: 1.829 Thread 0x00000241fd6c0000 DEOPT PACKING pc=0x0000024190172578 sp=0x000000a8837fd500
Event: 1.829 Thread 0x00000241fd6c0000 DEOPT UNPACKING pc=0x00000241886ea1af sp=0x000000a8837fd490 mode 2
Event: 1.829 Thread 0x00000241fd6c0000 Uncommon trap: trap_request=0xffffffde fr.pc=0x00000241901f8fe8 relative=0x0000000000001328
Event: 1.829 Thread 0x00000241fd6c0000 Uncommon trap: reason=class_check action=maybe_recompile pc=0x00000241901f8fe8 method=java.util.zip.InflaterInputStream.read([BII)I @ 100 c2
Event: 1.829 Thread 0x00000241fd6c0000 DEOPT PACKING pc=0x00000241901f8fe8 sp=0x000000a8837fe8c0
Event: 1.829 Thread 0x00000241fd6c0000 DEOPT UNPACKING pc=0x00000241886ea1af sp=0x000000a8837fe920 mode 2

Classes redefined (0 events):
No events

Internal exceptions (20 events):
Event: 1.136 Thread 0x00000241fd6c0000 Exception <a 'java/lang/NoSuchMethodError'{0x00000000a5a94ae8}: 'int java.lang.invoke.DelegatingMethodHandle$Holder.reinvoke_L(java.lang.Object, java.lang.Object, java.lang.Object, long, int)'> (0x00000000a5a94ae8) thrown at [./src/hotspot/share/interpreter/linkResolver.cpp, line 773]
Event: 1.271 Thread 0x00000241fd6c0000 Exception <a 'java/lang/NoSuchMethodError'{0x00000000a56fa5f0}: 'int java.lang.invoke.DirectMethodHandle$Holder.invokeSpecialIFC(java.lang.Object, java.lang.Object, int)'> (0x00000000a56fa5f0) thrown at [./src/hotspot/share/interpreter/linkResolver.cpp, line 773]
Event: 1.460 Thread 0x00000241fd6c0000 Exception <a 'java/lang/NoSuchMethodError'{0x00000000a4bde6d0}: 'java.lang.Object java.lang.invoke.DirectMethodHandle$Holder.invokeStaticInit(java.lang.Object, int)'> (0x00000000a4bde6d0) thrown at [./src/hotspot/share/interpreter/linkResolver.cpp, line 773]
Event: 1.498 Thread 0x00000241fd6c0000 Exception <a 'java/lang/NoSuchMethodError'{0x00000000a49a3208}: 'long java.lang.invoke.DirectMethodHandle$Holder.invokeStatic(java.lang.Object)'> (0x00000000a49a3208) thrown at [./src/hotspot/share/interpreter/linkResolver.cpp, line 773]
Event: 1.498 Thread 0x00000241fd6c0000 Exception <a 'java/lang/NoSuchMethodError'{0x00000000a49a6060}: 'long java.lang.invoke.DirectMethodHandle$Holder.invokeStaticInit(java.lang.Object)'> (0x00000000a49a6060) thrown at [./src/hotspot/share/interpreter/linkResolver.cpp, line 773]
Event: 1.587 Thread 0x00000241fd6c0000 Exception <a 'java/lang/NoSuchMethodError'{0x00000000a6cca480}: 'int java.lang.invoke.DirectMethodHandle$Holder.invokeStaticInit(java.lang.Object, java.lang.Object, java.lang.Object)'> (0x00000000a6cca480) thrown at [./src/hotspot/share/interpreter/linkResolver.cpp, line 773]
Event: 1.592 Thread 0x00000241fd6c0000 Exception <a 'java/lang/NoSuchMethodError'{0x00000000a6cf5d20}: 'int java.lang.invoke.DirectMethodHandle$Holder.invokeStaticInit(java.lang.Object, java.lang.Object)'> (0x00000000a6cf5d20) thrown at [./src/hotspot/share/interpreter/linkResolver.cpp, line 773]
Event: 1.654 Thread 0x00000241fd6c0000 Exception <a 'java/lang/NoSuchMethodError'{0x00000000a69098e8}: 'void java.lang.invoke.DirectMethodHandle$Holder.invokeSpecial(java.lang.Object, java.lang.Object)'> (0x00000000a69098e8) thrown at [./src/hotspot/share/interpreter/linkResolver.cpp, line 773]
Event: 1.845 Thread 0x00000241fd6c0000 Exception <a 'java/lang/NoSuchMethodError'{0x00000000a6282ed0}: 'java.lang.Object java.lang.invoke.DirectMethodHandle$Holder.invokeStatic(java.lang.Object, java.lang.Object, java.lang.Object, java.lang.Object, java.lang.Object, java.lang.Object, java.lang.Object, java.lang.Object, java.lang.Object, java.lang.Object, java.lang.Object, java.lang.Object, java.lang.Object, java.lang.Object, java.lang.Object)'> (0x00000000a6282ed0) thrown at [./src/hotspot/share/interpreter/linkResolver.cpp, line 773]
Event: 1.847 Thread 0x00000241fd6c0000 Exception <a 'java/lang/NoSuchMethodError'{0x00000000a6290ed8}: 'java.lang.Object java.lang.invoke.DirectMethodHandle$Holder.invokeStatic(java.lang.Object, java.lang.Object, java.lang.Object, java.lang.Object, java.lang.Object, java.lang.Object, java.lang.Object, java.lang.Object, java.lang.Object, java.lang.Object, java.lang.Object, java.lang.Object, java.lang.Object, java.lang.Object, java.lang.Object, java.lang.Object)'> (0x00000000a6290ed8) thrown at [./src/hotspot/share/interpreter/linkResolver.cpp, l
Event: 1.848 Thread 0x00000241fd6c0000 Exception <a 'java/lang/NoSuchMethodError'{0x00000000a629edf0}: 'java.lang.Object java.lang.invoke.DirectMethodHandle$Holder.invokeSpecial(java.lang.Object, java.lang.Object, int, int, java.lang.Object, java.lang.Object, java.lang.Object)'> (0x00000000a629edf0) thrown at [./src/hotspot/share/interpreter/linkResolver.cpp, line 773]
Event: 1.848 Thread 0x00000241fd6c0000 Exception <a 'java/lang/NoSuchMethodError'{0x00000000a62a2628}: 'java.lang.Object java.lang.invoke.DelegatingMethodHandle$Holder.reinvoke_L(java.lang.Object, int, int, java.lang.Object, java.lang.Object, java.lang.Object)'> (0x00000000a62a2628) thrown at [./src/hotspot/share/interpreter/linkResolver.cpp, line 773]
Event: 1.849 Thread 0x00000241fd6c0000 Exception <a 'java/lang/NoSuchMethodError'{0x00000000a62a69b0}: 'java.lang.Object java.lang.invoke.DirectMethodHandle$Holder.invokeStatic(java.lang.Object, java.lang.Object, java.lang.Object, java.lang.Object, int)'> (0x00000000a62a69b0) thrown at [./src/hotspot/share/interpreter/linkResolver.cpp, line 773]
Event: 1.898 Thread 0x00000241fd6c0000 Exception <a 'sun/nio/fs/WindowsException'{0x00000000a61e6c50}> (0x00000000a61e6c50) thrown at [./src/hotspot/share/prims/jni.cpp, line 617]
Event: 1.898 Thread 0x00000241fd6c0000 Exception <a 'sun/nio/fs/WindowsException'{0x00000000a61e74c8}> (0x00000000a61e74c8) thrown at [./src/hotspot/share/prims/jni.cpp, line 617]
Event: 1.898 Thread 0x00000241fd6c0000 Exception <a 'sun/nio/fs/WindowsException'{0x00000000a61e7d50}> (0x00000000a61e7d50) thrown at [./src/hotspot/share/prims/jni.cpp, line 617]
Event: 1.899 Thread 0x00000241fd6c0000 Exception <a 'sun/nio/fs/WindowsException'{0x00000000a61e8748}> (0x00000000a61e8748) thrown at [./src/hotspot/share/prims/jni.cpp, line 617]
Event: 1.899 Thread 0x00000241fd6c0000 Exception <a 'sun/nio/fs/WindowsException'{0x00000000a61e9050}> (0x00000000a61e9050) thrown at [./src/hotspot/share/prims/jni.cpp, line 617]
Event: 1.899 Thread 0x00000241fd6c0000 Exception <a 'sun/nio/fs/WindowsException'{0x00000000a61e9988}> (0x00000000a61e9988) thrown at [./src/hotspot/share/prims/jni.cpp, line 617]
Event: 1.901 Thread 0x00000241fd6c0000 Exception <a 'java/lang/NoSuchMethodError'{0x00000000a61f0198}: 'void java.lang.invoke.DirectMethodHandle$Holder.invokeStatic(java.lang.Object, java.lang.Object, java.lang.Object, java.lang.Object)'> (0x00000000a61f0198) thrown at [./src/hotspot/share/interpreter/linkResolver.cpp, line 773]

Events (20 events):
Event: 1.990 loading class org/jetbrains/kotlin/com/intellij/lang/jvm/types/JvmType
Event: 1.990 loading class org/jetbrains/kotlin/com/intellij/lang/jvm/types/JvmType done
Event: 1.990 loading class org/jetbrains/kotlin/com/intellij/psi/PsiAnnotationOwner
Event: 1.990 loading class org/jetbrains/kotlin/com/intellij/psi/PsiAnnotationOwner done
Event: 1.991 loading class org/jetbrains/kotlin/com/intellij/psi/PsiPrimitiveType
Event: 1.991 loading class org/jetbrains/kotlin/com/intellij/psi/PsiPrimitiveType done
Event: 1.991 loading class org/jetbrains/kotlin/com/intellij/lang/jvm/types/JvmPrimitiveType
Event: 1.991 loading class org/jetbrains/kotlin/com/intellij/lang/jvm/types/JvmPrimitiveType done
Event: 1.991 loading class org/jetbrains/kotlin/com/intellij/psi/PsiType$Stub
Event: 1.991 loading class org/jetbrains/kotlin/com/intellij/psi/PsiType$Stub done
Event: 1.992 loading class org/jetbrains/kotlin/com/intellij/psi/PsiClassType
Event: 1.992 loading class org/jetbrains/kotlin/com/intellij/psi/PsiClassType done
Event: 1.994 loading class org/jetbrains/kotlin/com/intellij/lang/jvm/types/JvmReferenceType
Event: 1.994 loading class org/jetbrains/kotlin/com/intellij/lang/jvm/types/JvmReferenceType done
Event: 1.994 loading class org/jetbrains/kotlin/com/intellij/psi/impl/source/PsiClassReferenceType
Event: 1.994 loading class org/jetbrains/kotlin/com/intellij/psi/impl/source/PsiClassReferenceType done
Event: 1.997 loading class org/jetbrains/kotlin/com/intellij/psi/PsiClassType$Stub
Event: 1.997 loading class org/jetbrains/kotlin/com/intellij/psi/PsiClassType$Stub done
Event: 1.997 loading class org/jetbrains/kotlin/com/intellij/psi/impl/source/PsiImmediateClassType
Event: 1.997 loading class org/jetbrains/kotlin/com/intellij/psi/impl/source/PsiImmediateClassType done


Dynamic libraries:
0x00007ff6bf2c0000 - 0x00007ff6bf2cd000 	C:\Program Files\Microsoft\jdk-11.0.18.10-hotspot\bin\java.exe
0x00007ffc52550000 - 0x00007ffc52766000 	C:\WINDOWS\SYSTEM32\ntdll.dll
0x00007ffc51650000 - 0x00007ffc51714000 	C:\WINDOWS\System32\KERNEL32.DLL
0x00007ffc4fc90000 - 0x00007ffc50036000 	C:\WINDOWS\System32\KERNELBASE.dll
0x00007ffc50180000 - 0x00007ffc50291000 	C:\WINDOWS\System32\ucrtbase.dll
0x00007ffc4acc0000 - 0x00007ffc4acd7000 	C:\Program Files\Microsoft\jdk-11.0.18.10-hotspot\bin\jli.dll
0x00007ffc33420000 - 0x00007ffc33435000 	C:\Program Files\Microsoft\jdk-11.0.18.10-hotspot\bin\VCRUNTIME140.dll
0x00007ffc51c70000 - 0x00007ffc51e1d000 	C:\WINDOWS\System32\USER32.dll
0x00007ffc4fa80000 - 0x00007ffc4faa6000 	C:\WINDOWS\System32\win32u.dll
0x00007ffc41a70000 - 0x00007ffc41d03000 	C:\WINDOWS\WinSxS\amd64_microsoft.windows.common-controls_6595b64144ccf1df_6.0.22621.3235_none_270f74e173860f98\COMCTL32.dll
0x00007ffc51720000 - 0x00007ffc517c7000 	C:\WINDOWS\System32\msvcrt.dll
0x00007ffc50680000 - 0x00007ffc506a9000 	C:\WINDOWS\System32\GDI32.dll
0x00007ffc4fb70000 - 0x00007ffc4fc88000 	C:\WINDOWS\System32\gdi32full.dll
0x00007ffc50040000 - 0x00007ffc500da000 	C:\WINDOWS\System32\msvcp_win.dll
0x00007ffc50cb0000 - 0x00007ffc50ce1000 	C:\WINDOWS\System32\IMM32.DLL
0x00007ffc33380000 - 0x00007ffc3341b000 	C:\Program Files\Microsoft\jdk-11.0.18.10-hotspot\bin\msvcp140.dll
0x00007ffbfea40000 - 0x00007ffbff5d2000 	C:\Program Files\Microsoft\jdk-11.0.18.10-hotspot\bin\server\jvm.dll
0x00007ffc51e20000 - 0x00007ffc51ed2000 	C:\WINDOWS\System32\ADVAPI32.dll
0x00007ffc51bc0000 - 0x00007ffc51c68000 	C:\WINDOWS\System32\sechost.dll
0x00007ffc50150000 - 0x00007ffc50178000 	C:\WINDOWS\System32\bcrypt.dll
0x00007ffc517d0000 - 0x00007ffc518e5000 	C:\WINDOWS\System32\RPCRT4.dll
0x00007ffc50c40000 - 0x00007ffc50c48000 	C:\WINDOWS\System32\PSAPI.DLL
0x00007ffc4ac30000 - 0x00007ffc4ac39000 	C:\WINDOWS\SYSTEM32\WSOCK32.dll
0x00007ffc48f30000 - 0x00007ffc48f64000 	C:\WINDOWS\SYSTEM32\WINMM.dll
0x00007ffc47f40000 - 0x00007ffc47f4a000 	C:\WINDOWS\SYSTEM32\VERSION.dll
0x00007ffc502a0000 - 0x00007ffc50311000 	C:\WINDOWS\System32\WS2_32.dll
0x00007ffc4e940000 - 0x00007ffc4e958000 	C:\WINDOWS\SYSTEM32\kernel.appcore.dll
0x00007ffc4a0b0000 - 0x00007ffc4a0c0000 	C:\Program Files\Microsoft\jdk-11.0.18.10-hotspot\bin\verify.dll
0x00007ffc4d2d0000 - 0x00007ffc4d503000 	C:\WINDOWS\SYSTEM32\DBGHELP.DLL
0x00007ffc508b0000 - 0x00007ffc50c38000 	C:\WINDOWS\System32\combase.dll
0x00007ffc507d0000 - 0x00007ffc508a7000 	C:\WINDOWS\System32\OLEAUT32.dll
0x00007ffc31da0000 - 0x00007ffc31dd2000 	C:\WINDOWS\SYSTEM32\dbgcore.DLL
0x00007ffc4f890000 - 0x00007ffc4f90a000 	C:\WINDOWS\System32\bcryptPrimitives.dll
0x00007ffc33350000 - 0x00007ffc33378000 	C:\Program Files\Microsoft\jdk-11.0.18.10-hotspot\bin\java.dll
0x00007ffc47440000 - 0x00007ffc4744a000 	C:\Program Files\Microsoft\jdk-11.0.18.10-hotspot\bin\jimage.dll
0x00007ffc33330000 - 0x00007ffc33348000 	C:\Program Files\Microsoft\jdk-11.0.18.10-hotspot\bin\zip.dll
0x00007ffc50df0000 - 0x00007ffc5164d000 	C:\WINDOWS\System32\SHELL32.dll
0x00007ffc4d7f0000 - 0x00007ffc4e0e8000 	C:\WINDOWS\SYSTEM32\windows.storage.dll
0x00007ffc4d6b0000 - 0x00007ffc4d7ee000 	C:\WINDOWS\SYSTEM32\wintypes.dll
0x00007ffc50cf0000 - 0x00007ffc50de3000 	C:\WINDOWS\System32\SHCORE.dll
0x00007ffc50c50000 - 0x00007ffc50cae000 	C:\WINDOWS\System32\shlwapi.dll
0x00007ffc4f7c0000 - 0x00007ffc4f7e6000 	C:\WINDOWS\SYSTEM32\profapi.dll
0x00007ffc33310000 - 0x00007ffc33329000 	C:\Program Files\Microsoft\jdk-11.0.18.10-hotspot\bin\net.dll
0x00007ffc492e0000 - 0x00007ffc49417000 	C:\WINDOWS\SYSTEM32\WINHTTP.dll
0x00007ffc4ee40000 - 0x00007ffc4eea9000 	C:\WINDOWS\system32\mswsock.dll
0x00007ffc332f0000 - 0x00007ffc33303000 	C:\Program Files\Microsoft\jdk-11.0.18.10-hotspot\bin\nio.dll

dbghelp: loaded successfully - version: 4.0.5 - missing functions: none
symbol engine: initialized successfully - sym options: 0x614 - pdb path: .;C:\Program Files\Microsoft\jdk-11.0.18.10-hotspot\bin;C:\WINDOWS\SYSTEM32;C:\WINDOWS\WinSxS\amd64_microsoft.windows.common-controls_6595b64144ccf1df_6.0.22621.3235_none_270f74e173860f98;C:\Program Files\Microsoft\jdk-11.0.18.10-hotspot\bin\server

VM Arguments:
java_command: org.jetbrains.kotlin.cli.jvm.K2JVMCompiler @C:\Users\ankit\Desktop\Desktop\S\p1\node_modules\react-native-gradle-plugin\build\20240329_13703448344351903036.compiler.options
java_class_path (initial): C:\Users\ankit\.gradle\caches\modules-2\files-2.1\org.jetbrains.kotlin\kotlin-compiler-embeddable\1.6.10\88f2073f4020cdb83132cfe940ceb9a60aba54ea\kotlin-compiler-embeddable-1.6.10.jar;C:\Users\ankit\.gradle\caches\modules-2\files-2.1\org.jetbrains.kotlin\kotlin-reflect\1.6.10\1cbe9c92c12a94eea200d23c2bbaedaf3daf5132\kotlin-reflect-1.6.10.jar;C:\Users\ankit\.gradle\caches\modules-2\files-2.1\org.jetbrains.kotlin\kotlin-stdlib\1.6.10\b8af3fe6f1ca88526914929add63cf5e7c5049af\kotlin-stdlib-1.6.10.jar;C:\Users\ankit\.gradle\caches\modules-2\files-2.1\org.jetbrains.kotlin\kotlin-script-runtime\1.6.10\d0a7ff2e2500ef497ed0214ae40ad3c8387a6164\kotlin-script-runtime-1.6.10.jar;C:\Users\ankit\.gradle\caches\modules-2\files-2.1\org.jetbrains.kotlin\kotlin-daemon-embeddable\1.6.10\a56d79bcbea411fa6058e4ecffc2de73e742bd2a\kotlin-daemon-embeddable-1.6.10.jar;C:\Users\ankit\.gradle\caches\modules-2\files-2.1\org.jetbrains.intellij.deps\trove4j\1.0.20181211\216c2e14b070f334479d800987affe4054cd563f\trove4j-1.0.20181211.jar;C:\Users\ankit\.gradle\caches\modules-2\files-2.1\net.java.dev.jna\jna\5.6.0\330f2244e9030119ab3030fc3fededc86713d9cc\jna-5.6.0.jar;C:\Users\ankit\.gradle\caches\modules-2\files-2.1\org.jetbrains\annotations\13.0\919f0dfe192fb4e063e7dacadee7f8bb9a2672a9\annotations-13.0.jar;C:\Users\ankit\.gradle\caches\modules-2\files-2.1\org.jetbrains.kotlin\kotlin-stdlib-common\1.6.10\c118700e3a33c8a0d9adc920e9dec0831171925\kotlin-stdlib-common-1.6.10.jar
Launcher Type: SUN_STANDARD

[Global flags]
     intx CICompilerCount                          = 4                                         {product} {ergonomic}
     uint ConcGCThreads                            = 2                                         {product} {ergonomic}
     uint G1ConcRefinementThreads                  = 8                                         {product} {ergonomic}
   size_t G1HeapRegionSize                         = 1048576                                   {product} {ergonomic}
    uintx GCDrainStackTargetSize                   = 64                                        {product} {ergonomic}
   size_t InitialHeapSize                          = 100663296                                 {product} {ergonomic}
   size_t MarkStackSize                            = 4194304                                   {product} {ergonomic}
   size_t MaxHeapSize                              = 1595932672                                {product} {ergonomic}
   size_t MaxNewSize                               = 957349888                                 {product} {ergonomic}
   size_t MinHeapDeltaBytes                        = 1048576                                   {product} {ergonomic}
    uintx NonNMethodCodeHeapSize                   = 5836300                                {pd product} {ergonomic}
    uintx NonProfiledCodeHeapSize                  = 122910970                              {pd product} {ergonomic}
    uintx ProfiledCodeHeapSize                     = 122910970                              {pd product} {ergonomic}
    uintx ReservedCodeCacheSize                    = 251658240                              {pd product} {ergonomic}
     bool SegmentedCodeCache                       = true                                      {product} {ergonomic}
     bool UseCompressedClassPointers               = true                                 {lp64_product} {ergonomic}
     bool UseCompressedOops                        = true                                 {lp64_product} {ergonomic}
     bool UseG1GC                                  = true                                      {product} {ergonomic}
     bool UseLargePagesIndividualAllocation        = false                                  {pd product} {ergonomic}

Logging:
Log output configuration:
 #0: stdout all=warning uptime,level,tags
 #1: stderr all=off uptime,level,tags

Environment Variables:
JAVA_HOME=C:\Program Files\Microsoft\jdk-11.0.18.10-hotspot\
CLASSPATH=C:\Users\ankit\Desktop\Desktop\S\p1\android\\gradle\wrapper\gradle-wrapper.jar
PATH=C:\Program Files\Eclipse Adoptium\jre-21.0.2.13-hotspot\bin;C:\Program Files (x86)\Common Files\Intel\Shared Libraries\redist\intel64\compiler;C:\Program Files\Common Files\Oracle\Java\javapath;C:\Program Files\Microsoft\jdk-11.0.18.10-hotspot\bin;C:\Windows\system32;C:\Windows;C:\Windows\System32\Wbem;C:\Windows\System32\WindowsPowerShell\v1.0\;C:\Windows\System32\OpenSSH\;C:\Program Files (x86)\NVIDIA Corporation\PhysX\Common;C:\Program Files\NVIDIA Corporation\NVIDIA NvDLISR;C:\WINDOWS\system32;C:\WINDOWS;C:\WINDOWS\System32\Wbem;C:\WINDOWS\System32\WindowsPowerShell\v1.0\;C:\WINDOWS\System32\OpenSSH\;C:\Program Files\Git\cmd;C:\Program Files\nodejs\;C:\ProgramData\chocolatey\bin;C:\Program Files\Cloudflare\Cloudflare WARP\;C:\Users\ankit\AppData\Local\Android\Sdk\tools;C:\Users\ankit\AppData\Local\Programs\Python\Python311\Scripts\;C:\Users\ankit\AppData\Local\Programs\Python\Python311\;C:\Users\ankit\AppData\Local\Microsoft\WindowsApps;C:\Users\ankit\AppData\Local\Programs\Microsoft VS Code\bin;C:\Users\ankit\AppData\Roaming\npm;C:\Users\ankit\AppData\Local\Android\Sdk\platform-tools;C:\Program Files\Java\jdk-18.0.2.1\bin;C:\Users\ankit\AppData\Local\Programs\Python\Python311\Scripts;C:\Users\ankit\AppData\Local\Programs\Python\Python311\Scripts;C:\MinGW\bin;
USERNAME=ankit
LANG=en_US.UTF-8
OS=Windows_NT
PROCESSOR_IDENTIFIER=AMD64 Family 23 Model 24 Stepping 1, AuthenticAMD
TMP=C:\Users\ankit\AppData\Local\Temp
TEMP=C:\Users\ankit\AppData\Local\Temp



---------------  S Y S T E M  ---------------

OS: Windows 11 , 64 bit Build 22621 (10.0.22621.3235)
OS uptime: 0 days 0:25 hours

CPU:total 8 (initial active 8) (8 cores per cpu, 2 threads per core) family 23 model 24 stepping 1 microcode 0x0, cmov, cx8, fxsr, mmx, sse, sse2, sse3, ssse3, sse4.1, sse4.2, popcnt, avx, avx2, aes, clmul, mmxext, 3dnowpref, lzcnt, sse4a, ht, tsc, tscinvbit, tscinv, bmi1, bmi2, adx, sha, fma

Memory: 4k page, system-wide physical 6081M (300M free)
TotalPageFile size 11201M (AvailPageFile size 0M)
current process WorkingSet (physical memory assigned to process): 129M, peak: 129M
current process commit charge ("private bytes"): 216M, peak: 216M

vm_info: OpenJDK 64-Bit Server VM (11.0.18+10-LTS) for windows-amd64 JRE (11.0.18+10-LTS), built on Jan 18 2023 15:56:47 by "MicrosoftCorporation" with MS VC++ 15.9 (VS2017)

END.
