#
# There is insufficient memory for the Java Runtime Environment to continue.
# Native memory allocation (mmap) failed to map 67108864 bytes for Failed to commit area from 0x00000000fc000000 to 0x0000000100000000 of length 67108864.
# Possible reasons:
#   The system is out of physical RAM or swap space
#   The process is running with CompressedOops enabled, and the Java Heap may be blocking the growth of the native heap
# Possible solutions:
#   Reduce memory load on the system
#   Increase physical memory or swap space
#   Check if swap backing store is full
#   Decrease Java heap size (-Xmx/-Xms)
#   Decrease number of Java threads
#   Decrease Java thread stack sizes (-Xss)
#   Set larger code cache with -XX:ReservedCodeCacheSize=
# This output file may be truncated or incomplete.
#
#  Out of Memory Error (./src/hotspot/os/windows/os_windows.cpp:3386), pid=13600, tid=9348
#
# JRE version:  (11.0.18+10) (build )
# Java VM: OpenJDK 64-Bit Server VM (11.0.18+10-LTS, mixed mode, sharing, tiered, compressed oops, g1 gc, windows-amd64)
# No core dump will be written. Minidumps are not enabled by default on client versions of Windows
#

---------------  S U M M A R Y ------------

Command Line: -Xmx64m -Xms64m -Dorg.gradle.appname=gradlew org.gradle.wrapper.GradleWrapperMain app:installDebug -PreactNativeDevServerPort=8081

Host: AMD Ryzen 5 3550H with Radeon Vega Mobile Gfx  , 8 cores, 5G,  Windows 11 , 64 bit Build 22621 (10.0.22621.3235)
Time: Fri Mar 29 05:09:49 2024 India Standard Time elapsed time: 0.015636 seconds (0d 0h 0m 0s)

---------------  T H R E A D  ---------------

Current thread (0x000001c71a909800):  JavaThread "Unknown thread" [_thread_in_vm, id=9348, stack(0x00000022da400000,0x00000022da500000)]

Stack: [0x00000022da400000,0x00000022da500000]
Native frames: (J=compiled Java code, j=interpreted, Vv=VM code, C=native code)
V  [jvm.dll+0x62bf8a]
V  [jvm.dll+0x7b8fb9]
V  [jvm.dll+0x7ba6a8]
V  [jvm.dll+0x7bad83]
V  [jvm.dll+0x250248]
V  [jvm.dll+0x62929a]
V  [jvm.dll+0x61d855]
V  [jvm.dll+0x30c32c]
V  [jvm.dll+0x30c1b2]
V  [jvm.dll+0x310ec6]
V  [jvm.dll+0x356f0f]
V  [jvm.dll+0x356940]
V  [jvm.dll+0x2e9348]
V  [jvm.dll+0x2ea4a6]
V  [jvm.dll+0x792e07]
V  [jvm.dll+0x79458f]
V  [jvm.dll+0x363c69]
V  [jvm.dll+0x775d70]
V  [jvm.dll+0x3d297f]
V  [jvm.dll+0x3d4d11]
C  [jli.dll+0x5207]
C  [ucrtbase.dll+0x29363]
C  [KERNEL32.DLL+0x1257d]
C  [ntdll.dll+0x5aa58]


---------------  P R O C E S S  ---------------

Threads class SMR info:
_java_thread_list=0x000001c718773b50, length=0, elements={
}

Java Threads: ( => current thread )

Other Threads:
  0x000001c71a923000 GCTaskThread "GC Thread#0" [stack: 0x00000022da500000,0x00000022da600000] [id=8852]
  0x000001c71a929800 ConcurrentGCThread "G1 Main Marker" [stack: 0x00000022da600000,0x00000022da700000] [id=12844]
  0x000001c71a92a800 ConcurrentGCThread "G1 Conc#0" [stack: 0x00000022da700000,0x00000022da800000] [id=12840]

[error occurred during error reporting (printing all threads), id 0xc0000005, EXCEPTION_ACCESS_VIOLATION (0xc0000005) at pc=0x00007ffc0c6e8b17]

VM state:not at safepoint (not fully initialized)

VM Mutex/Monitor currently owned by a thread:  ([mutex/lock_event])
[0x000001c71a906ec0] Heap_lock - owner thread: 0x000001c71a909800

Heap address: 0x00000000fc000000, size: 64 MB, Compressed Oops mode: Non-zero based: 0x00000000fc000000
Narrow klass base: 0x0000000000000000, Narrow klass shift: 0

GC Heap History (0 events):
No events

Deoptimization events (0 events):
No events

Classes redefined (0 events):
No events

Internal exceptions (0 events):
No events

Events (1 events):
Event: 0.011 Loaded shared library C:\Program Files\Microsoft\jdk-11.0.18.10-hotspot\bin\zip.dll


Dynamic libraries:
0x00007ff73ae90000 - 0x00007ff73ae9d000 	C:\Program Files\Microsoft\jdk-11.0.18.10-hotspot\bin\java.exe
0x00007ffc52550000 - 0x00007ffc52766000 	C:\WINDOWS\SYSTEM32\ntdll.dll
0x00007ffc51650000 - 0x00007ffc51714000 	C:\WINDOWS\System32\KERNEL32.DLL
0x00007ffc4fc90000 - 0x00007ffc50036000 	C:\WINDOWS\System32\KERNELBASE.dll
0x00007ffc50180000 - 0x00007ffc50291000 	C:\WINDOWS\System32\ucrtbase.dll
0x00007ffc2b4e0000 - 0x00007ffc2b4f5000 	C:\Program Files\Microsoft\jdk-11.0.18.10-hotspot\bin\VCRUNTIME140.dll
0x00007ffc4acd0000 - 0x00007ffc4ace7000 	C:\Program Files\Microsoft\jdk-11.0.18.10-hotspot\bin\jli.dll
0x00007ffc51c70000 - 0x00007ffc51e1d000 	C:\WINDOWS\System32\USER32.dll
0x00007ffc41a70000 - 0x00007ffc41d03000 	C:\WINDOWS\WinSxS\amd64_microsoft.windows.common-controls_6595b64144ccf1df_6.0.22621.3235_none_270f74e173860f98\COMCTL32.dll
0x00007ffc4fa80000 - 0x00007ffc4faa6000 	C:\WINDOWS\System32\win32u.dll
0x00007ffc51720000 - 0x00007ffc517c7000 	C:\WINDOWS\System32\msvcrt.dll
0x00007ffc50680000 - 0x00007ffc506a9000 	C:\WINDOWS\System32\GDI32.dll
0x00007ffc4fb70000 - 0x00007ffc4fc88000 	C:\WINDOWS\System32\gdi32full.dll
0x00007ffc50040000 - 0x00007ffc500da000 	C:\WINDOWS\System32\msvcp_win.dll
0x00007ffc50cb0000 - 0x00007ffc50ce1000 	C:\WINDOWS\System32\IMM32.DLL
0x00007ffc19730000 - 0x00007ffc197cb000 	C:\Program Files\Microsoft\jdk-11.0.18.10-hotspot\bin\msvcp140.dll
0x00007ffc0c3f0000 - 0x00007ffc0cf82000 	C:\Program Files\Microsoft\jdk-11.0.18.10-hotspot\bin\server\jvm.dll
0x00007ffc51e20000 - 0x00007ffc51ed2000 	C:\WINDOWS\System32\ADVAPI32.dll
0x00007ffc51bc0000 - 0x00007ffc51c68000 	C:\WINDOWS\System32\sechost.dll
0x00007ffc50150000 - 0x00007ffc50178000 	C:\WINDOWS\System32\bcrypt.dll
0x00007ffc517d0000 - 0x00007ffc518e5000 	C:\WINDOWS\System32\RPCRT4.dll
0x00007ffc50c40000 - 0x00007ffc50c48000 	C:\WINDOWS\System32\PSAPI.DLL
0x00007ffc4ac30000 - 0x00007ffc4ac39000 	C:\WINDOWS\SYSTEM32\WSOCK32.dll
0x00007ffc48f30000 - 0x00007ffc48f64000 	C:\WINDOWS\SYSTEM32\WINMM.dll
0x00007ffc47f40000 - 0x00007ffc47f4a000 	C:\WINDOWS\SYSTEM32\VERSION.dll
0x00007ffc502a0000 - 0x00007ffc50311000 	C:\WINDOWS\System32\WS2_32.dll
0x00007ffc4e940000 - 0x00007ffc4e958000 	C:\WINDOWS\SYSTEM32\kernel.appcore.dll
0x00007ffc4a0b0000 - 0x00007ffc4a0c0000 	C:\Program Files\Microsoft\jdk-11.0.18.10-hotspot\bin\verify.dll
0x00007ffc4d2d0000 - 0x00007ffc4d503000 	C:\WINDOWS\SYSTEM32\DBGHELP.DLL
0x00007ffc508b0000 - 0x00007ffc50c38000 	C:\WINDOWS\System32\combase.dll
0x00007ffc507d0000 - 0x00007ffc508a7000 	C:\WINDOWS\System32\OLEAUT32.dll
0x00007ffc31da0000 - 0x00007ffc31dd2000 	C:\WINDOWS\SYSTEM32\dbgcore.DLL
0x00007ffc4f890000 - 0x00007ffc4f90a000 	C:\WINDOWS\System32\bcryptPrimitives.dll
0x00007ffc275f0000 - 0x00007ffc27618000 	C:\Program Files\Microsoft\jdk-11.0.18.10-hotspot\bin\java.dll
0x00007ffc47440000 - 0x00007ffc4744a000 	C:\Program Files\Microsoft\jdk-11.0.18.10-hotspot\bin\jimage.dll
0x00007ffc24fc0000 - 0x00007ffc24fd8000 	C:\Program Files\Microsoft\jdk-11.0.18.10-hotspot\bin\zip.dll

dbghelp: loaded successfully - version: 4.0.5 - missing functions: none
symbol engine: initialized successfully - sym options: 0x614 - pdb path: .;C:\Program Files\Microsoft\jdk-11.0.18.10-hotspot\bin;C:\WINDOWS\SYSTEM32;C:\WINDOWS\WinSxS\amd64_microsoft.windows.common-controls_6595b64144ccf1df_6.0.22621.3235_none_270f74e173860f98;C:\Program Files\Microsoft\jdk-11.0.18.10-hotspot\bin\server

VM Arguments:
jvm_args: -Xmx64m -Xms64m -Dorg.gradle.appname=gradlew 
java_command: org.gradle.wrapper.GradleWrapperMain app:installDebug -PreactNativeDevServerPort=8081
java_class_path (initial): C:\Users\ankit\Desktop\Desktop\S\p1\android\\gradle\wrapper\gradle-wrapper.jar
Launcher Type: SUN_STANDARD

[Global flags]
     intx CICompilerCount                          = 4                                         {product} {ergonomic}
     uint ConcGCThreads                            = 2                                         {product} {ergonomic}
     uint G1ConcRefinementThreads                  = 8                                         {product} {ergonomic}
   size_t G1HeapRegionSize                         = 1048576                                   {product} {ergonomic}
    uintx GCDrainStackTargetSize                   = 64                                        {product} {ergonomic}
   size_t InitialHeapSize                          = 67108864                                  {product} {command line}
   size_t MarkStackSize                            = 4194304                                   {product} {ergonomic}
   size_t MaxHeapSize                              = 67108864                                  {product} {command line}
   size_t MinHeapDeltaBytes                        = 1048576                                   {product} {ergonomic}
    uintx NonNMethodCodeHeapSize                   = 5836300                                {pd product} {ergonomic}
    uintx NonProfiledCodeHeapSize                  = 122910970                              {pd product} {ergonomic}
    uintx ProfiledCodeHeapSize                     = 122910970                              {pd product} {ergonomic}
    uintx ReservedCodeCacheSize                    = 251658240                              {pd product} {ergonomic}
     bool SegmentedCodeCache                       = true                                      {product} {ergonomic}
     bool UseCompressedClassPointers               = true                                 {lp64_product} {ergonomic}
     bool UseCompressedOops                        = true                                 {lp64_product} {ergonomic}
     bool UseG1GC                                  = true                                      {product} {ergonomic}
     bool UseLargePagesIndividualAllocation        = false                                  {pd product} {ergonomic}

Logging:
Log output configuration:
 #0: stdout all=warning uptime,level,tags
 #1: stderr all=off uptime,level,tags

Environment Variables:
JAVA_HOME=C:\Program Files\Microsoft\jdk-11.0.18.10-hotspot\
CLASSPATH=C:\Users\ankit\Desktop\Desktop\S\p1\android\\gradle\wrapper\gradle-wrapper.jar
PATH=C:\Users\ankit\Desktop\Desktop\S\p1\android\node_modules\.bin;C:\Users\ankit\Desktop\Desktop\S\p1\node_modules\.bin;C:\Users\ankit\Desktop\Desktop\S\node_modules\.bin;C:\Users\ankit\Desktop\Desktop\node_modules\.bin;C:\Users\ankit\Desktop\node_modules\.bin;C:\Users\ankit\node_modules\.bin;C:\Users\node_modules\.bin;C:\node_modules\.bin;C:\Program Files\nodejs;C:\Users\ankit\Desktop\Desktop\S\p1\node_modules\.bin;C:\Users\ankit\Desktop\Desktop\S\p1\node_modules\.bin;C:\Users\ankit\Desktop\Desktop\S\node_modules\.bin;C:\Users\ankit\Desktop\Desktop\node_modules\.bin;C:\Users\ankit\Desktop\node_modules\.bin;C:\Users\ankit\node_modules\.bin;C:\Users\node_modules\.bin;C:\node_modules\.bin;C:\Program Files\nodejs\node_modules\npm\node_modules\@npmcli\run-script\lib\node-gyp-bin;C:\Users\ankit\Desktop\Desktop\S\p1\node_modules\.bin;C:\Users\ankit\Desktop\Desktop\S\node_modules\.bin;C:\Users\ankit\Desktop\Desktop\node_modules\.bin;C:\Users\ankit\Desktop\node_modules\.bin;C:\Users\ankit\node_modules\.bin;C:\Users\node_modules\.bin;C:\node_modules\.bin;C:\Program Files\nodejs;C:\Users\ankit\Desktop\Desktop\S\p1\node_modules\react-native\scripts\node_modules\.bin;C:\Users\ankit\Desktop\Desktop\S\p1\node_modules\react-native\node_modules\.bin;C:\Users\ankit\Desktop\Desktop\S\p1\node_modules\node_modules\.bin;C:\Users\ankit\Desktop\Desktop\S\p1\node_modules\.bin;C:\Users\ankit\Desktop\Desktop\S\node_modules\.bin;C:\Users\ankit\Desktop\Desktop\node_modules\.bin;C:\Users\ankit\Desktop\node_modules\.bin;C:\Users\ankit\node_modules\.bin;C:\Users\node_modules\.bin;C:\node_modules\.bin;C:\Program Files\nodejs;C:\Users\ankit\Desktop\Desktop\S\p1\node_modules\.bin;C:\Users\ankit\Desktop\Desktop\S\p1\node_modules\.bin;C:\Users\ankit\Desktop\Desktop\S\node_modules\.bin;C:\Users\ankit\Desktop\Desktop\node_modules\.bin;C:\Users\ankit\Desktop\node_modules\.bin;C:\Users\ankit\node_modules\.bin;C:\Users\node_modules\.bin;C:\node_modules\.bin;C:\Program Files\nodejs\node_modules\npm\node_modul
USERNAME=ankit
LANG=en_US.UTF-8
OS=Windows_NT
PROCESSOR_IDENTIFIER=AMD64 Family 23 Model 24 Stepping 1, AuthenticAMD
TMP=C:\Users\ankit\AppData\Local\Temp
TEMP=C:\Users\ankit\AppData\Local\Temp



---------------  S Y S T E M  ---------------

OS: Windows 11 , 64 bit Build 22621 (10.0.22621.3235)
OS uptime: 0 days 0:13 hours

CPU:total 8 (initial active 8) (8 cores per cpu, 2 threads per core) family 23 model 24 stepping 1 microcode 0x0, cmov, cx8, fxsr, mmx, sse, sse2, sse3, ssse3, sse4.1, sse4.2, popcnt, avx, avx2, aes, clmul, mmxext, 3dnowpref, lzcnt, sse4a, ht, tsc, tscinvbit, tscinv, bmi1, bmi2, adx, sha, fma

Memory: 4k page, system-wide physical 6081M (278M free)
TotalPageFile size 11201M (AvailPageFile size 30M)
current process WorkingSet (physical memory assigned to process): 10M, peak: 10M
current process commit charge ("private bytes"): 59M, peak: 123M

vm_info: OpenJDK 64-Bit Server VM (11.0.18+10-LTS) for windows-amd64 JRE (11.0.18+10-LTS), built on Jan 18 2023 15:56:47 by "MicrosoftCorporation" with MS VC++ 15.9 (VS2017)

END.
