#
# There is insufficient memory for the Java Runtime Environment to continue.
# Native memory allocation (malloc) failed to allocate 32744 bytes for ChunkPool::allocate
# Possible reasons:
#   The system is out of physical RAM or swap space
#   The process is running with CompressedOops enabled, and the Java Heap may be blocking the growth of the native heap
# Possible solutions:
#   Reduce memory load on the system
#   Increase physical memory or swap space
#   Check if swap backing store is full
#   Decrease Java heap size (-Xmx/-Xms)
#   Decrease number of Java threads
#   Decrease Java thread stack sizes (-Xss)
#   Set larger code cache with -XX:ReservedCodeCacheSize=
#   JVM is running with Unscaled Compressed Oops mode in which the Java heap is
#     placed in the first 4GB address space. The Java Heap base address is the
#     maximum limit for the native heap growth. Please use -XX:HeapBaseMinAddress
#     to set the Java Heap base and to place the Java Heap above 4GB virtual address.
# This output file may be truncated or incomplete.
#
#  Out of Memory Error (./src/hotspot/share/memory/arena.cpp:81), pid=10132, tid=8136
#
# JRE version: OpenJDK Runtime Environment Microsoft-7208460 (11.0.18+10) (build 11.0.18+10-LTS)
# Java VM: OpenJDK 64-Bit Server VM Microsoft-7208460 (11.0.18+10-LTS, mixed mode, tiered, compressed oops, g1 gc, windows-amd64)
# No core dump will be written. Minidumps are not enabled by default on client versions of Windows
#

---------------  S U M M A R Y ------------

Command Line: -Xmx64m -Xms64m -Dorg.gradle.appname=gradlew org.gradle.wrapper.GradleWrapperMain app:installDebug -PreactNativeDevServerPort=8081

Host: AMD Ryzen 5 3550H with Radeon Vega Mobile Gfx  , 8 cores, 5G,  Windows 11 , 64 bit Build 22621 (10.0.22621.3235)
Time: Fri Mar 29 05:00:07 2024 India Standard Time elapsed time: 10.844906 seconds (0d 0h 0m 10s)

---------------  T H R E A D  ---------------

Current thread (0x0000015a2be69800):  JavaThread "main" [_thread_in_vm, id=8136, stack(0x00000039b0c00000,0x00000039b0d00000)]

Stack: [0x00000039b0c00000,0x00000039b0d00000]
Native frames: (J=compiled Java code, j=interpreted, Vv=VM code, C=native code)
V  [jvm.dll+0x62bf8a]
V  [jvm.dll+0x7b8fb9]
V  [jvm.dll+0x7ba6a8]
V  [jvm.dll+0x7bad83]
V  [jvm.dll+0x250248]
V  [jvm.dll+0xc286b]
V  [jvm.dll+0xc2bcc]
V  [jvm.dll+0x258199]
V  [jvm.dll+0x258b18]
V  [jvm.dll+0x1c76a9]
V  [jvm.dll+0x1c6b8e]
V  [jvm.dll+0x4f9262]
V  [jvm.dll+0x7513e9]
V  [jvm.dll+0x79d2a3]
V  [jvm.dll+0x79b44c]
C  0x0000015a345df6d7

Java frames: (J=compiled Java code, j=interpreted, Vv=VM code)
j  jdk.internal.misc.Unsafe.defineAnonymousClass0(Ljava/lang/Class;[B[Ljava/lang/Object;)Ljava/lang/Class;+0 java.base@11.0.18
j  jdk.internal.misc.Unsafe.defineAnonymousClass(Ljava/lang/Class;[B[Ljava/lang/Object;)Ljava/lang/Class;+42 java.base@11.0.18
j  java.lang.invoke.InnerClassLambdaMetafactory.spinInnerClass()Ljava/lang/Class;+517 java.base@11.0.18
j  java.lang.invoke.InnerClassLambdaMetafactory.buildCallSite()Ljava/lang/invoke/CallSite;+1 java.base@11.0.18
j  java.lang.invoke.LambdaMetafactory.metafactory(Ljava/lang/invoke/MethodHandles$Lookup;Ljava/lang/String;Ljava/lang/invoke/MethodType;Ljava/lang/invoke/MethodType;Ljava/lang/invoke/MethodHandle;Ljava/lang/invoke/MethodType;)Ljava/lang/invoke/CallSite;+31 java.base@11.0.18
j  java.lang.invoke.DirectMethodHandle$Holder.invokeStatic(Ljava/lang/Object;Ljava/lang/Object;Ljava/lang/Object;Ljava/lang/Object;Ljava/lang/Object;Ljava/lang/Object;Ljava/lang/Object;)Ljava/lang/Object;+20 java.base@11.0.18
j  java.lang.invoke.Invokers$Holder.invokeExact_MT(Ljava/lang/Object;Ljava/lang/Object;Ljava/lang/Object;Ljava/lang/Object;Ljava/lang/Object;Ljava/lang/Object;Ljava/lang/Object;Ljava/lang/Object;)Ljava/lang/Object;+28 java.base@11.0.18
j  java.lang.invoke.BootstrapMethodInvoker.invoke(Ljava/lang/Class;Ljava/lang/invoke/MethodHandle;Ljava/lang/String;Ljava/lang/Object;Ljava/lang/Object;Ljava/lang/Class;)Ljava/lang/Object;+262 java.base@11.0.18
j  java.lang.invoke.CallSite.makeSite(Ljava/lang/invoke/MethodHandle;Ljava/lang/String;Ljava/lang/invoke/MethodType;Ljava/lang/Object;Ljava/lang/Class;)Ljava/lang/invoke/CallSite;+8 java.base@11.0.18
j  java.lang.invoke.MethodHandleNatives.linkCallSiteImpl(Ljava/lang/Class;Ljava/lang/invoke/MethodHandle;Ljava/lang/String;Ljava/lang/invoke/MethodType;Ljava/lang/Object;[Ljava/lang/Object;)Ljava/lang/invoke/MemberName;+6 java.base@11.0.18
j  java.lang.invoke.MethodHandleNatives.linkCallSite(Ljava/lang/Object;ILjava/lang/Object;Ljava/lang/Object;Ljava/lang/Object;Ljava/lang/Object;[Ljava/lang/Object;)Ljava/lang/invoke/MemberName;+46 java.base@11.0.18
v  ~StubRoutines::call_stub
j  org.gradle.launcher.daemon.client.DaemonClient.findCrashLogFile(Lorg/gradle/launcher/daemon/protocol/Build;Lorg/gradle/launcher/daemon/diagnostics/DaemonDiagnostics;)Ljava/util/Optional;+111
j  org.gradle.launcher.daemon.client.DaemonClient.handleDaemonDisappearance(Lorg/gradle/launcher/daemon/protocol/Build;Lorg/gradle/launcher/daemon/diagnostics/DaemonDiagnostics;)Lorg/gradle/launcher/daemon/protocol/Result;+26
j  org.gradle.launcher.daemon.client.DaemonClient.monitorBuild(Lorg/gradle/launcher/daemon/protocol/Build;Lorg/gradle/launcher/daemon/diagnostics/DaemonDiagnostics;Lorg/gradle/internal/remote/internal/Connection;Lorg/gradle/initialization/BuildCancellationToken;Lorg/gradle/initialization/BuildEventConsumer;)Ljava/lang/Object;+111
j  org.gradle.launcher.daemon.client.DaemonClient.executeBuild(Lorg/gradle/launcher/daemon/protocol/Build;Lorg/gradle/launcher/daemon/client/DaemonClientConnection;Lorg/gradle/initialization/BuildCancellationToken;Lorg/gradle/initialization/BuildEventConsumer;)Lorg/gradle/launcher/exec/BuildActionResult;+128
j  org.gradle.launcher.daemon.client.DaemonClient.execute(Lorg/gradle/internal/invocation/BuildAction;Lorg/gradle/launcher/exec/BuildActionParameters;Lorg/gradle/initialization/BuildRequestContext;)Lorg/gradle/launcher/exec/BuildActionResult;+272
j  org.gradle.launcher.daemon.client.DaemonClient.execute(Lorg/gradle/internal/invocation/BuildAction;Ljava/lang/Object;Ljava/lang/Object;)Lorg/gradle/launcher/exec/BuildActionResult;+10
j  org.gradle.launcher.cli.RunBuildAction.run()V+74
j  org.gradle.internal.Actions$RunnableActionAdapter.execute(Ljava/lang/Object;)V+4
j  org.gradle.launcher.cli.DefaultCommandLineActionFactory$ParseAndBuildAction.execute(Lorg/gradle/launcher/bootstrap/ExecutionListener;)V+60
j  org.gradle.launcher.cli.DefaultCommandLineActionFactory$ParseAndBuildAction.execute(Ljava/lang/Object;)V+5
j  org.gradle.launcher.cli.DebugLoggerWarningAction.execute(Lorg/gradle/launcher/bootstrap/ExecutionListener;)V+9
j  org.gradle.launcher.cli.DebugLoggerWarningAction.execute(Ljava/lang/Object;)V+5
j  org.gradle.launcher.cli.WelcomeMessageAction.execute(Lorg/gradle/launcher/bootstrap/ExecutionListener;)V+218
j  org.gradle.launcher.cli.WelcomeMessageAction.execute(Ljava/lang/Object;)V+5
j  org.gradle.launcher.cli.NativeServicesInitializingAction.execute(Lorg/gradle/launcher/bootstrap/ExecutionListener;)V+35
j  org.gradle.launcher.cli.NativeServicesInitializingAction.execute(Ljava/lang/Object;)V+5
j  org.gradle.launcher.cli.ExceptionReportingAction.execute(Lorg/gradle/launcher/bootstrap/ExecutionListener;)V+5
j  org.gradle.launcher.cli.ExceptionReportingAction.execute(Ljava/lang/Object;)V+5
j  org.gradle.launcher.cli.DefaultCommandLineActionFactory$WithLogging.execute(Lorg/gradle/launcher/bootstrap/ExecutionListener;)V+299
j  org.gradle.launcher.Main.doAction([Ljava/lang/String;Lorg/gradle/launcher/bootstrap/ExecutionListener;)V+14
j  org.gradle.launcher.bootstrap.EntryPoint.run([Ljava/lang/String;)V+12
v  ~StubRoutines::call_stub
j  jdk.internal.reflect.NativeMethodAccessorImpl.invoke0(Ljava/lang/reflect/Method;Ljava/lang/Object;[Ljava/lang/Object;)Ljava/lang/Object;+0 java.base@11.0.18
j  jdk.internal.reflect.NativeMethodAccessorImpl.invoke(Ljava/lang/Object;[Ljava/lang/Object;)Ljava/lang/Object;+100 java.base@11.0.18
j  jdk.internal.reflect.DelegatingMethodAccessorImpl.invoke(Ljava/lang/Object;[Ljava/lang/Object;)Ljava/lang/Object;+6 java.base@11.0.18
j  java.lang.reflect.Method.invoke(Ljava/lang/Object;[Ljava/lang/Object;)Ljava/lang/Object;+59 java.base@11.0.18
j  org.gradle.launcher.bootstrap.ProcessBootstrap.runNoExit(Ljava/lang/String;[Ljava/lang/String;)V+159
j  org.gradle.launcher.bootstrap.ProcessBootstrap.run(Ljava/lang/String;[Ljava/lang/String;)V+2
v  ~StubRoutines::call_stub
j  jdk.internal.reflect.NativeMethodAccessorImpl.invoke0(Ljava/lang/reflect/Method;Ljava/lang/Object;[Ljava/lang/Object;)Ljava/lang/Object;+0 java.base@11.0.18
j  jdk.internal.reflect.NativeMethodAccessorImpl.invoke(Ljava/lang/Object;[Ljava/lang/Object;)Ljava/lang/Object;+100 java.base@11.0.18
j  jdk.internal.reflect.DelegatingMethodAccessorImpl.invoke(Ljava/lang/Object;[Ljava/lang/Object;)Ljava/lang/Object;+6 java.base@11.0.18
j  java.lang.reflect.Method.invoke(Ljava/lang/Object;[Ljava/lang/Object;)Ljava/lang/Object;+59 java.base@11.0.18
j  org.gradle.launcher.GradleMain.main([Ljava/lang/String;)V+100
v  ~StubRoutines::call_stub
j  jdk.internal.reflect.NativeMethodAccessorImpl.invoke0(Ljava/lang/reflect/Method;Ljava/lang/Object;[Ljava/lang/Object;)Ljava/lang/Object;+0 java.base@11.0.18
j  jdk.internal.reflect.NativeMethodAccessorImpl.invoke(Ljava/lang/Object;[Ljava/lang/Object;)Ljava/lang/Object;+100 java.base@11.0.18
j  jdk.internal.reflect.DelegatingMethodAccessorImpl.invoke(Ljava/lang/Object;[Ljava/lang/Object;)Ljava/lang/Object;+6 java.base@11.0.18
j  java.lang.reflect.Method.invoke(Ljava/lang/Object;[Ljava/lang/Object;)Ljava/lang/Object;+59 java.base@11.0.18
j  org.gradle.wrapper.BootstrapMainStarter.start([Ljava/lang/String;Ljava/io/File;)V+105
j  org.gradle.wrapper.WrapperExecutor.execute([Ljava/lang/String;Lorg/gradle/wrapper/Install;Lorg/gradle/wrapper/BootstrapMainStarter;)V+14
j  org.gradle.wrapper.GradleWrapperMain.main([Ljava/lang/String;)V+190
v  ~StubRoutines::call_stub

---------------  P R O C E S S  ---------------

Threads class SMR info:
_java_thread_list=0x0000015a48233490, length=13, elements={
0x0000015a2be69800, 0x0000015a46557800, 0x0000015a46561000, 0x0000015a46552800,
0x0000015a46554800, 0x0000015a46555800, 0x0000015a46567000, 0x0000015a4656e800,
0x0000015a46578000, 0x0000015a47025000, 0x0000015a47bcc800, 0x0000015a47f97000,
0x0000015a472f2000
}

Java Threads: ( => current thread )
=>0x0000015a2be69800 JavaThread "main" [_thread_in_vm, id=8136, stack(0x00000039b0c00000,0x00000039b0d00000)]
  0x0000015a46557800 JavaThread "Reference Handler" daemon [_thread_blocked, id=6756, stack(0x00000039b1300000,0x00000039b1400000)]
  0x0000015a46561000 JavaThread "Finalizer" daemon [_thread_blocked, id=9628, stack(0x00000039b1400000,0x00000039b1500000)]
  0x0000015a46552800 JavaThread "Signal Dispatcher" daemon [_thread_blocked, id=5692, stack(0x00000039b1500000,0x00000039b1600000)]
  0x0000015a46554800 JavaThread "Attach Listener" daemon [_thread_blocked, id=9252, stack(0x00000039b1600000,0x00000039b1700000)]
  0x0000015a46555800 JavaThread "Service Thread" daemon [_thread_blocked, id=2648, stack(0x00000039b1700000,0x00000039b1800000)]
  0x0000015a46567000 JavaThread "C2 CompilerThread0" daemon [_thread_in_vm_trans, id=3360, stack(0x00000039b1800000,0x00000039b1900000)]
  0x0000015a4656e800 JavaThread "C1 CompilerThread0" daemon [_thread_blocked, id=5580, stack(0x00000039b1900000,0x00000039b1a00000)]
  0x0000015a46578000 JavaThread "Sweeper thread" daemon [_thread_blocked, id=5520, stack(0x00000039b1a00000,0x00000039b1b00000)]
  0x0000015a47025000 JavaThread "Common-Cleaner" daemon [_thread_blocked, id=12860, stack(0x00000039b1c00000,0x00000039b1d00000)]
  0x0000015a47bcc800 JavaThread "pool-1-thread-1" [_thread_in_Java, id=4752, stack(0x00000039b1e00000,0x00000039b1f00000)]
  0x0000015a47f97000 JavaThread "DisconnectableInputStream source reader" daemon [_thread_in_native, id=13008, stack(0x00000039b2000000,0x00000039b2100000)]
  0x0000015a472f2000 JavaThread "Forward input" [_thread_blocked, id=13052, stack(0x00000039b2100000,0x00000039b2200000)]

Other Threads:
  0x0000015a46540800 VMThread "VM Thread" [stack: 0x00000039b1200000,0x00000039b1300000] [id=14200]
  0x0000015a4701c000 WatcherThread [stack: 0x00000039b1b00000,0x00000039b1c00000] [id=7120]
  0x0000015a2be80800 GCTaskThread "GC Thread#0" [stack: 0x00000039b0d00000,0x00000039b0e00000] [id=5240]
  0x0000015a47f12800 GCTaskThread "GC Thread#1" [stack: 0x00000039b1d00000,0x00000039b1e00000] [id=2528]
  0x0000015a2be87000 ConcurrentGCThread "G1 Main Marker" [stack: 0x00000039b0e00000,0x00000039b0f00000] [id=4660]
  0x0000015a2be88800 ConcurrentGCThread "G1 Conc#0" [stack: 0x00000039b0f00000,0x00000039b1000000] [id=6236]
  0x0000015a2bf20800 ConcurrentGCThread "G1 Refine#0" [stack: 0x00000039b1000000,0x00000039b1100000] [id=2700]
  0x0000015a2bf22000 ConcurrentGCThread "G1 Young RemSet Sampling" [stack: 0x00000039b1100000,0x00000039b1200000] [id=11160]

Threads with active compile tasks:
C2 CompilerThread0    10866 1424       4       org.gradle.internal.logging.text.AbstractLineChoppingStyledTextOutput$1::execute (9 bytes)
C1 CompilerThread0    10866 1428       3       java.nio.charset.CoderResult::isUnderflow (13 bytes)

VM state:not at safepoint (normal execution)

VM Mutex/Monitor currently owned by a thread: None

Heap address: 0x00000000fc000000, size: 64 MB, Compressed Oops mode: 32-bit
Narrow klass base: 0x0000000000000000, Narrow klass shift: 3
Compressed class space size: 1073741824 Address: 0x0000000100000000

Heap:
 garbage-first heap   total 65536K, used 33932K [0x00000000fc000000, 0x0000000100000000)
  region size 1024K, 28 young (28672K), 3 survivors (3072K)
 Metaspace       used 16522K, capacity 16876K, committed 17152K, reserved 1064960K
  class space    used 1854K, capacity 1993K, committed 2048K, reserved 1048576K
Heap Regions: E=young(eden), S=young(survivor), O=old, HS=humongous(starts), HC=humongous(continues), CS=collection set, F=free, A=archive, TAMS=top-at-mark-start (previous, next)
|   0|0x00000000fc000000, 0x00000000fc000000, 0x00000000fc100000|  0%| F|  |TAMS 0x00000000fc000000, 0x00000000fc000000| Untracked 
|   1|0x00000000fc100000, 0x00000000fc100000, 0x00000000fc200000|  0%| F|  |TAMS 0x00000000fc100000, 0x00000000fc100000| Untracked 
|   2|0x00000000fc200000, 0x00000000fc200000, 0x00000000fc300000|  0%| F|  |TAMS 0x00000000fc200000, 0x00000000fc200000| Untracked 
|   3|0x00000000fc300000, 0x00000000fc400000, 0x00000000fc400000|100%|HS|  |TAMS 0x00000000fc300000, 0x00000000fc300000| Complete 
|   4|0x00000000fc400000, 0x00000000fc500000, 0x00000000fc500000|100%|HC|  |TAMS 0x00000000fc400000, 0x00000000fc400000| Complete 
|   5|0x00000000fc500000, 0x00000000fc600000, 0x00000000fc600000|100%|HC|  |TAMS 0x00000000fc500000, 0x00000000fc500000| Complete 
|   6|0x00000000fc600000, 0x00000000fc700000, 0x00000000fc700000|100%| O|  |TAMS 0x00000000fc600000, 0x00000000fc600000| Untracked 
|   7|0x00000000fc700000, 0x00000000fc800000, 0x00000000fc800000|100%| O|  |TAMS 0x00000000fc700000, 0x00000000fc700000| Untracked 
|   8|0x00000000fc800000, 0x00000000fc900000, 0x00000000fc900000|100%| O|  |TAMS 0x00000000fc800000, 0x00000000fc800000| Untracked 
|   9|0x00000000fc900000, 0x00000000fc923200, 0x00000000fca00000| 13%| O|  |TAMS 0x00000000fc900000, 0x00000000fc900000| Untracked 
|  10|0x00000000fca00000, 0x00000000fca00000, 0x00000000fcb00000|  0%| F|  |TAMS 0x00000000fca00000, 0x00000000fca00000| Untracked 
|  11|0x00000000fcb00000, 0x00000000fcb00000, 0x00000000fcc00000|  0%| F|  |TAMS 0x00000000fcb00000, 0x00000000fcb00000| Untracked 
|  12|0x00000000fcc00000, 0x00000000fcc00000, 0x00000000fcd00000|  0%| F|  |TAMS 0x00000000fcc00000, 0x00000000fcc00000| Untracked 
|  13|0x00000000fcd00000, 0x00000000fcd00000, 0x00000000fce00000|  0%| F|  |TAMS 0x00000000fcd00000, 0x00000000fcd00000| Untracked 
|  14|0x00000000fce00000, 0x00000000fce00000, 0x00000000fcf00000|  0%| F|  |TAMS 0x00000000fce00000, 0x00000000fce00000| Untracked 
|  15|0x00000000fcf00000, 0x00000000fcf00000, 0x00000000fd000000|  0%| F|  |TAMS 0x00000000fcf00000, 0x00000000fcf00000| Untracked 
|  16|0x00000000fd000000, 0x00000000fd000000, 0x00000000fd100000|  0%| F|  |TAMS 0x00000000fd000000, 0x00000000fd000000| Untracked 
|  17|0x00000000fd100000, 0x00000000fd100000, 0x00000000fd200000|  0%| F|  |TAMS 0x00000000fd100000, 0x00000000fd100000| Untracked 
|  18|0x00000000fd200000, 0x00000000fd200000, 0x00000000fd300000|  0%| F|  |TAMS 0x00000000fd200000, 0x00000000fd200000| Untracked 
|  19|0x00000000fd300000, 0x00000000fd300000, 0x00000000fd400000|  0%| F|  |TAMS 0x00000000fd300000, 0x00000000fd300000| Untracked 
|  20|0x00000000fd400000, 0x00000000fd400000, 0x00000000fd500000|  0%| F|  |TAMS 0x00000000fd400000, 0x00000000fd400000| Untracked 
|  21|0x00000000fd500000, 0x00000000fd500000, 0x00000000fd600000|  0%| F|  |TAMS 0x00000000fd500000, 0x00000000fd500000| Untracked 
|  22|0x00000000fd600000, 0x00000000fd600000, 0x00000000fd700000|  0%| F|  |TAMS 0x00000000fd600000, 0x00000000fd600000| Untracked 
|  23|0x00000000fd700000, 0x00000000fd700000, 0x00000000fd800000|  0%| F|  |TAMS 0x00000000fd700000, 0x00000000fd700000| Untracked 
|  24|0x00000000fd800000, 0x00000000fd800000, 0x00000000fd900000|  0%| F|  |TAMS 0x00000000fd800000, 0x00000000fd800000| Untracked 
|  25|0x00000000fd900000, 0x00000000fd900000, 0x00000000fda00000|  0%| F|  |TAMS 0x00000000fd900000, 0x00000000fd900000| Untracked 
|  26|0x00000000fda00000, 0x00000000fda00000, 0x00000000fdb00000|  0%| F|  |TAMS 0x00000000fda00000, 0x00000000fda00000| Untracked 
|  27|0x00000000fdb00000, 0x00000000fdb00000, 0x00000000fdc00000|  0%| F|  |TAMS 0x00000000fdb00000, 0x00000000fdb00000| Untracked 
|  28|0x00000000fdc00000, 0x00000000fdc00000, 0x00000000fdd00000|  0%| F|  |TAMS 0x00000000fdc00000, 0x00000000fdc00000| Untracked 
|  29|0x00000000fdd00000, 0x00000000fdd00000, 0x00000000fde00000|  0%| F|  |TAMS 0x00000000fdd00000, 0x00000000fdd00000| Untracked 
|  30|0x00000000fde00000, 0x00000000fde00000, 0x00000000fdf00000|  0%| F|  |TAMS 0x00000000fde00000, 0x00000000fde00000| Untracked 
|  31|0x00000000fdf00000, 0x00000000fdf00000, 0x00000000fe000000|  0%| F|  |TAMS 0x00000000fdf00000, 0x00000000fdf00000| Untracked 
|  32|0x00000000fe000000, 0x00000000fe000000, 0x00000000fe100000|  0%| F|  |TAMS 0x00000000fe000000, 0x00000000fe000000| Untracked 
|  33|0x00000000fe100000, 0x00000000fe100000, 0x00000000fe200000|  0%| F|  |TAMS 0x00000000fe100000, 0x00000000fe100000| Untracked 
|  34|0x00000000fe200000, 0x00000000fe200000, 0x00000000fe300000|  0%| F|  |TAMS 0x00000000fe200000, 0x00000000fe200000| Untracked 
|  35|0x00000000fe300000, 0x00000000fe300000, 0x00000000fe400000|  0%| F|  |TAMS 0x00000000fe300000, 0x00000000fe300000| Untracked 
|  36|0x00000000fe400000, 0x00000000fe481d98, 0x00000000fe500000| 50%| E|  |TAMS 0x00000000fe400000, 0x00000000fe400000| Complete 
|  37|0x00000000fe500000, 0x00000000fe600000, 0x00000000fe600000|100%| S|CS|TAMS 0x00000000fe500000, 0x00000000fe500000| Complete 
|  38|0x00000000fe600000, 0x00000000fe700000, 0x00000000fe700000|100%| S|CS|TAMS 0x00000000fe600000, 0x00000000fe600000| Complete 
|  39|0x00000000fe700000, 0x00000000fe800000, 0x00000000fe800000|100%| S|CS|TAMS 0x00000000fe700000, 0x00000000fe700000| Complete 
|  40|0x00000000fe800000, 0x00000000fe900000, 0x00000000fe900000|100%| E|CS|TAMS 0x00000000fe800000, 0x00000000fe800000| Complete 
|  41|0x00000000fe900000, 0x00000000fea00000, 0x00000000fea00000|100%| E|CS|TAMS 0x00000000fe900000, 0x00000000fe900000| Complete 
|  42|0x00000000fea00000, 0x00000000feb00000, 0x00000000feb00000|100%| E|CS|TAMS 0x00000000fea00000, 0x00000000fea00000| Complete 
|  43|0x00000000feb00000, 0x00000000fec00000, 0x00000000fec00000|100%| E|CS|TAMS 0x00000000feb00000, 0x00000000feb00000| Complete 
|  44|0x00000000fec00000, 0x00000000fed00000, 0x00000000fed00000|100%| E|CS|TAMS 0x00000000fec00000, 0x00000000fec00000| Complete 
|  45|0x00000000fed00000, 0x00000000fee00000, 0x00000000fee00000|100%| E|CS|TAMS 0x00000000fed00000, 0x00000000fed00000| Complete 
|  46|0x00000000fee00000, 0x00000000fef00000, 0x00000000fef00000|100%| E|CS|TAMS 0x00000000fee00000, 0x00000000fee00000| Complete 
|  47|0x00000000fef00000, 0x00000000ff000000, 0x00000000ff000000|100%| E|CS|TAMS 0x00000000fef00000, 0x00000000fef00000| Complete 
|  48|0x00000000ff000000, 0x00000000ff100000, 0x00000000ff100000|100%| E|CS|TAMS 0x00000000ff000000, 0x00000000ff000000| Complete 
|  49|0x00000000ff100000, 0x00000000ff200000, 0x00000000ff200000|100%| E|CS|TAMS 0x00000000ff100000, 0x00000000ff100000| Complete 
|  50|0x00000000ff200000, 0x00000000ff300000, 0x00000000ff300000|100%| E|CS|TAMS 0x00000000ff200000, 0x00000000ff200000| Complete 
|  51|0x00000000ff300000, 0x00000000ff400000, 0x00000000ff400000|100%| E|CS|TAMS 0x00000000ff300000, 0x00000000ff300000| Complete 
|  52|0x00000000ff400000, 0x00000000ff500000, 0x00000000ff500000|100%| E|CS|TAMS 0x00000000ff400000, 0x00000000ff400000| Complete 
|  53|0x00000000ff500000, 0x00000000ff600000, 0x00000000ff600000|100%| E|CS|TAMS 0x00000000ff500000, 0x00000000ff500000| Complete 
|  54|0x00000000ff600000, 0x00000000ff700000, 0x00000000ff700000|100%| E|CS|TAMS 0x00000000ff600000, 0x00000000ff600000| Complete 
|  55|0x00000000ff700000, 0x00000000ff800000, 0x00000000ff800000|100%| E|CS|TAMS 0x00000000ff700000, 0x00000000ff700000| Complete 
|  56|0x00000000ff800000, 0x00000000ff900000, 0x00000000ff900000|100%| E|CS|TAMS 0x00000000ff800000, 0x00000000ff800000| Complete 
|  57|0x00000000ff900000, 0x00000000ffa00000, 0x00000000ffa00000|100%| E|CS|TAMS 0x00000000ff900000, 0x00000000ff900000| Complete 
|  58|0x00000000ffa00000, 0x00000000ffb00000, 0x00000000ffb00000|100%| E|CS|TAMS 0x00000000ffa00000, 0x00000000ffa00000| Complete 
|  59|0x00000000ffb00000, 0x00000000ffc00000, 0x00000000ffc00000|100%| E|CS|TAMS 0x00000000ffb00000, 0x00000000ffb00000| Complete 
|  60|0x00000000ffc00000, 0x00000000ffd00000, 0x00000000ffd00000|100%| E|CS|TAMS 0x00000000ffc00000, 0x00000000ffc00000| Complete 
|  61|0x00000000ffd00000, 0x00000000ffe00000, 0x00000000ffe00000|100%| E|CS|TAMS 0x00000000ffd00000, 0x00000000ffd00000| Complete 
|  62|0x00000000ffe00000, 0x00000000fff00000, 0x00000000fff00000|100%| E|CS|TAMS 0x00000000ffe00000, 0x00000000ffe00000| Complete 
|  63|0x00000000fff00000, 0x0000000100000000, 0x0000000100000000|100%| E|CS|TAMS 0x00000000fff00000, 0x00000000fff00000| Complete 

Card table byte_map: [0x0000015a2bd90000,0x0000015a2bdb0000] _byte_map_base: 0x0000015a2b5b0000

Marking Bits (Prev, Next): (CMBitMap*) 0x0000015a2be860a8, (CMBitMap*) 0x0000015a2be860e0
 Prev Bits: [0x0000015a43900000, 0x0000015a43a00000)
 Next Bits: [0x0000015a43a00000, 0x0000015a43b00000)

Polling page: 0x0000015a29ff0000

Metaspace:

Usage:
  Non-class:     14.53 MB capacity,    14.32 MB ( 99%) used,   190.38 KB (  1%) free+waste,    24.94 KB ( <1%) overhead. 
      Class:      1.95 MB capacity,     1.81 MB ( 93%) used,   125.91 KB (  6%) free+waste,    12.31 KB ( <1%) overhead. 
       Both:     16.48 MB capacity,    16.14 MB ( 98%) used,   316.29 KB (  2%) free+waste,    37.25 KB ( <1%) overhead. 

Virtual space:
  Non-class space:       16.00 MB reserved,      14.75 MB ( 92%) committed 
      Class space:        1.00 GB reserved,       2.00 MB ( <1%) committed 
             Both:        1.02 GB reserved,      16.75 MB (  2%) committed 

Chunk freelists:
   Non-Class:  29.00 KB
       Class:  23.00 KB
        Both:  52.00 KB

MaxMetaspaceSize: 17179869184.00 GB
CompressedClassSpaceSize: 1.00 GB
Initial GC threshold: 20.80 MB
Current GC threshold: 20.80 MB
CDS: off

CodeHeap 'non-profiled nmethods': size=120000Kb used=534Kb max_used=534Kb free=119465Kb
 bounds [0x0000015a3c0a0000, 0x0000015a3c310000, 0x0000015a435d0000]
CodeHeap 'profiled nmethods': size=120000Kb used=2746Kb max_used=2746Kb free=117253Kb
 bounds [0x0000015a34b70000, 0x0000015a34e20000, 0x0000015a3c0a0000]
CodeHeap 'non-nmethods': size=5760Kb used=1169Kb max_used=1184Kb free=4590Kb
 bounds [0x0000015a345d0000, 0x0000015a34840000, 0x0000015a34b70000]
 total_blobs=1859 nmethods=1424 adapters=348
 compilation: enabled
              stopped_count=0, restarted_count=0
 full_count=0

Compilation events (20 events):
Event: 9.724 Thread 0x0000015a46567000 nmethod 1390 0x0000015a3c124010 code [0x0000015a3c1241a0, 0x0000015a3c124398]
Event: 9.825 Thread 0x0000015a4656e800 1397       3       java.util.concurrent.locks.AbstractQueuedSynchronizer::acquire (27 bytes)
Event: 9.826 Thread 0x0000015a4656e800 nmethod 1397 0x0000015a34e14b10 code [0x0000015a34e14d00, 0x0000015a34e150d8]
Event: 10.029 Thread 0x0000015a4656e800 1398       3       java.util.concurrent.locks.ReentrantLock::unlock (10 bytes)
Event: 10.030 Thread 0x0000015a4656e800 nmethod 1398 0x0000015a34e15210 code [0x0000015a34e153e0, 0x0000015a34e15718]
Event: 10.326 Thread 0x0000015a4656e800 1399       3       java.util.concurrent.ThreadPoolExecutor::isShutdown (12 bytes)
Event: 10.327 Thread 0x0000015a4656e800 nmethod 1399 0x0000015a34e15890 code [0x0000015a34e15a40, 0x0000015a34e15c18]
Event: 10.327 Thread 0x0000015a4656e800 1400       3       java.util.concurrent.ScheduledThreadPoolExecutor::canRunInCurrentRunState (61 bytes)
Event: 10.328 Thread 0x0000015a4656e800 nmethod 1400 0x0000015a34e15d10 code [0x0000015a34e15f40, 0x0000015a34e16768]
Event: 10.835 Thread 0x0000015a46567000 1401       4       sun.nio.cs.SingleByte$Decoder::decode (11 bytes)
Event: 10.836 Thread 0x0000015a46567000 nmethod 1401 0x0000015a3c124410 code [0x0000015a3c1245a0, 0x0000015a3c124638]
Event: 10.837 Thread 0x0000015a4656e800 1402       1       java.util.LinkedList::size (5 bytes)
Event: 10.837 Thread 0x0000015a4656e800 nmethod 1402 0x0000015a3c124710 code [0x0000015a3c1248c0, 0x0000015a3c124978]
Event: 10.840 Thread 0x0000015a4656e800 1403       3       java.lang.String::valueOf (14 bytes)
Event: 10.840 Thread 0x0000015a4656e800 nmethod 1403 0x0000015a34e16990 code [0x0000015a34e16b60, 0x0000015a34e16d68]
Event: 10.840 Thread 0x0000015a4656e800 1405       3       org.gradle.internal.logging.text.AbstractLineChoppingStyledTextOutput$StateContext::isCurrentCharEquals (70 bytes)
Event: 10.841 Thread 0x0000015a4656e800 nmethod 1405 0x0000015a34e16e10 code [0x0000015a34e17040, 0x0000015a34e17758]
Event: 10.841 Thread 0x0000015a4656e800 1404       1       org.gradle.internal.logging.text.AbstractLineChoppingStyledTextOutput$StateContext::access$500 (5 bytes)
Event: 10.841 Thread 0x0000015a4656e800 nmethod 1404 0x0000015a3c124d10 code [0x0000015a3c124ec0, 0x0000015a3c124f58]
Event: 10.841 Thread 0x0000015a4656e800 1407       3       java.lang.invoke.InvokerBytecodeGenerator::loadInsnOpcode (86 bytes)

GC Heap History (2 events):
Event: 1.668 GC heap before
{Heap before GC invocations=0 (full 0):
 garbage-first heap   total 65536K, used 29696K [0x00000000fc000000, 0x0000000100000000)
  region size 1024K, 24 young (24576K), 0 survivors (0K)
 Metaspace       used 10565K, capacity 10852K, committed 11008K, reserved 1058816K
  class space    used 1067K, capacity 1167K, committed 1280K, reserved 1048576K
}
Event: 1.683 GC heap after
{Heap after GC invocations=1 (full 0):
 garbage-first heap   total 65536K, used 9356K [0x00000000fc000000, 0x0000000100000000)
  region size 1024K, 3 young (3072K), 3 survivors (3072K)
 Metaspace       used 10565K, capacity 10852K, committed 11008K, reserved 1058816K
  class space    used 1067K, capacity 1167K, committed 1280K, reserved 1048576K
}

Deoptimization events (20 events):
Event: 4.014 Thread 0x0000015a2be69800 DEOPT PACKING pc=0x0000015a34c25c51 sp=0x00000039b0cfc6b0
Event: 4.014 Thread 0x0000015a2be69800 DEOPT UNPACKING pc=0x0000015a3461a95e sp=0x00000039b0cfbb78 mode 0
Event: 4.014 Thread 0x0000015a2be69800 DEOPT PACKING pc=0x0000015a34c25c51 sp=0x00000039b0cfc6b0
Event: 4.014 Thread 0x0000015a2be69800 DEOPT UNPACKING pc=0x0000015a3461a95e sp=0x00000039b0cfbb78 mode 0
Event: 4.111 Thread 0x0000015a47f97000 Uncommon trap: trap_request=0xffffff4d fr.pc=0x0000015a3c0d966c relative=0x00000000000000cc
Event: 4.111 Thread 0x0000015a47f97000 Uncommon trap: reason=unstable_if action=reinterpret pc=0x0000015a3c0d966c method=java.lang.String.getBytes([BIB)V @ 5 c2
Event: 4.111 Thread 0x0000015a47f97000 DEOPT PACKING pc=0x0000015a3c0d966c sp=0x00000039b1ffeb10
Event: 4.111 Thread 0x0000015a47f97000 DEOPT UNPACKING pc=0x0000015a3461a1af sp=0x00000039b1ffeab8 mode 2
Event: 4.111 Thread 0x0000015a47f97000 Uncommon trap: trap_request=0xffffff4d fr.pc=0x0000015a3c10c438 relative=0x00000000000003f8
Event: 4.111 Thread 0x0000015a47f97000 Uncommon trap: reason=unstable_if action=reinterpret pc=0x0000015a3c10c438 method=java.lang.AbstractStringBuilder.isLatin1()Z @ 10 c2
Event: 4.111 Thread 0x0000015a47f97000 DEOPT PACKING pc=0x0000015a3c10c438 sp=0x00000039b1ffebd0
Event: 4.111 Thread 0x0000015a47f97000 DEOPT UNPACKING pc=0x0000015a3461a1af sp=0x00000039b1ffeb50 mode 2
Event: 9.617 Thread 0x0000015a47f97000 Uncommon trap: trap_request=0xffffff4d fr.pc=0x0000015a3c0ba91c relative=0x000000000000007c
Event: 9.617 Thread 0x0000015a47f97000 Uncommon trap: reason=unstable_if action=reinterpret pc=0x0000015a3c0ba91c method=java.lang.String.codePointAt(I)I @ 4 c2
Event: 9.617 Thread 0x0000015a47f97000 DEOPT PACKING pc=0x0000015a3c0ba91c sp=0x00000039b1ffeb50
Event: 9.618 Thread 0x0000015a47f97000 DEOPT UNPACKING pc=0x0000015a3461a1af sp=0x00000039b1ffeae8 mode 2
Event: 9.620 Thread 0x0000015a47f97000 Uncommon trap: trap_request=0xffffff4d fr.pc=0x0000015a3c10118c relative=0x0000000000000f4c
Event: 9.620 Thread 0x0000015a47f97000 Uncommon trap: reason=unstable_if action=reinterpret pc=0x0000015a3c10118c method=java.util.concurrent.ConcurrentHashMap.putVal(Ljava/lang/Object;Ljava/lang/Object;Z)Ljava/lang/Object; @ 97 c2
Event: 9.620 Thread 0x0000015a47f97000 DEOPT PACKING pc=0x0000015a3c10118c sp=0x00000039b1ffe020
Event: 9.620 Thread 0x0000015a47f97000 DEOPT UNPACKING pc=0x0000015a3461a1af sp=0x00000039b1ffdfb8 mode 2

Classes redefined (0 events):
No events

Internal exceptions (20 events):
Event: 0.610 Thread 0x0000015a2be69800 Exception <a 'java/lang/NoSuchMethodError'{0x00000000ffb328d0}: 'int java.lang.invoke.DirectMethodHandle$Holder.invokeSpecial(java.lang.Object, java.lang.Object, java.lang.Object, java.lang.Object)'> (0x00000000ffb328d0) thrown at [./src/hotspot/share/interpreter/linkResolver.cpp, line 773]
Event: 0.620 Thread 0x0000015a2be69800 Exception <a 'java/lang/NoSuchMethodError'{0x00000000ffb6b188}: 'int java.lang.invoke.DirectMethodHandle$Holder.invokeSpecialIFC(java.lang.Object, java.lang.Object, int)'> (0x00000000ffb6b188) thrown at [./src/hotspot/share/interpreter/linkResolver.cpp, line 773]
Event: 1.546 Thread 0x0000015a2be69800 Implicit null exception at 0x0000015a3c0e2b75 to 0x0000015a3c0e2d70
Event: 1.649 Thread 0x0000015a2be69800 Exception <a 'java/lang/NoClassDefFoundError'{0x00000000fe8a2888}: org/slf4j/impl/StaticMarkerBinder> (0x00000000fe8a2888) thrown at [./src/hotspot/share/classfile/systemDictionary.cpp, line 219]
Event: 1.716 Thread 0x0000015a2be69800 Exception <a 'java/lang/NoSuchMethodError'{0x00000000fffe1c00}: 'java.lang.Object java.lang.invoke.DirectMethodHandle$Holder.invokeVirtual(java.lang.Object, java.lang.Object, java.lang.Object, java.lang.Object, java.lang.Object, java.lang.Object, java.lang.Object)'> (0x00000000fffe1c00) thrown at [./src/hotspot/share/interpreter/linkResolver.cpp, line 773]
Event: 1.722 Thread 0x0000015a2be69800 Exception <a 'java/lang/NoSuchMethodError'{0x00000000ffff57e0}: 'java.lang.Object java.lang.invoke.Invokers$Holder.invoker(java.lang.Object, java.lang.Object, java.lang.Object)'> (0x00000000ffff57e0) thrown at [./src/hotspot/share/interpreter/linkResolver.cpp, line 773]
Event: 1.729 Thread 0x0000015a2be69800 Exception <a 'java/lang/NoSuchMethodError'{0x00000000ffe068d8}: 'void java.lang.invoke.DelegatingMethodHandle$Holder.delegate(java.lang.Object, java.lang.Object, int, java.lang.Object)'> (0x00000000ffe068d8) thrown at [./src/hotspot/share/interpreter/linkResolver.cpp, line 773]
Event: 1.993 Thread 0x0000015a2be69800 Exception <a 'java/lang/NoSuchMethodError'{0x00000000ff81b6a0}: 'java.lang.Object java.lang.invoke.DirectMethodHandle$Holder.invokeInterface(java.lang.Object, java.lang.Object, java.lang.Object)'> (0x00000000ff81b6a0) thrown at [./src/hotspot/share/interpreter/linkResolver.cpp, line 773]
Event: 2.113 Thread 0x0000015a2be69800 Exception <a 'java/lang/NoSuchMethodError'{0x00000000ff6c6860}: 'java.lang.Object java.lang.invoke.DirectMethodHandle$Holder.invokeStaticInit(java.lang.Object, java.lang.Object, java.lang.Object)'> (0x00000000ff6c6860) thrown at [./src/hotspot/share/interpreter/linkResolver.cpp, line 773]
Event: 2.286 Thread 0x0000015a2be69800 Exception <a 'java/lang/NoSuchMethodError'{0x00000000ff1b91b0}: 'java.lang.Object java.lang.invoke.DirectMethodHandle$Holder.invokeStaticInit(java.lang.Object, int, int, int, int)'> (0x00000000ff1b91b0) thrown at [./src/hotspot/share/interpreter/linkResolver.cpp, line 773]
Event: 2.775 Thread 0x0000015a2be69800 Exception <a 'java/lang/NoSuchMethodError'{0x00000000ff1dc338}: 'java.lang.Object java.lang.invoke.DirectMethodHandle$Holder.invokeStaticInit(java.lang.Object, java.lang.Object, int, int, int, int)'> (0x00000000ff1dc338) thrown at [./src/hotspot/share/interpreter/linkResolver.cpp, line 773]
Event: 3.817 Thread 0x0000015a2be69800 Implicit null exception at 0x0000015a3c0d7b74 to 0x0000015a3c0d80f0
Event: 3.818 Thread 0x0000015a2be69800 Implicit null exception at 0x0000015a3c0d8af4 to 0x0000015a3c0d9044
Event: 4.093 Thread 0x0000015a47f97000 Exception <a 'java/lang/NoSuchMethodError'{0x00000000fe9923e0}: 'void java.lang.invoke.DirectMethodHandle$Holder.invokeStatic(java.lang.Object, long)'> (0x00000000fe9923e0) thrown at [./src/hotspot/share/interpreter/linkResolver.cpp, line 773]
Event: 4.094 Thread 0x0000015a47f97000 Exception <a 'java/lang/NoSuchMethodError'{0x00000000fe997348}: 'java.lang.Object java.lang.invoke.DirectMethodHandle$Holder.invokeStatic(java.lang.Object, long)'> (0x00000000fe997348) thrown at [./src/hotspot/share/interpreter/linkResolver.cpp, line 773]
Event: 4.098 Thread 0x0000015a47f97000 Exception <a 'java/lang/NoSuchMethodError'{0x00000000fe9a53e8}: 'java.lang.Object java.lang.invoke.DirectMethodHandle$Holder.invokeStaticInit(java.lang.Object, java.lang.Object, long, java.lang.Object)'> (0x00000000fe9a53e8) thrown at [./src/hotspot/share/interpreter/linkResolver.cpp, line 773]
Event: 4.098 Thread 0x0000015a47f97000 Exception <a 'java/lang/NoSuchMethodError'{0x00000000fe9ab2d8}: 'java.lang.Object java.lang.invoke.DirectMethodHandle$Holder.invokeStatic(java.lang.Object, java.lang.Object, long)'> (0x00000000fe9ab2d8) thrown at [./src/hotspot/share/interpreter/linkResolver.cpp, line 773]
Event: 4.099 Thread 0x0000015a47f97000 Exception <a 'java/lang/NoSuchMethodError'{0x00000000fe9b1878}: 'java.lang.Object java.lang.invoke.Invokers$Holder.linkToTargetMethod(java.lang.Object, long, java.lang.Object)'> (0x00000000fe9b1878) thrown at [./src/hotspot/share/interpreter/linkResolver.cpp, line 773]
Event: 10.829 Thread 0x0000015a2be69800 Exception <a 'java/io/IOException'{0x00000000fe8b5a90}> (0x00000000fe8b5a90) thrown at [./src/hotspot/share/prims/jni.cpp, line 617]
Event: 10.841 Thread 0x0000015a2be69800 Exception <a 'java/lang/NoSuchMethodError'{0x00000000fe43c010}: 'int java.lang.invoke.DirectMethodHandle$Holder.invokeVirtual(java.lang.Object, java.lang.Object)'> (0x00000000fe43c010) thrown at [./src/hotspot/share/interpreter/linkResolver.cpp, line 773]

Events (20 events):
Event: 9.768 loading class org/gradle/launcher/daemon/client/InputForwarder$1 done
Event: 9.768 loading class java/nio/channels/AsynchronousCloseException
Event: 9.769 loading class java/nio/channels/ClosedChannelException
Event: 9.769 loading class java/nio/channels/ClosedChannelException done
Event: 9.769 loading class java/nio/channels/AsynchronousCloseException done
Event: 9.769 Thread 0x0000015a472f2000 Thread added: 0x0000015a472f2000
Event: 10.829 loading class com/google/common/base/Objects
Event: 10.829 loading class com/google/common/base/Objects done
Event: 10.829 loading class com/google/common/base/ExtraObjectsMethodsForWeb
Event: 10.829 loading class com/google/common/base/ExtraObjectsMethodsForWeb done
Event: 10.830 loading class org/slf4j/helpers/MessageFormatter
Event: 10.830 loading class org/slf4j/helpers/MessageFormatter done
Event: 10.832 loading class org/slf4j/helpers/FormattingTuple
Event: 10.832 loading class org/slf4j/helpers/FormattingTuple done
Event: 10.834 loading class org/gradle/util/internal/LimitedDescription
Event: 10.834 loading class org/gradle/util/internal/LimitedDescription done
Event: 10.838 loading class com/google/common/collect/Lists$ReverseList
Event: 10.838 loading class com/google/common/collect/Lists$ReverseList done
Event: 10.839 loading class com/google/common/collect/Lists$ReverseList$1
Event: 10.839 loading class com/google/common/collect/Lists$ReverseList$1 done


Dynamic libraries:
0x00007ff64b560000 - 0x00007ff64b56d000 	C:\Program Files\Microsoft\jdk-11.0.18.10-hotspot\bin\java.exe
0x00007ffc52550000 - 0x00007ffc52766000 	C:\WINDOWS\SYSTEM32\ntdll.dll
0x00007ffc51650000 - 0x00007ffc51714000 	C:\WINDOWS\System32\KERNEL32.DLL
0x00007ffc4fc90000 - 0x00007ffc50036000 	C:\WINDOWS\System32\KERNELBASE.dll
0x00007ffc50180000 - 0x00007ffc50291000 	C:\WINDOWS\System32\ucrtbase.dll
0x00007ffc4ab90000 - 0x00007ffc4aba5000 	C:\Program Files\Microsoft\jdk-11.0.18.10-hotspot\bin\VCRUNTIME140.dll
0x00007ffc4ab70000 - 0x00007ffc4ab87000 	C:\Program Files\Microsoft\jdk-11.0.18.10-hotspot\bin\jli.dll
0x00007ffc51c70000 - 0x00007ffc51e1d000 	C:\WINDOWS\System32\USER32.dll
0x00007ffc41a70000 - 0x00007ffc41d03000 	C:\WINDOWS\WinSxS\amd64_microsoft.windows.common-controls_6595b64144ccf1df_6.0.22621.3235_none_270f74e173860f98\COMCTL32.dll
0x00007ffc4fa80000 - 0x00007ffc4faa6000 	C:\WINDOWS\System32\win32u.dll
0x00007ffc50680000 - 0x00007ffc506a9000 	C:\WINDOWS\System32\GDI32.dll
0x00007ffc51720000 - 0x00007ffc517c7000 	C:\WINDOWS\System32\msvcrt.dll
0x00007ffc4fb70000 - 0x00007ffc4fc88000 	C:\WINDOWS\System32\gdi32full.dll
0x00007ffc50040000 - 0x00007ffc500da000 	C:\WINDOWS\System32\msvcp_win.dll
0x00007ffc50cb0000 - 0x00007ffc50ce1000 	C:\WINDOWS\System32\IMM32.DLL
0x00007ffc2a520000 - 0x00007ffc2a5bb000 	C:\Program Files\Microsoft\jdk-11.0.18.10-hotspot\bin\msvcp140.dll
0x00007ffc16920000 - 0x00007ffc174b2000 	C:\Program Files\Microsoft\jdk-11.0.18.10-hotspot\bin\server\jvm.dll
0x00007ffc51e20000 - 0x00007ffc51ed2000 	C:\WINDOWS\System32\ADVAPI32.dll
0x00007ffc51bc0000 - 0x00007ffc51c68000 	C:\WINDOWS\System32\sechost.dll
0x00007ffc50150000 - 0x00007ffc50178000 	C:\WINDOWS\System32\bcrypt.dll
0x00007ffc517d0000 - 0x00007ffc518e5000 	C:\WINDOWS\System32\RPCRT4.dll
0x00007ffc50c40000 - 0x00007ffc50c48000 	C:\WINDOWS\System32\PSAPI.DLL
0x00007ffc48f30000 - 0x00007ffc48f64000 	C:\WINDOWS\SYSTEM32\WINMM.dll
0x00007ffc47f40000 - 0x00007ffc47f4a000 	C:\WINDOWS\SYSTEM32\VERSION.dll
0x00007ffc4a8b0000 - 0x00007ffc4a8b9000 	C:\WINDOWS\SYSTEM32\WSOCK32.dll
0x00007ffc502a0000 - 0x00007ffc50311000 	C:\WINDOWS\System32\WS2_32.dll
0x00007ffc4e940000 - 0x00007ffc4e958000 	C:\WINDOWS\SYSTEM32\kernel.appcore.dll
0x00007ffc4a0b0000 - 0x00007ffc4a0c0000 	C:\Program Files\Microsoft\jdk-11.0.18.10-hotspot\bin\verify.dll
0x00007ffc4d2d0000 - 0x00007ffc4d503000 	C:\WINDOWS\SYSTEM32\DBGHELP.DLL
0x00007ffc508b0000 - 0x00007ffc50c38000 	C:\WINDOWS\System32\combase.dll
0x00007ffc507d0000 - 0x00007ffc508a7000 	C:\WINDOWS\System32\OLEAUT32.dll
0x00007ffc31da0000 - 0x00007ffc31dd2000 	C:\WINDOWS\SYSTEM32\dbgcore.DLL
0x00007ffc4f890000 - 0x00007ffc4f90a000 	C:\WINDOWS\System32\bcryptPrimitives.dll
0x00007ffc40810000 - 0x00007ffc40838000 	C:\Program Files\Microsoft\jdk-11.0.18.10-hotspot\bin\java.dll
0x00007ffc47440000 - 0x00007ffc4744a000 	C:\Program Files\Microsoft\jdk-11.0.18.10-hotspot\bin\jimage.dll
0x00007ffc46570000 - 0x00007ffc46588000 	C:\Program Files\Microsoft\jdk-11.0.18.10-hotspot\bin\zip.dll
0x00007ffc50df0000 - 0x00007ffc5164d000 	C:\WINDOWS\System32\SHELL32.dll
0x00007ffc4d7f0000 - 0x00007ffc4e0e8000 	C:\WINDOWS\SYSTEM32\windows.storage.dll
0x00007ffc4d6b0000 - 0x00007ffc4d7ee000 	C:\WINDOWS\SYSTEM32\wintypes.dll
0x00007ffc50cf0000 - 0x00007ffc50de3000 	C:\WINDOWS\System32\SHCORE.dll
0x00007ffc50c50000 - 0x00007ffc50cae000 	C:\WINDOWS\System32\shlwapi.dll
0x00007ffc4f7c0000 - 0x00007ffc4f7e6000 	C:\WINDOWS\SYSTEM32\profapi.dll
0x00007ffc32e10000 - 0x00007ffc32e29000 	C:\Program Files\Microsoft\jdk-11.0.18.10-hotspot\bin\net.dll
0x00007ffc492e0000 - 0x00007ffc49417000 	C:\WINDOWS\SYSTEM32\WINHTTP.dll
0x00007ffc4ee40000 - 0x00007ffc4eea9000 	C:\WINDOWS\system32\mswsock.dll
0x00007ffc2f5f0000 - 0x00007ffc2f603000 	C:\Program Files\Microsoft\jdk-11.0.18.10-hotspot\bin\nio.dll
0x00007ffc2f470000 - 0x00007ffc2f497000 	C:\Users\ankit\.gradle\native\e1d6ef7f7dcc3fd88c89a11ec53ec762bb8ba0a96d01ffa2cd45eb1d1d8dd5c5\windows-amd64\native-platform.dll
0x00007ffc40800000 - 0x00007ffc40809000 	C:\Program Files\Microsoft\jdk-11.0.18.10-hotspot\bin\management.dll
0x00007ffc33f20000 - 0x00007ffc33f2b000 	C:\Program Files\Microsoft\jdk-11.0.18.10-hotspot\bin\management_ext.dll
0x00007ffc4f0a0000 - 0x00007ffc4f0bb000 	C:\WINDOWS\SYSTEM32\CRYPTSP.dll
0x00007ffc4e8a0000 - 0x00007ffc4e8d5000 	C:\WINDOWS\system32\rsaenh.dll
0x00007ffc4ef30000 - 0x00007ffc4ef5c000 	C:\WINDOWS\SYSTEM32\USERENV.dll
0x00007ffc4f090000 - 0x00007ffc4f09c000 	C:\WINDOWS\SYSTEM32\CRYPTBASE.dll
0x00007ffc4e350000 - 0x00007ffc4e37d000 	C:\WINDOWS\SYSTEM32\IPHLPAPI.DLL
0x00007ffc51950000 - 0x00007ffc51959000 	C:\WINDOWS\System32\NSI.dll
0x00007ffc492c0000 - 0x00007ffc492d9000 	C:\WINDOWS\SYSTEM32\dhcpcsvc6.DLL
0x00007ffc492a0000 - 0x00007ffc492bf000 	C:\WINDOWS\SYSTEM32\dhcpcsvc.DLL
0x00007ffc4e3c0000 - 0x00007ffc4e4b9000 	C:\WINDOWS\SYSTEM32\DNSAPI.dll

dbghelp: loaded successfully - version: 4.0.5 - missing functions: none
symbol engine: initialized successfully - sym options: 0x614 - pdb path: .;C:\Program Files\Microsoft\jdk-11.0.18.10-hotspot\bin;C:\WINDOWS\SYSTEM32;C:\WINDOWS\WinSxS\amd64_microsoft.windows.common-controls_6595b64144ccf1df_6.0.22621.3235_none_270f74e173860f98;C:\Program Files\Microsoft\jdk-11.0.18.10-hotspot\bin\server;C:\Users\ankit\.gradle\native\e1d6ef7f7dcc3fd88c89a11ec53ec762bb8ba0a96d01ffa2cd45eb1d1d8dd5c5\windows-amd64

VM Arguments:
jvm_args: -Xmx64m -Xms64m -Dorg.gradle.appname=gradlew 
java_command: org.gradle.wrapper.GradleWrapperMain app:installDebug -PreactNativeDevServerPort=8081
java_class_path (initial): C:\Users\ankit\Desktop\Desktop\S\p1\android\\gradle\wrapper\gradle-wrapper.jar
Launcher Type: SUN_STANDARD

[Global flags]
     intx CICompilerCount                          = 4                                         {product} {ergonomic}
     uint ConcGCThreads                            = 2                                         {product} {ergonomic}
     uint G1ConcRefinementThreads                  = 8                                         {product} {ergonomic}
   size_t G1HeapRegionSize                         = 1048576                                   {product} {ergonomic}
    uintx GCDrainStackTargetSize                   = 64                                        {product} {ergonomic}
   size_t InitialHeapSize                          = 67108864                                  {product} {command line}
   size_t MarkStackSize                            = 4194304                                   {product} {ergonomic}
   size_t MaxHeapSize                              = 67108864                                  {product} {command line}
   size_t MaxNewSize                               = 39845888                                  {product} {ergonomic}
   size_t MinHeapDeltaBytes                        = 1048576                                   {product} {ergonomic}
    uintx NonNMethodCodeHeapSize                   = 5836300                                {pd product} {ergonomic}
    uintx NonProfiledCodeHeapSize                  = 122910970                              {pd product} {ergonomic}
    uintx ProfiledCodeHeapSize                     = 122910970                              {pd product} {ergonomic}
    uintx ReservedCodeCacheSize                    = 251658240                              {pd product} {ergonomic}
     bool SegmentedCodeCache                       = true                                      {product} {ergonomic}
     bool UseCompressedClassPointers               = true                                 {lp64_product} {ergonomic}
     bool UseCompressedOops                        = true                                 {lp64_product} {ergonomic}
     bool UseG1GC                                  = true                                      {product} {ergonomic}
     bool UseLargePagesIndividualAllocation        = false                                  {pd product} {ergonomic}

Logging:
Log output configuration:
 #0: stdout all=warning uptime,level,tags
 #1: stderr all=off uptime,level,tags

Environment Variables:
JAVA_HOME=C:\Program Files\Microsoft\jdk-11.0.18.10-hotspot\
CLASSPATH=C:\Users\ankit\Desktop\Desktop\S\p1\android\\gradle\wrapper\gradle-wrapper.jar
PATH=C:\Users\ankit\Desktop\Desktop\S\p1\android\node_modules\.bin;C:\Users\ankit\Desktop\Desktop\S\p1\node_modules\.bin;C:\Users\ankit\Desktop\Desktop\S\node_modules\.bin;C:\Users\ankit\Desktop\Desktop\node_modules\.bin;C:\Users\ankit\Desktop\node_modules\.bin;C:\Users\ankit\node_modules\.bin;C:\Users\node_modules\.bin;C:\node_modules\.bin;C:\Program Files\nodejs;C:\Users\ankit\Desktop\Desktop\S\p1\node_modules\.bin;C:\Users\ankit\Desktop\Desktop\S\p1\node_modules\.bin;C:\Users\ankit\Desktop\Desktop\S\node_modules\.bin;C:\Users\ankit\Desktop\Desktop\node_modules\.bin;C:\Users\ankit\Desktop\node_modules\.bin;C:\Users\ankit\node_modules\.bin;C:\Users\node_modules\.bin;C:\node_modules\.bin;C:\Program Files\nodejs\node_modules\npm\node_modules\@npmcli\run-script\lib\node-gyp-bin;C:\Users\ankit\Desktop\Desktop\S\p1\node_modules\.bin;C:\Users\ankit\Desktop\Desktop\S\node_modules\.bin;C:\Users\ankit\Desktop\Desktop\node_modules\.bin;C:\Users\ankit\Desktop\node_modules\.bin;C:\Users\ankit\node_modules\.bin;C:\Users\node_modules\.bin;C:\node_modules\.bin;C:\Program Files\nodejs;C:\Users\ankit\Desktop\Desktop\S\p1\node_modules\.bin;C:\Users\ankit\Desktop\Desktop\S\p1\node_modules\.bin;C:\Users\ankit\Desktop\Desktop\S\node_modules\.bin;C:\Users\ankit\Desktop\Desktop\node_modules\.bin;C:\Users\ankit\Desktop\node_modules\.bin;C:\Users\ankit\node_modules\.bin;C:\Users\node_modules\.bin;C:\node_modules\.bin;C:\Program Files\nodejs\node_modules\npm\node_modules\@npmcli\run-script\lib\node-gyp-bin;C:\Program Files\Eclipse Adoptium\jre-21.0.2.13-hotspot\bin;C:\Program Files (x86)\Common Files\Intel\Shared Libraries\redist\intel64\compiler;C:\Program Files\Common Files\Oracle\Java\javapath;C:\Program Files\Microsoft\jdk-11.0.18.10-hotspot\bin;C:\Windows\system32;C:\Windows;C:\Windows\System32\Wbem;C:\Windows\System32\WindowsPowerShell\v1.0\;C:\Windows\System32\OpenSSH\;C:\Program Files (x86)\NVIDIA Corporation\PhysX\Common;C:\Program Files\NVIDIA Corporation\NVIDIA NvDLISR;C:\WINDOWS\sy
USERNAME=ankit
LANG=en_US.UTF-8
OS=Windows_NT
PROCESSOR_IDENTIFIER=AMD64 Family 23 Model 24 Stepping 1, AuthenticAMD
TMP=C:\Users\ankit\AppData\Local\Temp
TEMP=C:\Users\ankit\AppData\Local\Temp



---------------  S Y S T E M  ---------------

OS: Windows 11 , 64 bit Build 22621 (10.0.22621.3235)
OS uptime: 0 days 0:04 hours

CPU:total 8 (initial active 8) (8 cores per cpu, 2 threads per core) family 23 model 24 stepping 1 microcode 0x0, cmov, cx8, fxsr, mmx, sse, sse2, sse3, ssse3, sse4.1, sse4.2, popcnt, avx, avx2, aes, clmul, mmxext, 3dnowpref, lzcnt, sse4a, ht, tsc, tscinvbit, tscinv, bmi1, bmi2, adx, sha, fma

Memory: 4k page, system-wide physical 6081M (242M free)
TotalPageFile size 11201M (AvailPageFile size 218M)
current process WorkingSet (physical memory assigned to process): 92M, peak: 96M
current process commit charge ("private bytes"): 162M, peak: 165M

vm_info: OpenJDK 64-Bit Server VM (11.0.18+10-LTS) for windows-amd64 JRE (11.0.18+10-LTS), built on Jan 18 2023 15:56:47 by "MicrosoftCorporation" with MS VC++ 15.9 (VS2017)

END.
