#
# A fatal error has been detected by the Java Runtime Environment:
#
#  EXCEPTION_ACCESS_VIOLATION (0xc0000005) at pc=0x00007ffbc79a1593, pid=19092, tid=15584
#
# JRE version: OpenJDK Runtime Environment Microsoft-7208460 (11.0.18+10) (build 11.0.18+10-LTS)
# Java VM: OpenJDK 64-Bit Server VM Microsoft-7208460 (11.0.18+10-LTS, mixed mode, tiered, compressed oops, g1 gc, windows-amd64)
# Problematic frame:
# V  [jvm.dll+0x381593]
#
# No core dump will be written. Minidumps are not enabled by default on client versions of Windows
#
# If you would like to submit a bug report, please visit:
#   https://github.com/microsoft/openjdk/issues
#

---------------  S U M M A R Y ------------

Command Line: -XX:MaxMetaspaceSize=512m --add-opens=java.base/java.util=ALL-UNNAMED --add-opens=java.base/java.lang=ALL-UNNAMED --add-opens=java.base/java.lang.invoke=ALL-UNNAMED --add-opens=java.base/java.util=ALL-UNNAMED --add-opens=java.prefs/java.util.prefs=ALL-UNNAMED --add-opens=java.prefs/java.util.prefs=ALL-UNNAMED --add-opens=java.base/java.nio.charset=ALL-UNNAMED --add-opens=java.base/java.net=ALL-UNNAMED --add-opens=java.base/java.util.concurrent.atomic=ALL-UNNAMED -Xmx2048m -Dfile.encoding=windows-1252 -Duser.country=IN -Duser.language=en -Duser.variant org.gradle.launcher.daemon.bootstrap.GradleDaemon 7.5.1

Host: AMD Ryzen 5 3550H with Radeon Vega Mobile Gfx  , 8 cores, 5G,  Windows 11 , 64 bit Build 22621 (10.0.22621.2215)
Time: Thu Sep 28 21:20:38 2023 India Standard Time elapsed time: 1239.082341 seconds (0d 0h 20m 39s)

---------------  T H R E A D  ---------------

Current thread (0x00000159244e6800):  JavaThread "WorkerExecutor Queue Thread 11" [_thread_in_vm, id=15584, stack(0x0000004f07200000,0x0000004f07300000)]

Stack: [0x0000004f07200000,0x0000004f07300000],  sp=0x0000004f072f6290,  free space=984k
Native frames: (J=compiled Java code, j=interpreted, Vv=VM code, C=native code)
V  [jvm.dll+0x381593]
V  [jvm.dll+0x62beb2]
V  [jvm.dll+0x38207a]
V  [jvm.dll+0x382248]
V  [jvm.dll+0x750c34]
V  [jvm.dll+0x751f21]
V  [jvm.dll+0x752668]
V  [jvm.dll+0x1d0e25]
V  [jvm.dll+0x1c5412]
V  [jvm.dll+0x4f9245]
V  [jvm.dll+0x7518c9]
V  [jvm.dll+0x3f9d08]
