#
# There is insufficient memory for the Java Runtime Environment to continue.
# Native memory allocation (malloc) failed to allocate 703936 bytes for Chunk::new
# Possible reasons:
#   The system is out of physical RAM or swap space
#   The process is running with CompressedOops enabled, and the Java Heap may be blocking the growth of the native heap
# Possible solutions:
#   Reduce memory load on the system
#   Increase physical memory or swap space
#   Check if swap backing store is full
#   Decrease Java heap size (-Xmx/-Xms)
#   Decrease number of Java threads
#   Decrease Java thread stack sizes (-Xss)
#   Set larger code cache with -XX:ReservedCodeCacheSize=
#   JVM is running with Unscaled Compressed Oops mode in which the Java heap is
#     placed in the first 4GB address space. The Java Heap base address is the
#     maximum limit for the native heap growth. Please use -XX:HeapBaseMinAddress
#     to set the Java Heap base and to place the Java Heap above 4GB virtual address.
# This output file may be truncated or incomplete.
#
#  Out of Memory Error (./src/hotspot/share/memory/arena.cpp:197), pid=7500, tid=8140
#
# JRE version: OpenJDK Runtime Environment Microsoft-7208460 (11.0.18+10) (build 11.0.18+10-LTS)
# Java VM: OpenJDK 64-Bit Server VM Microsoft-7208460 (11.0.18+10-LTS, mixed mode, tiered, compressed oops, g1 gc, windows-amd64)
# No core dump will be written. Minidumps are not enabled by default on client versions of Windows
#

---------------  S U M M A R Y ------------

Command Line: --add-opens=java.base/java.util=ALL-UNNAMED --add-opens=java.base/java.lang=ALL-UNNAMED --add-opens=java.base/java.lang.invoke=ALL-UNNAMED --add-opens=java.base/java.util=ALL-UNNAMED --add-opens=java.prefs/java.util.prefs=ALL-UNNAMED --add-opens=java.prefs/java.util.prefs=ALL-UNNAMED --add-opens=java.base/java.nio.charset=ALL-UNNAMED --add-opens=java.base/java.net=ALL-UNNAMED --add-opens=java.base/java.util.concurrent.atomic=ALL-UNNAMED -Xmx2048m -Dfile.encoding=windows-1252 -Duser.country=IN -Duser.language=en -Duser.variant org.gradle.launcher.daemon.bootstrap.GradleDaemon 7.5.1

Host: AMD Ryzen 5 3550H with Radeon Vega Mobile Gfx  , 8 cores, 5G,  Windows 11 , 64 bit Build 22621 (10.0.22621.3235)
Time: Fri Mar 29 05:00:07 2024 India Standard Time elapsed time: 6.574886 seconds (0d 0h 0m 6s)

---------------  T H R E A D  ---------------

Current thread (0x00000299801e8800):  JavaThread "C2 CompilerThread0" daemon [_thread_in_native, id=8140, stack(0x000000cc01000000,0x000000cc01100000)]


Current CompileTask:
C2:   6575 1976   !   4       java.lang.ClassLoader::loadClass (122 bytes)

Stack: [0x000000cc01000000,0x000000cc01100000]
Native frames: (J=compiled Java code, j=interpreted, Vv=VM code, C=native code)
V  [jvm.dll+0x62bf8a]
V  [jvm.dll+0x7b8fb9]
V  [jvm.dll+0x7ba6a8]
V  [jvm.dll+0x7bad83]
V  [jvm.dll+0x250248]
V  [jvm.dll+0xc260c]
V  [jvm.dll+0xc2bcc]
V  [jvm.dll+0x2c4e64]
V  [jvm.dll+0x533dcc]
V  [jvm.dll+0x21177b]
V  [jvm.dll+0x20b39a]
V  [jvm.dll+0x2083eb]
V  [jvm.dll+0x18a4b1]
V  [jvm.dll+0x217eec]
V  [jvm.dll+0x21612b]
V  [jvm.dll+0x77bac0]
V  [jvm.dll+0x7749f4]
V  [jvm.dll+0x62adf5]
C  [ucrtbase.dll+0x29363]
C  [KERNEL32.DLL+0x1257d]
C  [ntdll.dll+0x5aa58]


---------------  P R O C E S S  ---------------

Threads class SMR info:
_java_thread_list=0x0000029980e385c0, length=23, elements={
0x00000299e104d000, 0x00000299801c5800, 0x00000299801d0800, 0x00000299801e4800,
0x00000299801e5800, 0x00000299801e6800, 0x00000299801e8800, 0x00000299801f7000,
0x00000299801fc800, 0x0000029980cac800, 0x0000029982072000, 0x00000299824fc800,
0x0000029981dc9000, 0x00000299816dc800, 0x0000029980c35000, 0x0000029982f6b800,
0x00000299815e0800, 0x000002998257e800, 0x0000029982b96800, 0x0000029982b97800,
0x0000029980eae000, 0x0000029980eaf000, 0x0000029980eaf800
}

Java Threads: ( => current thread )
  0x00000299e104d000 JavaThread "main" [_thread_blocked, id=9612, stack(0x000000cc00400000,0x000000cc00500000)]
  0x00000299801c5800 JavaThread "Reference Handler" daemon [_thread_blocked, id=4172, stack(0x000000cc00b00000,0x000000cc00c00000)]
  0x00000299801d0800 JavaThread "Finalizer" daemon [_thread_blocked, id=7152, stack(0x000000cc00c00000,0x000000cc00d00000)]
  0x00000299801e4800 JavaThread "Signal Dispatcher" daemon [_thread_blocked, id=8800, stack(0x000000cc00d00000,0x000000cc00e00000)]
  0x00000299801e5800 JavaThread "Attach Listener" daemon [_thread_blocked, id=6032, stack(0x000000cc00e00000,0x000000cc00f00000)]
  0x00000299801e6800 JavaThread "Service Thread" daemon [_thread_blocked, id=13332, stack(0x000000cc00f00000,0x000000cc01000000)]
=>0x00000299801e8800 JavaThread "C2 CompilerThread0" daemon [_thread_in_native, id=8140, stack(0x000000cc01000000,0x000000cc01100000)]
  0x00000299801f7000 JavaThread "C1 CompilerThread0" daemon [_thread_blocked, id=6364, stack(0x000000cc01100000,0x000000cc01200000)]
  0x00000299801fc800 JavaThread "Sweeper thread" daemon [_thread_blocked, id=11020, stack(0x000000cc01200000,0x000000cc01300000)]
  0x0000029980cac800 JavaThread "Common-Cleaner" daemon [_thread_blocked, id=7012, stack(0x000000cc01300000,0x000000cc01400000)]
  0x0000029982072000 JavaThread "Daemon health stats" [_thread_blocked, id=14068, stack(0x000000cc01700000,0x000000cc01800000)]
  0x00000299824fc800 JavaThread "Incoming local TCP Connector on port 50166" [_thread_in_native, id=5284, stack(0x000000cc01800000,0x000000cc01900000)]
  0x0000029981dc9000 JavaThread "Daemon periodic checks" [_thread_blocked, id=7316, stack(0x000000cc01900000,0x000000cc01a00000)]
  0x00000299816dc800 JavaThread "Daemon" [_thread_blocked, id=3620, stack(0x000000cc01a00000,0x000000cc01b00000)]
  0x0000029980c35000 JavaThread "Handler for socket connection from /127.0.0.1:50166 to /127.0.0.1:50167" [_thread_in_native, id=10576, stack(0x000000cc01b00000,0x000000cc01c00000)]
  0x0000029982f6b800 JavaThread "Cancel handler" [_thread_blocked, id=13768, stack(0x000000cc01c00000,0x000000cc01d00000)]
  0x00000299815e0800 JavaThread "Daemon worker" [_thread_in_native, id=3436, stack(0x000000cc01d00000,0x000000cc01e00000)]
  0x000002998257e800 JavaThread "Asynchronous log dispatcher for DefaultDaemonConnection: socket connection from /127.0.0.1:50166 to /127.0.0.1:50167" [_thread_blocked, id=12200, stack(0x000000cc01e00000,0x000000cc01f00000)]
  0x0000029982b96800 JavaThread "Stdin handler" [_thread_blocked, id=5132, stack(0x000000cc01f00000,0x000000cc02000000)]
  0x0000029982b97800 JavaThread "Daemon client event forwarder" [_thread_blocked, id=5424, stack(0x000000cc02000000,0x000000cc02100000)]
  0x0000029980eae000 JavaThread "Cache worker for journal cache (C:\Users\ankit\.gradle\caches\journal-1)" [_thread_blocked, id=11812, stack(0x000000cc02100000,0x000000cc02200000)]
  0x0000029980eaf000 JavaThread "File lock request listener" [_thread_in_native, id=12172, stack(0x000000cc02200000,0x000000cc02300000)]
  0x0000029980eaf800 JavaThread "Cache worker for file hash cache (C:\Users\ankit\.gradle\caches\7.5.1\fileHashes)" [_thread_blocked, id=11272, stack(0x000000cc02300000,0x000000cc02400000)]

Other Threads:
  0x00000299801c0800 VMThread "VM Thread" [stack: 0x000000cc00a00000,0x000000cc00b00000] [id=11700]
  0x0000029980ce9800 WatcherThread [stack: 0x000000cc01400000,0x000000cc01500000] [id=1928]
  0x00000299e1065800 GCTaskThread "GC Thread#0" [stack: 0x000000cc00500000,0x000000cc00600000] [id=9624]
  0x0000029981d3b000 GCTaskThread "GC Thread#1" [stack: 0x000000cc01500000,0x000000cc01600000] [id=8308]
  0x0000029981c25800 GCTaskThread "GC Thread#2" [stack: 0x000000cc02400000,0x000000cc02500000] [id=3268]
  0x0000029981bbc800 GCTaskThread "GC Thread#3" [stack: 0x000000cc02500000,0x000000cc02600000] [id=5964]
  0x0000029982307000 GCTaskThread "GC Thread#4" [stack: 0x000000cc02600000,0x000000cc02700000] [id=6044]
  0x0000029982308000 GCTaskThread "GC Thread#5" [stack: 0x000000cc02700000,0x000000cc02800000] [id=7196]
  0x0000029982388800 GCTaskThread "GC Thread#6" [stack: 0x000000cc02800000,0x000000cc02900000] [id=6068]
  0x0000029982389000 GCTaskThread "GC Thread#7" [stack: 0x000000cc02900000,0x000000cc02a00000] [id=8644]
  0x00000299e1098000 ConcurrentGCThread "G1 Main Marker" [stack: 0x000000cc00600000,0x000000cc00700000] [id=6624]
  0x00000299e109a000 ConcurrentGCThread "G1 Conc#0" [stack: 0x000000cc00700000,0x000000cc00800000] [id=12604]
  0x00000299820b1800 ConcurrentGCThread "G1 Conc#1" [stack: 0x000000cc02a00000,0x000000cc02b00000] [id=12116]
  0x00000299e110e000 ConcurrentGCThread "G1 Refine#0" [stack: 0x000000cc00800000,0x000000cc00900000] [id=4756]
  0x0000029982c63000 ConcurrentGCThread "G1 Refine#1" [stack: 0x000000cc01600000,0x000000cc01700000] [id=4540]
  0x0000029980012800 ConcurrentGCThread "G1 Young RemSet Sampling" [stack: 0x000000cc00900000,0x000000cc00a00000] [id=9644]

Threads with active compile tasks:
C2 CompilerThread0     6617 1976   !   4       java.lang.ClassLoader::loadClass (122 bytes)

VM state:not at safepoint (normal execution)

VM Mutex/Monitor currently owned by a thread: None

Heap address: 0x0000000080000000, size: 2048 MB, Compressed Oops mode: 32-bit
Narrow klass base: 0x0000000000000000, Narrow klass shift: 3
Compressed class space size: 1073741824 Address: 0x0000000100000000

Heap:
 garbage-first heap   total 98304K, used 25726K [0x0000000080000000, 0x0000000100000000)
  region size 1024K, 12 young (12288K), 3 survivors (3072K)
 Metaspace       used 21720K, capacity 22257K, committed 22576K, reserved 1069056K
  class space    used 2661K, capacity 2836K, committed 2944K, reserved 1048576K
Heap Regions: E=young(eden), S=young(survivor), O=old, HS=humongous(starts), HC=humongous(continues), CS=collection set, F=free, A=archive, TAMS=top-at-mark-start (previous, next)
|   0|0x0000000080000000, 0x0000000080100000, 0x0000000080100000|100%| O|  |TAMS 0x0000000080100000, 0x0000000080000000| Untracked 
|   1|0x0000000080100000, 0x0000000080200000, 0x0000000080200000|100%| O|  |TAMS 0x0000000080200000, 0x0000000080100000| Untracked 
|   2|0x0000000080200000, 0x0000000080300000, 0x0000000080300000|100%| O|  |TAMS 0x0000000080300000, 0x0000000080200000| Untracked 
|   3|0x0000000080300000, 0x0000000080400000, 0x0000000080400000|100%|HS|  |TAMS 0x0000000080400000, 0x0000000080300000| Complete 
|   4|0x0000000080400000, 0x0000000080500000, 0x0000000080500000|100%|HC|  |TAMS 0x0000000080500000, 0x0000000080400000| Complete 
|   5|0x0000000080500000, 0x0000000080600000, 0x0000000080600000|100%|HC|  |TAMS 0x0000000080600000, 0x0000000080500000| Complete 
|   6|0x0000000080600000, 0x0000000080700000, 0x0000000080700000|100%| O|  |TAMS 0x0000000080700000, 0x0000000080600000| Untracked 
|   7|0x0000000080700000, 0x0000000080800000, 0x0000000080800000|100%| O|  |TAMS 0x0000000080800000, 0x0000000080700000| Untracked 
|   8|0x0000000080800000, 0x0000000080900000, 0x0000000080900000|100%| O|  |TAMS 0x0000000080900000, 0x0000000080800000| Untracked 
|   9|0x0000000080900000, 0x0000000080a00000, 0x0000000080a00000|100%| O|  |TAMS 0x0000000080a00000, 0x0000000080900000| Untracked 
|  10|0x0000000080a00000, 0x0000000080b00000, 0x0000000080b00000|100%| O|  |TAMS 0x0000000080b00000, 0x0000000080a00000| Untracked 
|  11|0x0000000080b00000, 0x0000000080c00000, 0x0000000080c00000|100%| O|  |TAMS 0x0000000080c00000, 0x0000000080b00000| Untracked 
|  12|0x0000000080c00000, 0x0000000080d00000, 0x0000000080d00000|100%| O|  |TAMS 0x0000000080d00000, 0x0000000080c00000| Untracked 
|  13|0x0000000080d00000, 0x0000000080e00000, 0x0000000080e00000|100%| O|  |TAMS 0x0000000080e00000, 0x0000000080d00000| Untracked 
|  14|0x0000000080e00000, 0x0000000080ecfa00, 0x0000000080f00000| 81%| O|  |TAMS 0x0000000080ecfa00, 0x0000000080e00000| Untracked 
|  15|0x0000000080f00000, 0x0000000080f00000, 0x0000000081000000|  0%| F|  |TAMS 0x0000000080f00000, 0x0000000080f00000| Untracked 
|  16|0x0000000081000000, 0x0000000081000000, 0x0000000081100000|  0%| F|  |TAMS 0x0000000081000000, 0x0000000081000000| Untracked 
|  17|0x0000000081100000, 0x0000000081100000, 0x0000000081200000|  0%| F|  |TAMS 0x0000000081100000, 0x0000000081100000| Untracked 
|  18|0x0000000081200000, 0x0000000081200000, 0x0000000081300000|  0%| F|  |TAMS 0x0000000081200000, 0x0000000081200000| Untracked 
|  19|0x0000000081300000, 0x0000000081300000, 0x0000000081400000|  0%| F|  |TAMS 0x0000000081300000, 0x0000000081300000| Untracked 
|  20|0x0000000081400000, 0x0000000081400000, 0x0000000081500000|  0%| F|  |TAMS 0x0000000081400000, 0x0000000081400000| Untracked 
|  21|0x0000000081500000, 0x0000000081500000, 0x0000000081600000|  0%| F|  |TAMS 0x0000000081500000, 0x0000000081500000| Untracked 
|  22|0x0000000081600000, 0x0000000081600000, 0x0000000081700000|  0%| F|  |TAMS 0x0000000081600000, 0x0000000081600000| Untracked 
|  23|0x0000000081700000, 0x0000000081700000, 0x0000000081800000|  0%| F|  |TAMS 0x0000000081700000, 0x0000000081700000| Untracked 
|  24|0x0000000081800000, 0x0000000081800000, 0x0000000081900000|  0%| F|  |TAMS 0x0000000081800000, 0x0000000081800000| Untracked 
|  25|0x0000000081900000, 0x0000000081900000, 0x0000000081a00000|  0%| F|  |TAMS 0x0000000081900000, 0x0000000081900000| Untracked 
|  26|0x0000000081a00000, 0x0000000081a00000, 0x0000000081b00000|  0%| F|  |TAMS 0x0000000081a00000, 0x0000000081a00000| Untracked 
|  27|0x0000000081b00000, 0x0000000081b00000, 0x0000000081c00000|  0%| F|  |TAMS 0x0000000081b00000, 0x0000000081b00000| Untracked 
|  28|0x0000000081c00000, 0x0000000081c00000, 0x0000000081d00000|  0%| F|  |TAMS 0x0000000081c00000, 0x0000000081c00000| Untracked 
|  29|0x0000000081d00000, 0x0000000081d00000, 0x0000000081e00000|  0%| F|  |TAMS 0x0000000081d00000, 0x0000000081d00000| Untracked 
|  30|0x0000000081e00000, 0x0000000081e00000, 0x0000000081f00000|  0%| F|  |TAMS 0x0000000081e00000, 0x0000000081e00000| Untracked 
|  31|0x0000000081f00000, 0x0000000081f00000, 0x0000000082000000|  0%| F|  |TAMS 0x0000000081f00000, 0x0000000081f00000| Untracked 
|  32|0x0000000082000000, 0x0000000082000000, 0x0000000082100000|  0%| F|  |TAMS 0x0000000082000000, 0x0000000082000000| Untracked 
|  33|0x0000000082100000, 0x0000000082100000, 0x0000000082200000|  0%| F|  |TAMS 0x0000000082100000, 0x0000000082100000| Untracked 
|  34|0x0000000082200000, 0x0000000082200000, 0x0000000082300000|  0%| F|  |TAMS 0x0000000082200000, 0x0000000082200000| Untracked 
|  35|0x0000000082300000, 0x0000000082300000, 0x0000000082400000|  0%| F|  |TAMS 0x0000000082300000, 0x0000000082300000| Untracked 
|  36|0x0000000082400000, 0x0000000082400000, 0x0000000082500000|  0%| F|  |TAMS 0x0000000082400000, 0x0000000082400000| Untracked 
|  37|0x0000000082500000, 0x0000000082500000, 0x0000000082600000|  0%| F|  |TAMS 0x0000000082500000, 0x0000000082500000| Untracked 
|  38|0x0000000082600000, 0x0000000082600000, 0x0000000082700000|  0%| F|  |TAMS 0x0000000082600000, 0x0000000082600000| Untracked 
|  39|0x0000000082700000, 0x0000000082700000, 0x0000000082800000|  0%| F|  |TAMS 0x0000000082700000, 0x0000000082700000| Untracked 
|  40|0x0000000082800000, 0x0000000082800000, 0x0000000082900000|  0%| F|  |TAMS 0x0000000082800000, 0x0000000082800000| Untracked 
|  41|0x0000000082900000, 0x0000000082900000, 0x0000000082a00000|  0%| F|  |TAMS 0x0000000082900000, 0x0000000082900000| Untracked 
|  42|0x0000000082a00000, 0x0000000082a00000, 0x0000000082b00000|  0%| F|  |TAMS 0x0000000082a00000, 0x0000000082a00000| Untracked 
|  43|0x0000000082b00000, 0x0000000082b00000, 0x0000000082c00000|  0%| F|  |TAMS 0x0000000082b00000, 0x0000000082b00000| Untracked 
|  44|0x0000000082c00000, 0x0000000082c00000, 0x0000000082d00000|  0%| F|  |TAMS 0x0000000082c00000, 0x0000000082c00000| Untracked 
|  45|0x0000000082d00000, 0x0000000082d00000, 0x0000000082e00000|  0%| F|  |TAMS 0x0000000082d00000, 0x0000000082d00000| Untracked 
|  46|0x0000000082e00000, 0x0000000082e00000, 0x0000000082f00000|  0%| F|  |TAMS 0x0000000082e00000, 0x0000000082e00000| Untracked 
|  47|0x0000000082f00000, 0x0000000082f00000, 0x0000000083000000|  0%| F|  |TAMS 0x0000000082f00000, 0x0000000082f00000| Untracked 
|  48|0x0000000083000000, 0x0000000083000000, 0x0000000083100000|  0%| F|  |TAMS 0x0000000083000000, 0x0000000083000000| Untracked 
|  49|0x0000000083100000, 0x0000000083100000, 0x0000000083200000|  0%| F|  |TAMS 0x0000000083100000, 0x0000000083100000| Untracked 
|  50|0x0000000083200000, 0x000000008324ff60, 0x0000000083300000| 31%| S|CS|TAMS 0x0000000083200000, 0x0000000083200000| Complete 
|  51|0x0000000083300000, 0x0000000083400000, 0x0000000083400000|100%| S|CS|TAMS 0x0000000083300000, 0x0000000083300000| Complete 
|  52|0x0000000083400000, 0x0000000083500000, 0x0000000083500000|100%| S|CS|TAMS 0x0000000083400000, 0x0000000083400000| Complete 
|  53|0x0000000083500000, 0x0000000083500000, 0x0000000083600000|  0%| F|  |TAMS 0x0000000083500000, 0x0000000083500000| Untracked 
|  54|0x0000000083600000, 0x0000000083600000, 0x0000000083700000|  0%| F|  |TAMS 0x0000000083600000, 0x0000000083600000| Untracked 
|  55|0x0000000083700000, 0x0000000083700000, 0x0000000083800000|  0%| F|  |TAMS 0x0000000083700000, 0x0000000083700000| Untracked 
|  56|0x0000000083800000, 0x0000000083800000, 0x0000000083900000|  0%| F|  |TAMS 0x0000000083800000, 0x0000000083800000| Untracked 
|  57|0x0000000083900000, 0x0000000083900000, 0x0000000083a00000|  0%| F|  |TAMS 0x0000000083900000, 0x0000000083900000| Untracked 
|  58|0x0000000083a00000, 0x0000000083a00000, 0x0000000083b00000|  0%| F|  |TAMS 0x0000000083a00000, 0x0000000083a00000| Untracked 
|  59|0x0000000083b00000, 0x0000000083b00000, 0x0000000083c00000|  0%| F|  |TAMS 0x0000000083b00000, 0x0000000083b00000| Untracked 
|  60|0x0000000083c00000, 0x0000000083c00000, 0x0000000083d00000|  0%| F|  |TAMS 0x0000000083c00000, 0x0000000083c00000| Untracked 
|  61|0x0000000083d00000, 0x0000000083d00000, 0x0000000083e00000|  0%| F|  |TAMS 0x0000000083d00000, 0x0000000083d00000| Untracked 
|  62|0x0000000083e00000, 0x0000000083e00000, 0x0000000083f00000|  0%| F|  |TAMS 0x0000000083e00000, 0x0000000083e00000| Untracked 
|  63|0x0000000083f00000, 0x0000000083f00000, 0x0000000084000000|  0%| F|  |TAMS 0x0000000083f00000, 0x0000000083f00000| Untracked 
|  64|0x0000000084000000, 0x0000000084000000, 0x0000000084100000|  0%| F|  |TAMS 0x0000000084000000, 0x0000000084000000| Untracked 
|  65|0x0000000084100000, 0x0000000084100000, 0x0000000084200000|  0%| F|  |TAMS 0x0000000084100000, 0x0000000084100000| Untracked 
|  66|0x0000000084200000, 0x0000000084200000, 0x0000000084300000|  0%| F|  |TAMS 0x0000000084200000, 0x0000000084200000| Untracked 
|  67|0x0000000084300000, 0x0000000084300000, 0x0000000084400000|  0%| F|  |TAMS 0x0000000084300000, 0x0000000084300000| Untracked 
|  68|0x0000000084400000, 0x0000000084400000, 0x0000000084500000|  0%| F|  |TAMS 0x0000000084400000, 0x0000000084400000| Untracked 
|  69|0x0000000084500000, 0x0000000084500000, 0x0000000084600000|  0%| F|  |TAMS 0x0000000084500000, 0x0000000084500000| Untracked 
|  70|0x0000000084600000, 0x0000000084600000, 0x0000000084700000|  0%| F|  |TAMS 0x0000000084600000, 0x0000000084600000| Untracked 
|  71|0x0000000084700000, 0x0000000084700000, 0x0000000084800000|  0%| F|  |TAMS 0x0000000084700000, 0x0000000084700000| Untracked 
|  72|0x0000000084800000, 0x0000000084800000, 0x0000000084900000|  0%| F|  |TAMS 0x0000000084800000, 0x0000000084800000| Untracked 
|  73|0x0000000084900000, 0x0000000084900000, 0x0000000084a00000|  0%| F|  |TAMS 0x0000000084900000, 0x0000000084900000| Untracked 
|  74|0x0000000084a00000, 0x0000000084a00000, 0x0000000084b00000|  0%| F|  |TAMS 0x0000000084a00000, 0x0000000084a00000| Untracked 
|  75|0x0000000084b00000, 0x0000000084b00000, 0x0000000084c00000|  0%| F|  |TAMS 0x0000000084b00000, 0x0000000084b00000| Untracked 
|  76|0x0000000084c00000, 0x0000000084c00000, 0x0000000084d00000|  0%| F|  |TAMS 0x0000000084c00000, 0x0000000084c00000| Untracked 
|  77|0x0000000084d00000, 0x0000000084d00000, 0x0000000084e00000|  0%| F|  |TAMS 0x0000000084d00000, 0x0000000084d00000| Untracked 
|  78|0x0000000084e00000, 0x0000000084e00000, 0x0000000084f00000|  0%| F|  |TAMS 0x0000000084e00000, 0x0000000084e00000| Untracked 
|  79|0x0000000084f00000, 0x0000000084f00000, 0x0000000085000000|  0%| F|  |TAMS 0x0000000084f00000, 0x0000000084f00000| Untracked 
|  80|0x0000000085000000, 0x0000000085000000, 0x0000000085100000|  0%| F|  |TAMS 0x0000000085000000, 0x0000000085000000| Untracked 
|  81|0x0000000085100000, 0x0000000085100000, 0x0000000085200000|  0%| F|  |TAMS 0x0000000085100000, 0x0000000085100000| Untracked 
|  82|0x0000000085200000, 0x0000000085200000, 0x0000000085300000|  0%| F|  |TAMS 0x0000000085200000, 0x0000000085200000| Untracked 
|  83|0x0000000085300000, 0x0000000085300000, 0x0000000085400000|  0%| F|  |TAMS 0x0000000085300000, 0x0000000085300000| Untracked 
|  84|0x0000000085400000, 0x0000000085400000, 0x0000000085500000|  0%| F|  |TAMS 0x0000000085400000, 0x0000000085400000| Untracked 
|  85|0x0000000085500000, 0x0000000085500000, 0x0000000085600000|  0%| F|  |TAMS 0x0000000085500000, 0x0000000085500000| Untracked 
|  86|0x0000000085600000, 0x0000000085600000, 0x0000000085700000|  0%| F|  |TAMS 0x0000000085600000, 0x0000000085600000| Untracked 
|  87|0x0000000085700000, 0x0000000085780800, 0x0000000085800000| 50%| E|  |TAMS 0x0000000085700000, 0x0000000085700000| Complete 
|  88|0x0000000085800000, 0x0000000085900000, 0x0000000085900000|100%| E|CS|TAMS 0x0000000085800000, 0x0000000085800000| Complete 
|  89|0x0000000085900000, 0x0000000085a00000, 0x0000000085a00000|100%| E|CS|TAMS 0x0000000085900000, 0x0000000085900000| Complete 
|  90|0x0000000085a00000, 0x0000000085b00000, 0x0000000085b00000|100%| E|CS|TAMS 0x0000000085a00000, 0x0000000085a00000| Complete 
|  91|0x0000000085b00000, 0x0000000085c00000, 0x0000000085c00000|100%| E|CS|TAMS 0x0000000085b00000, 0x0000000085b00000| Complete 
|  92|0x0000000085c00000, 0x0000000085d00000, 0x0000000085d00000|100%| E|CS|TAMS 0x0000000085c00000, 0x0000000085c00000| Complete 
|  93|0x0000000085d00000, 0x0000000085e00000, 0x0000000085e00000|100%| E|CS|TAMS 0x0000000085d00000, 0x0000000085d00000| Complete 
|  94|0x0000000085e00000, 0x0000000085f00000, 0x0000000085f00000|100%| E|CS|TAMS 0x0000000085e00000, 0x0000000085e00000| Complete 
|  95|0x0000000085f00000, 0x0000000086000000, 0x0000000086000000|100%| E|CS|TAMS 0x0000000085f00000, 0x0000000085f00000| Complete 

Card table byte_map: [0x00000299f8ee0000,0x00000299f92e0000] _byte_map_base: 0x00000299f8ae0000

Marking Bits (Prev, Next): (CMBitMap*) 0x00000299e108f410, (CMBitMap*) 0x00000299e108f3d8
 Prev Bits: [0x00000299fb6e0000, 0x00000299fd6e0000)
 Next Bits: [0x00000299f96e0000, 0x00000299fb6e0000)

Polling page: 0x00000299e0810000

Metaspace:

Usage:
  Non-class:     18.97 MB capacity,    18.65 MB ( 98%) used,   285.48 KB (  1%) free+waste,    36.88 KB ( <1%) overhead. 
      Class:      2.77 MB capacity,     2.60 MB ( 94%) used,   154.12 KB (  5%) free+waste,    18.25 KB ( <1%) overhead. 
       Both:     21.74 MB capacity,    21.25 MB ( 98%) used,   439.60 KB (  2%) free+waste,    55.13 KB ( <1%) overhead. 

Virtual space:
  Non-class space:       20.00 MB reserved,      19.17 MB ( 96%) committed 
      Class space:        1.00 GB reserved,       2.88 MB ( <1%) committed 
             Both:        1.02 GB reserved,      22.05 MB (  2%) committed 

Chunk freelists:
   Non-Class:  35.00 KB
       Class:  12.00 KB
        Both:  47.00 KB

MaxMetaspaceSize: 17179869184.00 GB
CompressedClassSpaceSize: 1.00 GB
Initial GC threshold: 20.80 MB
Current GC threshold: 35.08 MB
CDS: off

CodeHeap 'non-profiled nmethods': size=120000Kb used=920Kb max_used=920Kb free=119079Kb
 bounds [0x00000299f1280000, 0x00000299f14f0000, 0x00000299f87b0000]
CodeHeap 'profiled nmethods': size=120000Kb used=4123Kb max_used=4123Kb free=115876Kb
 bounds [0x00000299e9d50000, 0x00000299ea160000, 0x00000299f1280000]
CodeHeap 'non-nmethods': size=5760Kb used=1214Kb max_used=1235Kb free=4545Kb
 bounds [0x00000299e97b0000, 0x00000299e9a20000, 0x00000299e9d50000]
 total_blobs=2479 nmethods=1994 adapters=397
 compilation: enabled
              stopped_count=0, restarted_count=0
 full_count=0

Compilation events (20 events):
Event: 6.510 Thread 0x00000299801f7000 nmethod 1988 0x00000299ea145b90 code [0x00000299ea145dc0, 0x00000299ea146688]
Event: 6.510 Thread 0x00000299801f7000 1989       3       java.util.Collections$EmptySet::iterator (4 bytes)
Event: 6.510 Thread 0x00000299801f7000 nmethod 1989 0x00000299ea146810 code [0x00000299ea1469c0, 0x00000299ea146b18]
Event: 6.529 Thread 0x00000299801f7000 1991       3       java.util.concurrent.locks.ReentrantLock$NonfairSync::tryAcquire (6 bytes)
Event: 6.529 Thread 0x00000299801f7000 nmethod 1991 0x00000299ea146c10 code [0x00000299ea146dc0, 0x00000299ea146ee8]
Event: 6.534 Thread 0x00000299801f7000 1992       3       java.util.Collections$EmptyMap::entrySet (4 bytes)
Event: 6.534 Thread 0x00000299801f7000 nmethod 1992 0x00000299ea146f90 code [0x00000299ea147140, 0x00000299ea147298]
Event: 6.538 Thread 0x00000299801f7000 1994       3       java.lang.invoke.DirectMethodHandle::preparedLambdaForm (31 bytes)
Event: 6.538 Thread 0x00000299801f7000 nmethod 1994 0x00000299ea147390 code [0x00000299ea147580, 0x00000299ea1477a8]
Event: 6.540 Thread 0x00000299801f7000 1997       3       java.lang.Package::<init> (47 bytes)
Event: 6.540 Thread 0x00000299801f7000 nmethod 1997 0x00000299ea147910 code [0x00000299ea147b00, 0x00000299ea147f48]
Event: 6.548 Thread 0x00000299801f7000 1998       3       sun.reflect.annotation.AnnotationParser::toClass (32 bytes)
Event: 6.549 Thread 0x00000299801f7000 nmethod 1998 0x00000299ea148190 code [0x00000299ea1483e0, 0x00000299ea148ea8]
Event: 6.560 Thread 0x00000299801f7000 1999       3       jdk.internal.org.objectweb.asm.MethodWriter::visitMaxs (1144 bytes)
Event: 6.564 Thread 0x00000299801f7000 nmethod 1999 0x00000299ea149110 code [0x00000299ea149620, 0x00000299ea14bf48]
Event: 6.564 Thread 0x00000299801f7000 2000       3       jdk.internal.org.objectweb.asm.MethodWriter::visitEnd (1 bytes)
Event: 6.564 Thread 0x00000299801f7000 nmethod 2000 0x00000299ea14d890 code [0x00000299ea14da40, 0x00000299ea14db38]
Event: 6.564 Thread 0x00000299801f7000 2001       3       jdk.internal.org.objectweb.asm.MethodWriter::getSize (838 bytes)
Event: 6.568 Thread 0x00000299801f7000 nmethod 2001 0x00000299ea14dc10 code [0x00000299ea14e0c0, 0x00000299ea14ffa8]
Event: 6.568 Thread 0x00000299801f7000 2002       3       jdk.internal.org.objectweb.asm.MethodWriter::put (1602 bytes)

GC Heap History (6 events):
Event: 1.343 GC heap before
{Heap before GC invocations=0 (full 0):
 garbage-first heap   total 98304K, used 29696K [0x0000000080000000, 0x0000000100000000)
  region size 1024K, 24 young (24576K), 0 survivors (0K)
 Metaspace       used 10094K, capacity 10326K, committed 10624K, reserved 1058816K
  class space    used 1023K, capacity 1107K, committed 1152K, reserved 1048576K
}
Event: 1.353 GC heap after
{Heap after GC invocations=1 (full 0):
 garbage-first heap   total 98304K, used 9514K [0x0000000080000000, 0x0000000100000000)
  region size 1024K, 3 young (3072K), 3 survivors (3072K)
 Metaspace       used 10094K, capacity 10326K, committed 10624K, reserved 1058816K
  class space    used 1023K, capacity 1107K, committed 1152K, reserved 1048576K
}
Event: 3.450 GC heap before
{Heap before GC invocations=1 (full 0):
 garbage-first heap   total 98304K, used 59690K [0x0000000080000000, 0x0000000100000000)
  region size 1024K, 52 young (53248K), 3 survivors (3072K)
 Metaspace       used 13301K, capacity 13590K, committed 13696K, reserved 1060864K
  class space    used 1436K, capacity 1558K, committed 1664K, reserved 1048576K
}
Event: 3.464 GC heap after
{Heap after GC invocations=2 (full 0):
 garbage-first heap   total 98304K, used 14775K [0x0000000080000000, 0x0000000100000000)
  region size 1024K, 7 young (7168K), 7 survivors (7168K)
 Metaspace       used 13301K, capacity 13590K, committed 13696K, reserved 1060864K
  class space    used 1436K, capacity 1558K, committed 1664K, reserved 1048576K
}
Event: 6.422 GC heap before
{Heap before GC invocations=2 (full 0):
 garbage-first heap   total 98304K, used 57783K [0x0000000080000000, 0x0000000100000000)
  region size 1024K, 50 young (51200K), 7 survivors (7168K)
 Metaspace       used 20721K, capacity 21127K, committed 21296K, reserved 1069056K
  class space    used 2483K, capacity 2628K, committed 2688K, reserved 1048576K
}
Event: 6.435 GC heap after
{Heap after GC invocations=3 (full 0):
 garbage-first heap   total 98304K, used 17534K [0x0000000080000000, 0x0000000100000000)
  region size 1024K, 3 young (3072K), 3 survivors (3072K)
 Metaspace       used 20721K, capacity 21127K, committed 21296K, reserved 1069056K
  class space    used 2483K, capacity 2628K, committed 2688K, reserved 1048576K
}

Deoptimization events (20 events):
Event: 6.184 Thread 0x00000299815e0800 DEOPT PACKING pc=0x00000299f12fdf54 sp=0x000000cc01dfc200
Event: 6.184 Thread 0x00000299815e0800 DEOPT UNPACKING pc=0x00000299e97fa1af sp=0x000000cc01dfc198 mode 2
Event: 6.186 Thread 0x00000299815e0800 Uncommon trap: trap_request=0xffffff4d fr.pc=0x00000299f12f2d64 relative=0x00000000000005a4
Event: 6.186 Thread 0x00000299815e0800 Uncommon trap: reason=unstable_if action=reinterpret pc=0x00000299f12f2d64 method=java.io.File.getName()Ljava/lang/String; @ 16 c2
Event: 6.186 Thread 0x00000299815e0800 DEOPT PACKING pc=0x00000299f12f2d64 sp=0x000000cc01dfcc40
Event: 6.186 Thread 0x00000299815e0800 DEOPT UNPACKING pc=0x00000299e97fa1af sp=0x000000cc01dfcc10 mode 2
Event: 6.186 Thread 0x00000299815e0800 Uncommon trap: trap_request=0xffffff4d fr.pc=0x00000299f12f1bac relative=0x00000000000004ec
Event: 6.186 Thread 0x00000299815e0800 Uncommon trap: reason=unstable_if action=reinterpret pc=0x00000299f12f1bac method=java.lang.String.substring(I)Ljava/lang/String; @ 34 c2
Event: 6.186 Thread 0x00000299815e0800 DEOPT PACKING pc=0x00000299f12f1bac sp=0x000000cc01dfcbc0
Event: 6.186 Thread 0x00000299815e0800 DEOPT UNPACKING pc=0x00000299e97fa1af sp=0x000000cc01dfcb98 mode 2
Event: 6.209 Thread 0x00000299815e0800 DEOPT PACKING pc=0x00000299ea0c9868 sp=0x000000cc01df9ee0
Event: 6.209 Thread 0x00000299815e0800 DEOPT UNPACKING pc=0x00000299e97fa95e sp=0x000000cc01df93e8 mode 0
Event: 6.538 Thread 0x00000299815e0800 Uncommon trap: trap_request=0xffffff4d fr.pc=0x00000299f13548b0 relative=0x00000000000003b0
Event: 6.538 Thread 0x00000299815e0800 Uncommon trap: reason=unstable_if action=reinterpret pc=0x00000299f13548b0 method=jdk.internal.org.objectweb.asm.Type.getArgumentsAndReturnSizes(Ljava/lang/String;)I @ 88 c2
Event: 6.538 Thread 0x00000299815e0800 DEOPT PACKING pc=0x00000299f13548b0 sp=0x000000cc01df97c0
Event: 6.538 Thread 0x00000299815e0800 DEOPT UNPACKING pc=0x00000299e97fa1af sp=0x000000cc01df9748 mode 2
Event: 6.548 Thread 0x00000299815e0800 Uncommon trap: trap_request=0xffffffcc fr.pc=0x00000299f13646e4 relative=0x0000000000000324
Event: 6.548 Thread 0x00000299815e0800 Uncommon trap: reason=intrinsic_or_type_checked_inlining action=make_not_entrant pc=0x00000299f13646e4 method=java.util.Arrays.copyOf([Ljava/lang/Object;ILjava/lang/Class;)[Ljava/lang/Object; @ 35 c2
Event: 6.548 Thread 0x00000299815e0800 DEOPT PACKING pc=0x00000299f13646e4 sp=0x000000cc01dfb990
Event: 6.548 Thread 0x00000299815e0800 DEOPT UNPACKING pc=0x00000299e97fa1af sp=0x000000cc01dfb920 mode 2

Classes redefined (0 events):
No events

Internal exceptions (20 events):
Event: 0.871 Thread 0x00000299e104d000 Exception <a 'java/lang/NoClassDefFoundError'{0x000000008508a338}: org/slf4j/impl/StaticMarkerBinder> (0x000000008508a338) thrown at [./src/hotspot/share/classfile/systemDictionary.cpp, line 219]
Event: 0.988 Thread 0x00000299e104d000 Exception <a 'java/lang/NoSuchMethodError'{0x0000000084c0e128}: 'java.lang.Object java.lang.invoke.DirectMethodHandle$Holder.invokeVirtual(java.lang.Object, java.lang.Object, java.lang.Object, java.lang.Object, java.lang.Object, java.lang.Object, java.lang.Object)'> (0x0000000084c0e128) thrown at [./src/hotspot/share/interpreter/linkResolver.cpp, line 773]
Event: 0.995 Thread 0x00000299e104d000 Exception <a 'java/lang/NoSuchMethodError'{0x0000000084c22c60}: 'java.lang.Object java.lang.invoke.Invokers$Holder.invoker(java.lang.Object, java.lang.Object, java.lang.Object)'> (0x0000000084c22c60) thrown at [./src/hotspot/share/interpreter/linkResolver.cpp, line 773]
Event: 1.004 Thread 0x00000299e104d000 Exception <a 'java/lang/NoSuchMethodError'{0x0000000084c33cd8}: 'void java.lang.invoke.DelegatingMethodHandle$Holder.delegate(java.lang.Object, java.lang.Object, int, java.lang.Object)'> (0x0000000084c33cd8) thrown at [./src/hotspot/share/interpreter/linkResolver.cpp, line 773]
Event: 2.889 Thread 0x00000299e104d000 Exception <a 'java/security/PrivilegedActionException'{0x0000000083d10280}> (0x0000000083d10280) thrown at [./src/hotspot/share/prims/jvm.cpp, line 1306]
Event: 2.889 Thread 0x00000299e104d000 Exception <a 'java/security/PrivilegedActionException'{0x0000000083d107f8}> (0x0000000083d107f8) thrown at [./src/hotspot/share/prims/jvm.cpp, line 1306]
Event: 3.337 Thread 0x00000299e104d000 Exception <a 'java/lang/NoSuchMethodError'{0x0000000082c39f90}: 'java.lang.Object java.lang.invoke.DirectMethodHandle$Holder.invokeStaticInit(java.lang.Object, java.lang.Object, java.lang.Object)'> (0x0000000082c39f90) thrown at [./src/hotspot/share/interpreter/linkResolver.cpp, line 773]
Event: 3.720 Thread 0x00000299e104d000 Exception <a 'java/lang/NoSuchMethodError'{0x0000000085ad9180}: 'java.lang.Object java.lang.invoke.DirectMethodHandle$Holder.invokeStaticInit(java.lang.Object, int, int, int, int)'> (0x0000000085ad9180) thrown at [./src/hotspot/share/interpreter/linkResolver.cpp, line 773]
Event: 4.244 Thread 0x00000299e104d000 Exception <a 'java/lang/NoSuchMethodError'{0x0000000085afc7b0}: 'java.lang.Object java.lang.invoke.DirectMethodHandle$Holder.invokeStaticInit(java.lang.Object, java.lang.Object, int, int, int, int)'> (0x0000000085afc7b0) thrown at [./src/hotspot/share/interpreter/linkResolver.cpp, line 773]
Event: 5.472 Thread 0x00000299e104d000 Exception <a 'java/io/IOException'{0x00000000858d8780}> (0x00000000858d8780) thrown at [./src/hotspot/share/prims/jni.cpp, line 617]
Event: 5.711 Thread 0x00000299815e0800 Exception <a 'java/lang/NoSuchMethodError'{0x00000000851eb340}: 'long java.lang.invoke.DirectMethodHandle$Holder.invokeInterface(java.lang.Object, java.lang.Object)'> (0x00000000851eb340) thrown at [./src/hotspot/share/interpreter/linkResolver.cpp, line 773]
Event: 5.714 Thread 0x00000299815e0800 Exception <a 'java/lang/NoSuchMethodError'{0x00000000851f88f8}: 'void java.lang.invoke.DelegatingMethodHandle$Holder.reinvoke_L(java.lang.Object, java.lang.Object, java.lang.Object, java.lang.Object, java.lang.Object, java.lang.Object, java.lang.Object)'> (0x00000000851f88f8) thrown at [./src/hotspot/share/interpreter/linkResolver.cpp, line 773]
Event: 5.912 Thread 0x00000299815e0800 Exception <a 'java/lang/NoSuchMethodError'{0x000000008481dbb0}: 'void java.lang.invoke.DirectMethodHandle$Holder.invokeStaticInit(java.lang.Object)'> (0x000000008481dbb0) thrown at [./src/hotspot/share/interpreter/linkResolver.cpp, line 773]
Event: 5.952 Thread 0x00000299815e0800 Exception <a 'java/lang/NoSuchMethodError'{0x00000000848d91d0}: 'java.lang.Object java.lang.invoke.DirectMethodHandle$Holder.invokeStatic(java.lang.Object, java.lang.Object, java.lang.Object, int)'> (0x00000000848d91d0) thrown at [./src/hotspot/share/interpreter/linkResolver.cpp, line 773]
Event: 5.952 Thread 0x00000299815e0800 Exception <a 'java/lang/NoSuchMethodError'{0x00000000848dd398}: 'java.lang.Object java.lang.invoke.DirectMethodHandle$Holder.invokeSpecial(java.lang.Object, java.lang.Object, java.lang.Object, java.lang.Object, int)'> (0x00000000848dd398) thrown at [./src/hotspot/share/interpreter/linkResolver.cpp, line 773]
Event: 5.953 Thread 0x00000299815e0800 Exception <a 'java/lang/NoSuchMethodError'{0x00000000848e0d80}: 'java.lang.Object java.lang.invoke.Invokers$Holder.linkToTargetMethod(java.lang.Object, java.lang.Object, int, java.lang.Object)'> (0x00000000848e0d80) thrown at [./src/hotspot/share/interpreter/linkResolver.cpp, line 773]
Event: 6.230 Thread 0x00000299815e0800 Exception <a 'java/lang/NoSuchMethodError'{0x0000000083e0bd38}: 'java.lang.Object java.lang.invoke.Invokers$Holder.linkToTargetMethod(java.lang.Object, java.lang.Object, java.lang.Object, java.lang.Object, java.lang.Object, java.lang.Object)'> (0x0000000083e0bd38) thrown at [./src/hotspot/share/interpreter/linkResolver.cpp, line 773]
Event: 6.445 Thread 0x00000299815e0800 Exception <a 'java/lang/NoSuchMethodError'{0x0000000085f41848}: 'int java.lang.invoke.DirectMethodHandle$Holder.invokeSpecialIFC(java.lang.Object, java.lang.Object, java.lang.Object, java.lang.Object)'> (0x0000000085f41848) thrown at [./src/hotspot/share/interpreter/linkResolver.cpp, line 773]
Event: 6.452 Thread 0x00000299815e0800 Exception <a 'java/lang/NoSuchMethodError'{0x0000000085f4f800}: 'java.lang.Object java.lang.invoke.DirectMethodHandle$Holder.invokeInterface(java.lang.Object, java.lang.Object, java.lang.Object)'> (0x0000000085f4f800) thrown at [./src/hotspot/share/interpreter/linkResolver.cpp, line 773]
Event: 6.453 Thread 0x00000299815e0800 Exception <a 'java/lang/IncompatibleClassChangeError'{0x0000000085f52cd8}: Found class java.lang.Object, but interface was expected> (0x0000000085f52cd8) thrown at [./src/hotspot/share/interpreter/linkResolver.cpp, line 839]

Events (20 events):
Event: 6.565 loading class org/gradle/internal/Actions
Event: 6.565 loading class org/gradle/internal/Actions done
Event: 6.566 loading class org/gradle/internal/Actions$NullAction
Event: 6.566 loading class org/gradle/internal/Actions$NullAction done
Event: 6.566 loading class org/gradle/composite/internal/DefaultRootBuildState
Event: 6.566 loading class org/gradle/composite/internal/DefaultRootBuildState done
Event: 6.567 loading class org/gradle/composite/internal/AbstractCompositeParticipantBuildState
Event: 6.567 loading class org/gradle/composite/internal/AbstractCompositeParticipantBuildState done
Event: 6.568 loading class org/gradle/internal/build/AbstractBuildState
Event: 6.568 loading class org/gradle/internal/build/AbstractBuildState done
Event: 6.569 loading class org/gradle/api/artifacts/component/ProjectComponentIdentifier
Event: 6.569 loading class org/gradle/api/artifacts/component/ProjectComponentIdentifier done
Event: 6.570 loading class org/gradle/api/artifacts/component/ComponentIdentifier
Event: 6.570 loading class org/gradle/api/artifacts/component/ComponentIdentifier done
Event: 6.570 loading class org/gradle/internal/buildtree/BuildTreeWorkExecutor
Event: 6.570 loading class org/gradle/internal/buildtree/BuildTreeWorkExecutor done
Event: 6.571 loading class org/gradle/internal/buildtree/BuildTreeFinishExecutor
Event: 6.571 loading class org/gradle/internal/buildtree/BuildTreeFinishExecutor done
Event: 6.571 loading class org/gradle/internal/composite/IncludedBuildInternal
Event: 6.571 loading class org/gradle/internal/composite/IncludedBuildInternal done


Dynamic libraries:
0x00007ff64b560000 - 0x00007ff64b56d000 	C:\Program Files\Microsoft\jdk-11.0.18.10-hotspot\bin\java.exe
0x00007ffc52550000 - 0x00007ffc52766000 	C:\WINDOWS\SYSTEM32\ntdll.dll
0x00007ffc51650000 - 0x00007ffc51714000 	C:\WINDOWS\System32\KERNEL32.DLL
0x00007ffc4fc90000 - 0x00007ffc50036000 	C:\WINDOWS\System32\KERNELBASE.dll
0x00007ffc50180000 - 0x00007ffc50291000 	C:\WINDOWS\System32\ucrtbase.dll
0x00007ffc4ab90000 - 0x00007ffc4aba5000 	C:\Program Files\Microsoft\jdk-11.0.18.10-hotspot\bin\VCRUNTIME140.dll
0x00007ffc4ab70000 - 0x00007ffc4ab87000 	C:\Program Files\Microsoft\jdk-11.0.18.10-hotspot\bin\jli.dll
0x00007ffc51c70000 - 0x00007ffc51e1d000 	C:\WINDOWS\System32\USER32.dll
0x00007ffc4fa80000 - 0x00007ffc4faa6000 	C:\WINDOWS\System32\win32u.dll
0x00007ffc41a70000 - 0x00007ffc41d03000 	C:\WINDOWS\WinSxS\amd64_microsoft.windows.common-controls_6595b64144ccf1df_6.0.22621.3235_none_270f74e173860f98\COMCTL32.dll
0x00007ffc50680000 - 0x00007ffc506a9000 	C:\WINDOWS\System32\GDI32.dll
0x00007ffc4fb70000 - 0x00007ffc4fc88000 	C:\WINDOWS\System32\gdi32full.dll
0x00007ffc51720000 - 0x00007ffc517c7000 	C:\WINDOWS\System32\msvcrt.dll
0x00007ffc50040000 - 0x00007ffc500da000 	C:\WINDOWS\System32\msvcp_win.dll
0x00007ffc50cb0000 - 0x00007ffc50ce1000 	C:\WINDOWS\System32\IMM32.DLL
0x00007ffc2a520000 - 0x00007ffc2a5bb000 	C:\Program Files\Microsoft\jdk-11.0.18.10-hotspot\bin\msvcp140.dll
0x00007ffc16920000 - 0x00007ffc174b2000 	C:\Program Files\Microsoft\jdk-11.0.18.10-hotspot\bin\server\jvm.dll
0x00007ffc51e20000 - 0x00007ffc51ed2000 	C:\WINDOWS\System32\ADVAPI32.dll
0x00007ffc51bc0000 - 0x00007ffc51c68000 	C:\WINDOWS\System32\sechost.dll
0x00007ffc50150000 - 0x00007ffc50178000 	C:\WINDOWS\System32\bcrypt.dll
0x00007ffc517d0000 - 0x00007ffc518e5000 	C:\WINDOWS\System32\RPCRT4.dll
0x00007ffc50c40000 - 0x00007ffc50c48000 	C:\WINDOWS\System32\PSAPI.DLL
0x00007ffc4a8b0000 - 0x00007ffc4a8b9000 	C:\WINDOWS\SYSTEM32\WSOCK32.dll
0x00007ffc48f30000 - 0x00007ffc48f64000 	C:\WINDOWS\SYSTEM32\WINMM.dll
0x00007ffc47f40000 - 0x00007ffc47f4a000 	C:\WINDOWS\SYSTEM32\VERSION.dll
0x00007ffc502a0000 - 0x00007ffc50311000 	C:\WINDOWS\System32\WS2_32.dll
0x00007ffc4e940000 - 0x00007ffc4e958000 	C:\WINDOWS\SYSTEM32\kernel.appcore.dll
0x00007ffc4a0b0000 - 0x00007ffc4a0c0000 	C:\Program Files\Microsoft\jdk-11.0.18.10-hotspot\bin\verify.dll
0x00007ffc4d2d0000 - 0x00007ffc4d503000 	C:\WINDOWS\SYSTEM32\DBGHELP.DLL
0x00007ffc508b0000 - 0x00007ffc50c38000 	C:\WINDOWS\System32\combase.dll
0x00007ffc507d0000 - 0x00007ffc508a7000 	C:\WINDOWS\System32\OLEAUT32.dll
0x00007ffc31da0000 - 0x00007ffc31dd2000 	C:\WINDOWS\SYSTEM32\dbgcore.DLL
0x00007ffc4f890000 - 0x00007ffc4f90a000 	C:\WINDOWS\System32\bcryptPrimitives.dll
0x00007ffc40810000 - 0x00007ffc40838000 	C:\Program Files\Microsoft\jdk-11.0.18.10-hotspot\bin\java.dll
0x00007ffc47440000 - 0x00007ffc4744a000 	C:\Program Files\Microsoft\jdk-11.0.18.10-hotspot\bin\jimage.dll
0x00007ffc46570000 - 0x00007ffc46588000 	C:\Program Files\Microsoft\jdk-11.0.18.10-hotspot\bin\zip.dll
0x00007ffc50df0000 - 0x00007ffc5164d000 	C:\WINDOWS\System32\SHELL32.dll
0x00007ffc4d7f0000 - 0x00007ffc4e0e8000 	C:\WINDOWS\SYSTEM32\windows.storage.dll
0x00007ffc4d6b0000 - 0x00007ffc4d7ee000 	C:\WINDOWS\SYSTEM32\wintypes.dll
0x00007ffc50cf0000 - 0x00007ffc50de3000 	C:\WINDOWS\System32\SHCORE.dll
0x00007ffc50c50000 - 0x00007ffc50cae000 	C:\WINDOWS\System32\shlwapi.dll
0x00007ffc4f7c0000 - 0x00007ffc4f7e6000 	C:\WINDOWS\SYSTEM32\profapi.dll
0x00007ffc32e10000 - 0x00007ffc32e29000 	C:\Program Files\Microsoft\jdk-11.0.18.10-hotspot\bin\net.dll
0x00007ffc492e0000 - 0x00007ffc49417000 	C:\WINDOWS\SYSTEM32\WINHTTP.dll
0x00007ffc4ee40000 - 0x00007ffc4eea9000 	C:\WINDOWS\system32\mswsock.dll
0x00007ffc2f5f0000 - 0x00007ffc2f603000 	C:\Program Files\Microsoft\jdk-11.0.18.10-hotspot\bin\nio.dll
0x00007ffc2f470000 - 0x00007ffc2f497000 	C:\Users\ankit\.gradle\native\e1d6ef7f7dcc3fd88c89a11ec53ec762bb8ba0a96d01ffa2cd45eb1d1d8dd5c5\windows-amd64\native-platform.dll
0x00007ffc191b0000 - 0x00007ffc192f4000 	C:\Users\ankit\.gradle\native\0d407fdbe67a94daf76414ababcb853783967236a71b16ec16e742cd7a986fd3\windows-amd64\native-platform-file-events.dll
0x00007ffc40800000 - 0x00007ffc40809000 	C:\Program Files\Microsoft\jdk-11.0.18.10-hotspot\bin\management.dll
0x00007ffc33f20000 - 0x00007ffc33f2b000 	C:\Program Files\Microsoft\jdk-11.0.18.10-hotspot\bin\management_ext.dll
0x00007ffc4f0a0000 - 0x00007ffc4f0bb000 	C:\WINDOWS\SYSTEM32\CRYPTSP.dll
0x00007ffc4e8a0000 - 0x00007ffc4e8d5000 	C:\WINDOWS\system32\rsaenh.dll
0x00007ffc4ef30000 - 0x00007ffc4ef5c000 	C:\WINDOWS\SYSTEM32\USERENV.dll
0x00007ffc4f090000 - 0x00007ffc4f09c000 	C:\WINDOWS\SYSTEM32\CRYPTBASE.dll
0x00007ffc4e350000 - 0x00007ffc4e37d000 	C:\WINDOWS\SYSTEM32\IPHLPAPI.DLL
0x00007ffc51950000 - 0x00007ffc51959000 	C:\WINDOWS\System32\NSI.dll
0x00007ffc492c0000 - 0x00007ffc492d9000 	C:\WINDOWS\SYSTEM32\dhcpcsvc6.DLL
0x00007ffc492a0000 - 0x00007ffc492bf000 	C:\WINDOWS\SYSTEM32\dhcpcsvc.DLL
0x00007ffc4e3c0000 - 0x00007ffc4e4b9000 	C:\WINDOWS\SYSTEM32\DNSAPI.dll

dbghelp: loaded successfully - version: 4.0.5 - missing functions: none
symbol engine: initialized successfully - sym options: 0x614 - pdb path: .;C:\Program Files\Microsoft\jdk-11.0.18.10-hotspot\bin;C:\WINDOWS\SYSTEM32;C:\WINDOWS\WinSxS\amd64_microsoft.windows.common-controls_6595b64144ccf1df_6.0.22621.3235_none_270f74e173860f98;C:\Program Files\Microsoft\jdk-11.0.18.10-hotspot\bin\server;C:\Users\ankit\.gradle\native\e1d6ef7f7dcc3fd88c89a11ec53ec762bb8ba0a96d01ffa2cd45eb1d1d8dd5c5\windows-amd64;C:\Users\ankit\.gradle\native\0d407fdbe67a94daf76414ababcb853783967236a71b16ec16e742cd7a986fd3\windows-amd64

VM Arguments:
jvm_args: --add-opens=java.base/java.util=ALL-UNNAMED --add-opens=java.base/java.lang=ALL-UNNAMED --add-opens=java.base/java.lang.invoke=ALL-UNNAMED --add-opens=java.base/java.util=ALL-UNNAMED --add-opens=java.prefs/java.util.prefs=ALL-UNNAMED --add-opens=java.prefs/java.util.prefs=ALL-UNNAMED --add-opens=java.base/java.nio.charset=ALL-UNNAMED --add-opens=java.base/java.net=ALL-UNNAMED --add-opens=java.base/java.util.concurrent.atomic=ALL-UNNAMED -Xmx2048m -Dfile.encoding=windows-1252 -Duser.country=IN -Duser.language=en -Duser.variant 
java_command: org.gradle.launcher.daemon.bootstrap.GradleDaemon 7.5.1
java_class_path (initial): C:\Users\ankit\.gradle\wrapper\dists\gradle-7.5.1-all\1ehga6e77gqps5uk2kc5kf1vc\gradle-7.5.1\lib\gradle-launcher-7.5.1.jar
Launcher Type: SUN_STANDARD

[Global flags]
     intx CICompilerCount                          = 4                                         {product} {ergonomic}
     uint ConcGCThreads                            = 2                                         {product} {ergonomic}
     uint G1ConcRefinementThreads                  = 8                                         {product} {ergonomic}
   size_t G1HeapRegionSize                         = 1048576                                   {product} {ergonomic}
    uintx GCDrainStackTargetSize                   = 64                                        {product} {ergonomic}
   size_t InitialHeapSize                          = 100663296                                 {product} {ergonomic}
   size_t MarkStackSize                            = 4194304                                   {product} {ergonomic}
   size_t MaxHeapSize                              = 2147483648                                {product} {command line}
   size_t MaxNewSize                               = 1287651328                                {product} {ergonomic}
   size_t MinHeapDeltaBytes                        = 1048576                                   {product} {ergonomic}
    uintx NonNMethodCodeHeapSize                   = 5836300                                {pd product} {ergonomic}
    uintx NonProfiledCodeHeapSize                  = 122910970                              {pd product} {ergonomic}
    uintx ProfiledCodeHeapSize                     = 122910970                              {pd product} {ergonomic}
    uintx ReservedCodeCacheSize                    = 251658240                              {pd product} {ergonomic}
     bool SegmentedCodeCache                       = true                                      {product} {ergonomic}
     bool UseCompressedClassPointers               = true                                 {lp64_product} {ergonomic}
     bool UseCompressedOops                        = true                                 {lp64_product} {ergonomic}
     bool UseG1GC                                  = true                                      {product} {ergonomic}
     bool UseLargePagesIndividualAllocation        = false                                  {pd product} {ergonomic}

Logging:
Log output configuration:
 #0: stdout all=warning uptime,level,tags
 #1: stderr all=off uptime,level,tags

Environment Variables:
JAVA_HOME=C:\Program Files\Microsoft\jdk-11.0.18.10-hotspot\
CLASSPATH=C:\Users\ankit\Desktop\Desktop\S\p1\android\\gradle\wrapper\gradle-wrapper.jar
PATH=C:\Users\ankit\Desktop\Desktop\S\p1\android\node_modules\.bin;C:\Users\ankit\Desktop\Desktop\S\p1\node_modules\.bin;C:\Users\ankit\Desktop\Desktop\S\node_modules\.bin;C:\Users\ankit\Desktop\Desktop\node_modules\.bin;C:\Users\ankit\Desktop\node_modules\.bin;C:\Users\ankit\node_modules\.bin;C:\Users\node_modules\.bin;C:\node_modules\.bin;C:\Program Files\nodejs;C:\Users\ankit\Desktop\Desktop\S\p1\node_modules\.bin;C:\Users\ankit\Desktop\Desktop\S\p1\node_modules\.bin;C:\Users\ankit\Desktop\Desktop\S\node_modules\.bin;C:\Users\ankit\Desktop\Desktop\node_modules\.bin;C:\Users\ankit\Desktop\node_modules\.bin;C:\Users\ankit\node_modules\.bin;C:\Users\node_modules\.bin;C:\node_modules\.bin;C:\Program Files\nodejs\node_modules\npm\node_modules\@npmcli\run-script\lib\node-gyp-bin;C:\Users\ankit\Desktop\Desktop\S\p1\node_modules\.bin;C:\Users\ankit\Desktop\Desktop\S\node_modules\.bin;C:\Users\ankit\Desktop\Desktop\node_modules\.bin;C:\Users\ankit\Desktop\node_modules\.bin;C:\Users\ankit\node_modules\.bin;C:\Users\node_modules\.bin;C:\node_modules\.bin;C:\Program Files\nodejs;C:\Users\ankit\Desktop\Desktop\S\p1\node_modules\.bin;C:\Users\ankit\Desktop\Desktop\S\p1\node_modules\.bin;C:\Users\ankit\Desktop\Desktop\S\node_modules\.bin;C:\Users\ankit\Desktop\Desktop\node_modules\.bin;C:\Users\ankit\Desktop\node_modules\.bin;C:\Users\ankit\node_modules\.bin;C:\Users\node_modules\.bin;C:\node_modules\.bin;C:\Program Files\nodejs\node_modules\npm\node_modules\@npmcli\run-script\lib\node-gyp-bin;C:\Program Files\Eclipse Adoptium\jre-21.0.2.13-hotspot\bin;C:\Program Files (x86)\Common Files\Intel\Shared Libraries\redist\intel64\compiler;C:\Program Files\Common Files\Oracle\Java\javapath;C:\Program Files\Microsoft\jdk-11.0.18.10-hotspot\bin;C:\Windows\system32;C:\Windows;C:\Windows\System32\Wbem;C:\Windows\System32\WindowsPowerShell\v1.0\;C:\Windows\System32\OpenSSH\;C:\Program Files (x86)\NVIDIA Corporation\PhysX\Common;C:\Program Files\NVIDIA Corporation\NVIDIA NvDLISR;C:\WINDOWS\sy
USERNAME=ankit
LANG=en_US.UTF-8
OS=Windows_NT
PROCESSOR_IDENTIFIER=AMD64 Family 23 Model 24 Stepping 1, AuthenticAMD
TMP=C:\Users\ankit\AppData\Local\Temp
TEMP=C:\Users\ankit\AppData\Local\Temp



---------------  S Y S T E M  ---------------

OS: Windows 11 , 64 bit Build 22621 (10.0.22621.3235)
OS uptime: 0 days 0:04 hours

CPU:total 8 (initial active 8) (8 cores per cpu, 2 threads per core) family 23 model 24 stepping 1 microcode 0x0, cmov, cx8, fxsr, mmx, sse, sse2, sse3, ssse3, sse4.1, sse4.2, popcnt, avx, avx2, aes, clmul, mmxext, 3dnowpref, lzcnt, sse4a, ht, tsc, tscinvbit, tscinv, bmi1, bmi2, adx, sha, fma

Memory: 4k page, system-wide physical 6081M (113M free)
TotalPageFile size 11201M (AvailPageFile size 0M)
current process WorkingSet (physical memory assigned to process): 158M, peak: 158M
current process commit charge ("private bytes"): 223M, peak: 223M

vm_info: OpenJDK 64-Bit Server VM (11.0.18+10-LTS) for windows-amd64 JRE (11.0.18+10-LTS), built on Jan 18 2023 15:56:47 by "MicrosoftCorporation" with MS VC++ 15.9 (VS2017)

END.
